<?xml version="1.0" encoding="utf-8"?>
<coverage line-rate="0.9467" branch-rate="0.8957999999999999" version="1.9" timestamp="1786600985" lines-covered="1014" lines-valid="1071" branches-covered="86" branches-valid="96">
  <sources>
    <source>C:\ThinkSchool\ThinkSchool_Khushi_Jain\QuotesApi\</source>
  </sources>
  <packages>
    <package name="QuotesApi" line-rate="0.9467" branch-rate="0.8957999999999999" complexity="161">
      <classes>
        <class name="Program" filename="Program.cs" line-rate="1" branch-rate="1" complexity="5">
          <methods>
            <method name="&lt;&lt;Main&gt;$&gt;g__MapQuoteEndpoints|0_7" signature="(Microsoft.AspNetCore.Builder.WebApplication)" line-rate="1" branch-rate="1" complexity="1">
              <lines>
                <line number="182" hits="23" branch="False" />
                <line number="183" hits="23" branch="False" />
                <line number="185" hits="23" branch="False" />
                <line number="186" hits="23" branch="False" />
                <line number="187" hits="23" branch="False" />
                <line number="188" hits="23" branch="False" />
                <line number="189" hits="23" branch="False" />
                <line number="190" hits="2" branch="False" />
                <line number="191" hits="2" branch="False" />
                <line number="192" hits="2" branch="False" />
                <line number="193" hits="23" branch="False" />
                <line number="194" hits="2" branch="False" />
                <line number="195" hits="1" branch="False" />
                <line number="196" hits="1" branch="False" />
                <line number="197" hits="1" branch="False" />
                <line number="198" hits="1" branch="False" />
                <line number="199" hits="1" branch="False" />
                <line number="200" hits="1" branch="False" />
                <line number="201" hits="1" branch="False" />
                <line number="202" hits="1" branch="False" />
                <line number="203" hits="1" branch="False" />
                <line number="204" hits="23" branch="False" />
                <line number="205" hits="23" branch="False" />
                <line number="206" hits="1" branch="False" />
                <line number="207" hits="1" branch="False" />
                <line number="208" hits="1" branch="False" />
                <line number="209" hits="1" branch="False" />
                <line number="210" hits="23" branch="False" />
                <line number="211" hits="1" branch="False" />
                <line number="212" hits="1" branch="False" />
                <line number="213" hits="1" branch="False" />
                <line number="214" hits="1" branch="False" />
                <line number="215" hits="1" branch="False" />
                <line number="216" hits="1" branch="False" />
                <line number="217" hits="1" branch="False" />
                <line number="218" hits="25" branch="False" />
                <line number="220" hits="23" branch="False" />
                <line number="221" hits="23" branch="False" />
                <line number="222" hits="23" branch="False" />
                <line number="223" hits="23" branch="False" />
                <line number="224" hits="2" branch="False" />
                <line number="225" hits="2" branch="False" />
                <line number="226" hits="2" branch="False" />
                <line number="227" hits="2" branch="False" />
                <line number="228" hits="23" branch="False" />
                <line number="229" hits="2" branch="False" />
                <line number="230" hits="2" branch="False" />
                <line number="231" hits="2" branch="False" />
                <line number="232" hits="25" branch="False" />
                <line number="234" hits="23" branch="False" />
                <line number="235" hits="23" branch="False" />
                <line number="236" hits="23" branch="False" />
                <line number="237" hits="23" branch="False" />
                <line number="238" hits="23" branch="False" />
                <line number="239" hits="23" branch="False" />
                <line number="240" hits="7" branch="False" />
                <line number="241" hits="23" branch="False" />
                <line number="242" hits="23" branch="False" />
                <line number="243" hits="23" branch="False" />
                <line number="244" hits="7" branch="False" />
                <line number="245" hits="7" branch="False" />
                <line number="246" hits="7" branch="False" />
                <line number="247" hits="7" branch="False" />
                <line number="248" hits="7" branch="False" />
                <line number="249" hits="6" branch="False" />
                <line number="250" hits="1" branch="False" />
                <line number="251" hits="1" branch="False" />
                <line number="252" hits="1" branch="False" />
                <line number="253" hits="1" branch="False" />
                <line number="254" hits="1" branch="False" />
                <line number="255" hits="1" branch="False" />
                <line number="256" hits="23" branch="False" />
                <line number="257" hits="23" branch="False" />
                <line number="258" hits="6" branch="False" />
                <line number="259" hits="6" branch="False" />
                <line number="260" hits="6" branch="False" />
                <line number="261" hits="23" branch="False" />
                <line number="262" hits="6" branch="False" />
                <line number="263" hits="6" branch="False" />
                <line number="264" hits="6" branch="False" />
                <line number="265" hits="23" branch="False" />
                <line number="266" hits="6" branch="False" />
                <line number="267" hits="6" branch="False" />
                <line number="268" hits="6" branch="False" />
                <line number="269" hits="30" branch="False" />
                <line number="271" hits="23" branch="False" />
                <line number="272" hits="23" branch="False" />
                <line number="273" hits="23" branch="False" />
                <line number="274" hits="23" branch="False" />
                <line number="275" hits="23" branch="False" />
                <line number="276" hits="23" branch="False" />
                <line number="277" hits="23" branch="False" />
                <line number="278" hits="3" branch="False" />
                <line number="279" hits="3" branch="False" />
                <line number="280" hits="23" branch="False" />
                <line number="281" hits="3" branch="False" />
                <line number="282" hits="1" branch="False" />
                <line number="283" hits="1" branch="False" />
                <line number="284" hits="23" branch="False" />
                <line number="285" hits="23" branch="False" />
                <line number="286" hits="2" branch="False" />
                <line number="287" hits="2" branch="False" />
                <line number="288" hits="2" branch="False" />
                <line number="289" hits="2" branch="False" />
                <line number="290" hits="23" branch="False" />
                <line number="291" hits="2" branch="False" />
                <line number="292" hits="1" branch="False" />
                <line number="293" hits="1" branch="False" />
                <line number="294" hits="23" branch="False" />
                <line number="295" hits="23" branch="False" />
                <line number="296" hits="1" branch="False" />
                <line number="297" hits="23" branch="False" />
                <line number="298" hits="1" branch="False" />
                <line number="299" hits="1" branch="False" />
                <line number="300" hits="1" branch="False" />
                <line number="301" hits="23" branch="False" />
                <line number="302" hits="1" branch="False" />
                <line number="303" hits="26" branch="False" />
                <line number="304" hits="23" branch="False" />
              </lines>
            </method>
            <method name="&lt;&lt;Main&gt;$&gt;g__MapAuthEndpoints|0_8" signature="(Microsoft.AspNetCore.Builder.WebApplication)" line-rate="1" branch-rate="1" complexity="1">
              <lines>
                <line number="307" hits="23" branch="False" />
                <line number="308" hits="23" branch="False" />
                <line number="314" hits="23" branch="False" />
                <line number="315" hits="23" branch="False" />
                <line number="316" hits="23" branch="False" />
                <line number="317" hits="23" branch="False" />
                <line number="318" hits="23" branch="False" />
                <line number="319" hits="7" branch="False" />
                <line number="320" hits="7" branch="False" />
                <line number="321" hits="7" branch="False" />
                <line number="322" hits="7" branch="False" />
                <line number="323" hits="7" branch="False" />
                <line number="324" hits="7" branch="False" />
                <line number="325" hits="23" branch="False" />
                <line number="326" hits="7" branch="False" />
                <line number="327" hits="7" branch="False" />
                <line number="328" hits="7" branch="False" />
                <line number="329" hits="7" branch="False" />
                <line number="330" hits="2" branch="False" />
                <line number="331" hits="2" branch="False" />
                <line number="332" hits="23" branch="False" />
                <line number="333" hits="23" branch="False" />
                <line number="334" hits="5" branch="False" />
                <line number="335" hits="5" branch="False" />
                <line number="336" hits="23" branch="False" />
                <line number="337" hits="5" branch="False" />
                <line number="338" hits="5" branch="False" />
                <line number="339" hits="23" branch="False" />
                <line number="340" hits="5" branch="False" />
                <line number="341" hits="5" branch="False" />
                <line number="342" hits="5" branch="False" />
                <line number="343" hits="5" branch="False" />
                <line number="344" hits="5" branch="False" />
                <line number="345" hits="5" branch="False" />
                <line number="346" hits="5" branch="False" />
                <line number="347" hits="5" branch="False" />
                <line number="348" hits="5" branch="False" />
                <line number="349" hits="5" branch="False" />
                <line number="350" hits="5" branch="False" />
                <line number="351" hits="5" branch="False" />
                <line number="352" hits="23" branch="False" />
                <line number="353" hits="5" branch="False" />
                <line number="354" hits="23" branch="False" />
                <line number="355" hits="5" branch="False" />
                <line number="356" hits="23" branch="False" />
                <line number="357" hits="5" branch="False" />
                <line number="358" hits="5" branch="False" />
                <line number="359" hits="5" branch="False" />
                <line number="360" hits="5" branch="False" />
                <line number="361" hits="5" branch="False" />
                <line number="362" hits="5" branch="False" />
                <line number="363" hits="5" branch="False" />
                <line number="364" hits="30" branch="False" />
                <line number="370" hits="23" branch="False" />
                <line number="371" hits="23" branch="False" />
                <line number="372" hits="23" branch="False" />
                <line number="373" hits="23" branch="False" />
                <line number="374" hits="23" branch="False" />
                <line number="375" hits="23" branch="False" />
                <line number="376" hits="23" branch="False" />
                <line number="377" hits="6" branch="False" />
                <line number="378" hits="6" branch="False" />
                <line number="379" hits="6" branch="False" />
                <line number="380" hits="23" branch="False" />
                <line number="381" hits="6" branch="False" />
                <line number="382" hits="6" branch="False" />
                <line number="383" hits="6" branch="False" />
                <line number="384" hits="6" branch="False" />
                <line number="385" hits="6" branch="False" />
                <line number="386" hits="23" branch="False" />
                <line number="387" hits="23" branch="False" />
                <line number="388" hits="6" branch="False" />
                <line number="389" hits="1" branch="False" />
                <line number="390" hits="1" branch="False" />
                <line number="391" hits="23" branch="False" />
                <line number="392" hits="23" branch="False" />
                <line number="393" hits="5" branch="False" />
                <line number="394" hits="23" branch="False" />
                <line number="395" hits="23" branch="False" />
                <line number="396" hits="23" branch="False" />
                <line number="397" hits="23" branch="False" />
                <line number="398" hits="23" branch="False" />
                <line number="399" hits="5" branch="False" />
                <line number="400" hits="2" branch="False" />
                <line number="401" hits="2" branch="False" />
                <line number="402" hits="2" branch="False" />
                <line number="403" hits="2" branch="False" />
                <line number="404" hits="2" branch="False" />
                <line number="405" hits="23" branch="False" />
                <line number="406" hits="2" branch="False" />
                <line number="407" hits="2" branch="False" />
                <line number="408" hits="2" branch="False" />
                <line number="409" hits="2" branch="False" />
                <line number="410" hits="23" branch="False" />
                <line number="411" hits="12" branch="False" />
                <line number="412" hits="3" branch="False" />
                <line number="413" hits="3" branch="False" />
                <line number="414" hits="3" branch="False" />
                <line number="415" hits="3" branch="False" />
                <line number="416" hits="23" branch="False" />
                <line number="417" hits="2" branch="False" />
                <line number="418" hits="2" branch="False" />
                <line number="419" hits="23" branch="False" />
                <line number="420" hits="2" branch="False" />
                <line number="421" hits="23" branch="False" />
                <line number="422" hits="23" branch="False" />
                <line number="423" hits="23" branch="False" />
                <line number="424" hits="23" branch="False" />
                <line number="425" hits="23" branch="False" />
                <line number="426" hits="23" branch="False" />
                <line number="427" hits="3" branch="False" />
                <line number="428" hits="1" branch="False" />
                <line number="429" hits="1" branch="False" />
                <line number="430" hits="23" branch="False" />
                <line number="431" hits="23" branch="False" />
                <line number="432" hits="23" branch="False" />
                <line number="433" hits="23" branch="False" />
                <line number="434" hits="23" branch="False" />
                <line number="435" hits="23" branch="False" />
                <line number="436" hits="2" branch="False" />
                <line number="437" hits="2" branch="False" />
                <line number="438" hits="23" branch="False" />
                <line number="439" hits="2" branch="False" />
                <line number="440" hits="2" branch="False" />
                <line number="441" hits="23" branch="False" />
                <line number="442" hits="23" branch="False" />
                <line number="443" hits="2" branch="False" />
                <line number="444" hits="2" branch="False" />
                <line number="445" hits="23" branch="False" />
                <line number="446" hits="2" branch="False" />
                <line number="447" hits="2" branch="False" />
                <line number="448" hits="23" branch="False" />
                <line number="449" hits="23" branch="False" />
                <line number="450" hits="2" branch="False" />
                <line number="451" hits="2" branch="False" />
                <line number="452" hits="2" branch="False" />
                <line number="453" hits="2" branch="False" />
                <line number="454" hits="2" branch="False" />
                <line number="455" hits="2" branch="False" />
                <line number="456" hits="2" branch="False" />
                <line number="457" hits="2" branch="False" />
                <line number="458" hits="2" branch="False" />
                <line number="459" hits="2" branch="False" />
                <line number="460" hits="2" branch="False" />
                <line number="461" hits="2" branch="False" />
                <line number="462" hits="2" branch="False" />
                <line number="463" hits="2" branch="False" />
                <line number="464" hits="23" branch="False" />
                <line number="465" hits="2" branch="False" />
                <line number="466" hits="23" branch="False" />
                <line number="467" hits="23" branch="False" />
                <line number="468" hits="2" branch="False" />
                <line number="469" hits="2" branch="False" />
                <line number="470" hits="2" branch="False" />
                <line number="471" hits="2" branch="False" />
                <line number="472" hits="23" branch="False" />
                <line number="473" hits="2" branch="False" />
                <line number="474" hits="2" branch="False" />
                <line number="475" hits="23" branch="False" />
                <line number="476" hits="2" branch="False" />
                <line number="477" hits="2" branch="False" />
                <line number="478" hits="2" branch="False" />
                <line number="479" hits="2" branch="False" />
                <line number="480" hits="2" branch="False" />
                <line number="481" hits="2" branch="False" />
                <line number="482" hits="2" branch="False" />
                <line number="483" hits="29" branch="False" />
                <line number="489" hits="23" branch="False" />
                <line number="490" hits="23" branch="False" />
                <line number="491" hits="23" branch="False" />
                <line number="492" hits="23" branch="False" />
                <line number="493" hits="2" branch="False" />
                <line number="494" hits="2" branch="False" />
                <line number="495" hits="2" branch="False" />
                <line number="496" hits="23" branch="False" />
                <line number="497" hits="2" branch="False" />
                <line number="498" hits="2" branch="False" />
                <line number="499" hits="2" branch="False" />
                <line number="500" hits="2" branch="False" />
                <line number="501" hits="23" branch="False" />
                <line number="502" hits="23" branch="False" />
                <line number="503" hits="2" branch="False" />
                <line number="504" hits="1" branch="False" />
                <line number="505" hits="1" branch="False" />
                <line number="506" hits="23" branch="False" />
                <line number="507" hits="23" branch="False" />
                <line number="508" hits="1" branch="False" />
                <line number="509" hits="1" branch="False" />
                <line number="510" hits="23" branch="False" />
                <line number="511" hits="1" branch="False" />
                <line number="512" hits="1" branch="False" />
                <line number="513" hits="23" branch="False" />
                <line number="514" hits="1" branch="False" />
                <line number="515" hits="25" branch="False" />
                <line number="516" hits="23" branch="False" />
              </lines>
            </method>
            <method name="&lt;&lt;Main&gt;$&gt;g__CreateAccessToken|0_9" signature="(QuotesApi.Models.User,QuotesApi.Models.JwtSettings)" line-rate="1" branch-rate="1" complexity="1">
              <lines>
                <line number="525" hits="7" branch="False" />
                <line number="526" hits="7" branch="False" />
                <line number="527" hits="7" branch="False" />
                <line number="528" hits="7" branch="False" />
                <line number="529" hits="7" branch="False" />
                <line number="530" hits="7" branch="False" />
                <line number="531" hits="7" branch="False" />
                <line number="532" hits="7" branch="False" />
                <line number="533" hits="7" branch="False" />
                <line number="534" hits="7" branch="False" />
                <line number="535" hits="7" branch="False" />
                <line number="536" hits="7" branch="False" />
                <line number="537" hits="7" branch="False" />
                <line number="538" hits="7" branch="False" />
                <line number="539" hits="7" branch="False" />
                <line number="540" hits="7" branch="False" />
                <line number="541" hits="7" branch="False" />
                <line number="542" hits="7" branch="False" />
                <line number="543" hits="7" branch="False" />
                <line number="544" hits="7" branch="False" />
                <line number="545" hits="7" branch="False" />
                <line number="547" hits="7" branch="False" />
                <line number="548" hits="7" branch="False" />
                <line number="549" hits="7" branch="False" />
                <line number="550" hits="7" branch="False" />
                <line number="551" hits="7" branch="False" />
                <line number="552" hits="7" branch="False" />
                <line number="553" hits="7" branch="False" />
                <line number="554" hits="7" branch="False" />
                <line number="555" hits="7" branch="False" />
                <line number="556" hits="7" branch="False" />
                <line number="557" hits="7" branch="False" />
                <line number="558" hits="7" branch="False" />
                <line number="559" hits="7" branch="False" />
                <line number="561" hits="7" branch="False" />
                <line number="562" hits="7" branch="False" />
                <line number="563" hits="7" branch="False" />
              </lines>
            </method>
            <method name="&lt;&lt;Main&gt;$&gt;g__GenerateRefreshToken|0_10" signature="()" line-rate="1" branch-rate="1" complexity="1">
              <lines>
                <line number="570" hits="7" branch="False" />
                <line number="571" hits="7" branch="False" />
                <line number="572" hits="7" branch="False" />
                <line number="573" hits="7" branch="False" />
              </lines>
            </method>
            <method name="&lt;&lt;Main&gt;$&gt;g__HashRefreshToken|0_11" signature="(System.String)" line-rate="1" branch-rate="1" complexity="1">
              <lines>
                <line number="580" hits="15" branch="False" />
                <line number="581" hits="15" branch="False" />
                <line number="582" hits="15" branch="False" />
                <line number="584" hits="15" branch="False" />
                <line number="585" hits="15" branch="False" />
              </lines>
            </method>
          </methods>
          <lines>
            <line number="182" hits="23" branch="False" />
            <line number="183" hits="23" branch="False" />
            <line number="185" hits="23" branch="False" />
            <line number="186" hits="23" branch="False" />
            <line number="187" hits="23" branch="False" />
            <line number="188" hits="23" branch="False" />
            <line number="189" hits="23" branch="False" />
            <line number="190" hits="2" branch="False" />
            <line number="191" hits="2" branch="False" />
            <line number="192" hits="2" branch="False" />
            <line number="193" hits="23" branch="False" />
            <line number="194" hits="2" branch="False" />
            <line number="195" hits="1" branch="False" />
            <line number="196" hits="1" branch="False" />
            <line number="197" hits="1" branch="False" />
            <line number="198" hits="1" branch="False" />
            <line number="199" hits="1" branch="False" />
            <line number="200" hits="1" branch="False" />
            <line number="201" hits="1" branch="False" />
            <line number="202" hits="1" branch="False" />
            <line number="203" hits="1" branch="False" />
            <line number="204" hits="23" branch="False" />
            <line number="205" hits="23" branch="False" />
            <line number="206" hits="1" branch="False" />
            <line number="207" hits="1" branch="False" />
            <line number="208" hits="1" branch="False" />
            <line number="209" hits="1" branch="False" />
            <line number="210" hits="23" branch="False" />
            <line number="211" hits="1" branch="False" />
            <line number="212" hits="1" branch="False" />
            <line number="213" hits="1" branch="False" />
            <line number="214" hits="1" branch="False" />
            <line number="215" hits="1" branch="False" />
            <line number="216" hits="1" branch="False" />
            <line number="217" hits="1" branch="False" />
            <line number="218" hits="25" branch="False" />
            <line number="220" hits="23" branch="False" />
            <line number="221" hits="23" branch="False" />
            <line number="222" hits="23" branch="False" />
            <line number="223" hits="23" branch="False" />
            <line number="224" hits="2" branch="False" />
            <line number="225" hits="2" branch="False" />
            <line number="226" hits="2" branch="False" />
            <line number="227" hits="2" branch="False" />
            <line number="228" hits="23" branch="False" />
            <line number="229" hits="2" branch="False" />
            <line number="230" hits="2" branch="False" />
            <line number="231" hits="2" branch="False" />
            <line number="232" hits="25" branch="False" />
            <line number="234" hits="23" branch="False" />
            <line number="235" hits="23" branch="False" />
            <line number="236" hits="23" branch="False" />
            <line number="237" hits="23" branch="False" />
            <line number="238" hits="23" branch="False" />
            <line number="239" hits="23" branch="False" />
            <line number="240" hits="7" branch="False" />
            <line number="241" hits="23" branch="False" />
            <line number="242" hits="23" branch="False" />
            <line number="243" hits="23" branch="False" />
            <line number="244" hits="7" branch="False" />
            <line number="245" hits="7" branch="False" />
            <line number="246" hits="7" branch="False" />
            <line number="247" hits="7" branch="False" />
            <line number="248" hits="7" branch="False" />
            <line number="249" hits="6" branch="False" />
            <line number="250" hits="1" branch="False" />
            <line number="251" hits="1" branch="False" />
            <line number="252" hits="1" branch="False" />
            <line number="253" hits="1" branch="False" />
            <line number="254" hits="1" branch="False" />
            <line number="255" hits="1" branch="False" />
            <line number="256" hits="23" branch="False" />
            <line number="257" hits="23" branch="False" />
            <line number="258" hits="6" branch="False" />
            <line number="259" hits="6" branch="False" />
            <line number="260" hits="6" branch="False" />
            <line number="261" hits="23" branch="False" />
            <line number="262" hits="6" branch="False" />
            <line number="263" hits="6" branch="False" />
            <line number="264" hits="6" branch="False" />
            <line number="265" hits="23" branch="False" />
            <line number="266" hits="6" branch="False" />
            <line number="267" hits="6" branch="False" />
            <line number="268" hits="6" branch="False" />
            <line number="269" hits="30" branch="False" />
            <line number="271" hits="23" branch="False" />
            <line number="272" hits="23" branch="False" />
            <line number="273" hits="23" branch="False" />
            <line number="274" hits="23" branch="False" />
            <line number="275" hits="23" branch="False" />
            <line number="276" hits="23" branch="False" />
            <line number="277" hits="23" branch="False" />
            <line number="278" hits="3" branch="False" />
            <line number="279" hits="3" branch="False" />
            <line number="280" hits="23" branch="False" />
            <line number="281" hits="3" branch="False" />
            <line number="282" hits="1" branch="False" />
            <line number="283" hits="1" branch="False" />
            <line number="284" hits="23" branch="False" />
            <line number="285" hits="23" branch="False" />
            <line number="286" hits="2" branch="False" />
            <line number="287" hits="2" branch="False" />
            <line number="288" hits="2" branch="False" />
            <line number="289" hits="2" branch="False" />
            <line number="290" hits="23" branch="False" />
            <line number="291" hits="2" branch="False" />
            <line number="292" hits="1" branch="False" />
            <line number="293" hits="1" branch="False" />
            <line number="294" hits="23" branch="False" />
            <line number="295" hits="23" branch="False" />
            <line number="296" hits="1" branch="False" />
            <line number="297" hits="23" branch="False" />
            <line number="298" hits="1" branch="False" />
            <line number="299" hits="1" branch="False" />
            <line number="300" hits="1" branch="False" />
            <line number="301" hits="23" branch="False" />
            <line number="302" hits="1" branch="False" />
            <line number="303" hits="26" branch="False" />
            <line number="304" hits="23" branch="False" />
            <line number="307" hits="23" branch="False" />
            <line number="308" hits="23" branch="False" />
            <line number="314" hits="23" branch="False" />
            <line number="315" hits="23" branch="False" />
            <line number="316" hits="23" branch="False" />
            <line number="317" hits="23" branch="False" />
            <line number="318" hits="23" branch="False" />
            <line number="319" hits="7" branch="False" />
            <line number="320" hits="7" branch="False" />
            <line number="321" hits="7" branch="False" />
            <line number="322" hits="7" branch="False" />
            <line number="323" hits="7" branch="False" />
            <line number="324" hits="7" branch="False" />
            <line number="325" hits="23" branch="False" />
            <line number="326" hits="7" branch="False" />
            <line number="327" hits="7" branch="False" />
            <line number="328" hits="7" branch="False" />
            <line number="329" hits="7" branch="False" />
            <line number="330" hits="2" branch="False" />
            <line number="331" hits="2" branch="False" />
            <line number="332" hits="23" branch="False" />
            <line number="333" hits="23" branch="False" />
            <line number="334" hits="5" branch="False" />
            <line number="335" hits="5" branch="False" />
            <line number="336" hits="23" branch="False" />
            <line number="337" hits="5" branch="False" />
            <line number="338" hits="5" branch="False" />
            <line number="339" hits="23" branch="False" />
            <line number="340" hits="5" branch="False" />
            <line number="341" hits="5" branch="False" />
            <line number="342" hits="5" branch="False" />
            <line number="343" hits="5" branch="False" />
            <line number="344" hits="5" branch="False" />
            <line number="345" hits="5" branch="False" />
            <line number="346" hits="5" branch="False" />
            <line number="347" hits="5" branch="False" />
            <line number="348" hits="5" branch="False" />
            <line number="349" hits="5" branch="False" />
            <line number="350" hits="5" branch="False" />
            <line number="351" hits="5" branch="False" />
            <line number="352" hits="23" branch="False" />
            <line number="353" hits="5" branch="False" />
            <line number="354" hits="23" branch="False" />
            <line number="355" hits="5" branch="False" />
            <line number="356" hits="23" branch="False" />
            <line number="357" hits="5" branch="False" />
            <line number="358" hits="5" branch="False" />
            <line number="359" hits="5" branch="False" />
            <line number="360" hits="5" branch="False" />
            <line number="361" hits="5" branch="False" />
            <line number="362" hits="5" branch="False" />
            <line number="363" hits="5" branch="False" />
            <line number="364" hits="30" branch="False" />
            <line number="370" hits="23" branch="False" />
            <line number="371" hits="23" branch="False" />
            <line number="372" hits="23" branch="False" />
            <line number="373" hits="23" branch="False" />
            <line number="374" hits="23" branch="False" />
            <line number="375" hits="23" branch="False" />
            <line number="376" hits="23" branch="False" />
            <line number="377" hits="6" branch="False" />
            <line number="378" hits="6" branch="False" />
            <line number="379" hits="6" branch="False" />
            <line number="380" hits="23" branch="False" />
            <line number="381" hits="6" branch="False" />
            <line number="382" hits="6" branch="False" />
            <line number="383" hits="6" branch="False" />
            <line number="384" hits="6" branch="False" />
            <line number="385" hits="6" branch="False" />
            <line number="386" hits="23" branch="False" />
            <line number="387" hits="23" branch="False" />
            <line number="388" hits="6" branch="False" />
            <line number="389" hits="1" branch="False" />
            <line number="390" hits="1" branch="False" />
            <line number="391" hits="23" branch="False" />
            <line number="392" hits="23" branch="False" />
            <line number="393" hits="5" branch="False" />
            <line number="394" hits="23" branch="False" />
            <line number="395" hits="23" branch="False" />
            <line number="396" hits="23" branch="False" />
            <line number="397" hits="23" branch="False" />
            <line number="398" hits="23" branch="False" />
            <line number="399" hits="5" branch="False" />
            <line number="400" hits="2" branch="False" />
            <line number="401" hits="2" branch="False" />
            <line number="402" hits="2" branch="False" />
            <line number="403" hits="2" branch="False" />
            <line number="404" hits="2" branch="False" />
            <line number="405" hits="23" branch="False" />
            <line number="406" hits="2" branch="False" />
            <line number="407" hits="2" branch="False" />
            <line number="408" hits="2" branch="False" />
            <line number="409" hits="2" branch="False" />
            <line number="410" hits="23" branch="False" />
            <line number="411" hits="12" branch="False" />
            <line number="412" hits="3" branch="False" />
            <line number="413" hits="3" branch="False" />
            <line number="414" hits="3" branch="False" />
            <line number="415" hits="3" branch="False" />
            <line number="416" hits="23" branch="False" />
            <line number="417" hits="2" branch="False" />
            <line number="418" hits="2" branch="False" />
            <line number="419" hits="23" branch="False" />
            <line number="420" hits="2" branch="False" />
            <line number="421" hits="23" branch="False" />
            <line number="422" hits="23" branch="False" />
            <line number="423" hits="23" branch="False" />
            <line number="424" hits="23" branch="False" />
            <line number="425" hits="23" branch="False" />
            <line number="426" hits="23" branch="False" />
            <line number="427" hits="3" branch="False" />
            <line number="428" hits="1" branch="False" />
            <line number="429" hits="1" branch="False" />
            <line number="430" hits="23" branch="False" />
            <line number="431" hits="23" branch="False" />
            <line number="432" hits="23" branch="False" />
            <line number="433" hits="23" branch="False" />
            <line number="434" hits="23" branch="False" />
            <line number="435" hits="23" branch="False" />
            <line number="436" hits="2" branch="False" />
            <line number="437" hits="2" branch="False" />
            <line number="438" hits="23" branch="False" />
            <line number="439" hits="2" branch="False" />
            <line number="440" hits="2" branch="False" />
            <line number="441" hits="23" branch="False" />
            <line number="442" hits="23" branch="False" />
            <line number="443" hits="2" branch="False" />
            <line number="444" hits="2" branch="False" />
            <line number="445" hits="23" branch="False" />
            <line number="446" hits="2" branch="False" />
            <line number="447" hits="2" branch="False" />
            <line number="448" hits="23" branch="False" />
            <line number="449" hits="23" branch="False" />
            <line number="450" hits="2" branch="False" />
            <line number="451" hits="2" branch="False" />
            <line number="452" hits="2" branch="False" />
            <line number="453" hits="2" branch="False" />
            <line number="454" hits="2" branch="False" />
            <line number="455" hits="2" branch="False" />
            <line number="456" hits="2" branch="False" />
            <line number="457" hits="2" branch="False" />
            <line number="458" hits="2" branch="False" />
            <line number="459" hits="2" branch="False" />
            <line number="460" hits="2" branch="False" />
            <line number="461" hits="2" branch="False" />
            <line number="462" hits="2" branch="False" />
            <line number="463" hits="2" branch="False" />
            <line number="464" hits="23" branch="False" />
            <line number="465" hits="2" branch="False" />
            <line number="466" hits="23" branch="False" />
            <line number="467" hits="23" branch="False" />
            <line number="468" hits="2" branch="False" />
            <line number="469" hits="2" branch="False" />
            <line number="470" hits="2" branch="False" />
            <line number="471" hits="2" branch="False" />
            <line number="472" hits="23" branch="False" />
            <line number="473" hits="2" branch="False" />
            <line number="474" hits="2" branch="False" />
            <line number="475" hits="23" branch="False" />
            <line number="476" hits="2" branch="False" />
            <line number="477" hits="2" branch="False" />
            <line number="478" hits="2" branch="False" />
            <line number="479" hits="2" branch="False" />
            <line number="480" hits="2" branch="False" />
            <line number="481" hits="2" branch="False" />
            <line number="482" hits="2" branch="False" />
            <line number="483" hits="29" branch="False" />
            <line number="489" hits="23" branch="False" />
            <line number="490" hits="23" branch="False" />
            <line number="491" hits="23" branch="False" />
            <line number="492" hits="23" branch="False" />
            <line number="493" hits="2" branch="False" />
            <line number="494" hits="2" branch="False" />
            <line number="495" hits="2" branch="False" />
            <line number="496" hits="23" branch="False" />
            <line number="497" hits="2" branch="False" />
            <line number="498" hits="2" branch="False" />
            <line number="499" hits="2" branch="False" />
            <line number="500" hits="2" branch="False" />
            <line number="501" hits="23" branch="False" />
            <line number="502" hits="23" branch="False" />
            <line number="503" hits="2" branch="False" />
            <line number="504" hits="1" branch="False" />
            <line number="505" hits="1" branch="False" />
            <line number="506" hits="23" branch="False" />
            <line number="507" hits="23" branch="False" />
            <line number="508" hits="1" branch="False" />
            <line number="509" hits="1" branch="False" />
            <line number="510" hits="23" branch="False" />
            <line number="511" hits="1" branch="False" />
            <line number="512" hits="1" branch="False" />
            <line number="513" hits="23" branch="False" />
            <line number="514" hits="1" branch="False" />
            <line number="515" hits="25" branch="False" />
            <line number="516" hits="23" branch="False" />
            <line number="525" hits="7" branch="False" />
            <line number="526" hits="7" branch="False" />
            <line number="527" hits="7" branch="False" />
            <line number="528" hits="7" branch="False" />
            <line number="529" hits="7" branch="False" />
            <line number="530" hits="7" branch="False" />
            <line number="531" hits="7" branch="False" />
            <line number="532" hits="7" branch="False" />
            <line number="533" hits="7" branch="False" />
            <line number="534" hits="7" branch="False" />
            <line number="535" hits="7" branch="False" />
            <line number="536" hits="7" branch="False" />
            <line number="537" hits="7" branch="False" />
            <line number="538" hits="7" branch="False" />
            <line number="539" hits="7" branch="False" />
            <line number="540" hits="7" branch="False" />
            <line number="541" hits="7" branch="False" />
            <line number="542" hits="7" branch="False" />
            <line number="543" hits="7" branch="False" />
            <line number="544" hits="7" branch="False" />
            <line number="545" hits="7" branch="False" />
            <line number="547" hits="7" branch="False" />
            <line number="548" hits="7" branch="False" />
            <line number="549" hits="7" branch="False" />
            <line number="550" hits="7" branch="False" />
            <line number="551" hits="7" branch="False" />
            <line number="552" hits="7" branch="False" />
            <line number="553" hits="7" branch="False" />
            <line number="554" hits="7" branch="False" />
            <line number="555" hits="7" branch="False" />
            <line number="556" hits="7" branch="False" />
            <line number="557" hits="7" branch="False" />
            <line number="558" hits="7" branch="False" />
            <line number="559" hits="7" branch="False" />
            <line number="561" hits="7" branch="False" />
            <line number="562" hits="7" branch="False" />
            <line number="563" hits="7" branch="False" />
            <line number="570" hits="7" branch="False" />
            <line number="571" hits="7" branch="False" />
            <line number="572" hits="7" branch="False" />
            <line number="573" hits="7" branch="False" />
            <line number="580" hits="15" branch="False" />
            <line number="581" hits="15" branch="False" />
            <line number="582" hits="15" branch="False" />
            <line number="584" hits="15" branch="False" />
            <line number="585" hits="15" branch="False" />
          </lines>
        </class>
        <class name="Program/&lt;&lt;Main&gt;$&gt;d__0" filename="Program.cs" line-rate="0.7625" branch-rate="0.6666" complexity="24">
          <methods>
            <method name="MoveNext" signature="()" line-rate="0.7625" branch-rate="0.6666" complexity="24">
              <lines>
                <line number="17" hits="23" branch="False" />
                <line number="19" hits="23" branch="False" />
                <line number="21" hits="23" branch="True" condition-coverage="50% (1/2)">
                  <conditions>
                    <condition number="96" type="jump" coverage="50%" />
                  </conditions>
                </line>
                <line number="22" hits="23" branch="False" />
                <line number="23" hits="23" branch="False" />
                <line number="24" hits="23" branch="False" />
                <line number="26" hits="23" branch="False" />
                <line number="28" hits="23" branch="True" condition-coverage="50% (1/2)">
                  <conditions>
                    <condition number="171" type="jump" coverage="50%" />
                  </conditions>
                </line>
                <line number="29" hits="0" branch="False" />
                <line number="30" hits="0" branch="False" />
                <line number="31" hits="0" branch="False" />
                <line number="34" hits="23" branch="True" condition-coverage="50% (1/2)">
                  <conditions>
                    <condition number="218" type="jump" coverage="50%" />
                  </conditions>
                </line>
                <line number="35" hits="23" branch="False" />
                <line number="36" hits="23" branch="False" />
                <line number="37" hits="23" branch="False" />
                <line number="39" hits="23" branch="True" condition-coverage="50% (3/6)">
                  <conditions>
                    <condition number="258" type="jump" coverage="50%" />
                    <condition number="281" type="jump" coverage="50%" />
                    <condition number="309" type="jump" coverage="50%" />
                  </conditions>
                </line>
                <line number="40" hits="23" branch="False" />
                <line number="41" hits="23" branch="False" />
                <line number="42" hits="0" branch="False" />
                <line number="43" hits="0" branch="False" />
                <line number="44" hits="0" branch="False" />
                <line number="45" hits="0" branch="False" />
                <line number="48" hits="23" branch="False" />
                <line number="50" hits="23" branch="False" />
                <line number="51" hits="23" branch="False" />
                <line number="52" hits="23" branch="False" />
                <line number="53" hits="23" branch="False" />
                <line number="54" hits="23" branch="False" />
                <line number="55" hits="23" branch="False" />
                <line number="56" hits="23" branch="False" />
                <line number="57" hits="22" branch="False" />
                <line number="58" hits="22" branch="False" />
                <line number="59" hits="22" branch="False" />
                <line number="60" hits="22" branch="False" />
                <line number="61" hits="22" branch="False" />
                <line number="62" hits="22" branch="False" />
                <line number="63" hits="22" branch="False" />
                <line number="64" hits="22" branch="False" />
                <line number="65" hits="22" branch="False" />
                <line number="66" hits="22" branch="False" />
                <line number="67" hits="22" branch="False" />
                <line number="68" hits="22" branch="False" />
                <line number="69" hits="22" branch="False" />
                <line number="70" hits="22" branch="False" />
                <line number="71" hits="22" branch="False" />
                <line number="72" hits="22" branch="False" />
                <line number="73" hits="23" branch="False" />
                <line number="74" hits="0" branch="False" />
                <line number="75" hits="23" branch="False" />
                <line number="76" hits="23" branch="False" />
                <line number="77" hits="23" branch="False" />
                <line number="78" hits="0" branch="False" />
                <line number="79" hits="23" branch="False" />
                <line number="80" hits="0" branch="False" />
                <line number="81" hits="0" branch="False" />
                <line number="82" hits="0" branch="False" />
                <line number="83" hits="0" branch="False" />
                <line number="84" hits="0" branch="False" />
                <line number="85" hits="0" branch="False" />
                <line number="86" hits="0" branch="False" />
                <line number="87" hits="0" branch="False" />
                <line number="88" hits="0" branch="False" />
                <line number="89" hits="0" branch="False" />
                <line number="90" hits="0" branch="False" />
                <line number="91" hits="0" branch="False" />
                <line number="92" hits="23" branch="False" />
                <line number="93" hits="22" branch="False" />
                <line number="94" hits="23" branch="False" />
                <line number="95" hits="23" branch="False" />
                <line number="96" hits="23" branch="False" />
                <line number="97" hits="23" branch="False" />
                <line number="98" hits="22" branch="False" />
                <line number="99" hits="60" branch="False" />
                <line number="100" hits="45" branch="False" />
                <line number="102" hits="23" branch="False" />
                <line number="103" hits="23" branch="False" />
                <line number="104" hits="23" branch="False" />
                <line number="105" hits="46" branch="False" />
                <line number="106" hits="14" branch="False" />
                <line number="107" hits="14" branch="True" condition-coverage="83.33% (5/6)">
                  <conditions>
                    <condition number="18" type="jump" coverage="100%" />
                    <condition number="30" type="jump" coverage="100%" />
                    <condition number="50" type="jump" coverage="50%" />
                  </conditions>
                </line>
                <line number="108" hits="14" branch="False" />
                <line number="109" hits="14" branch="False" />
                <line number="110" hits="46" branch="False" />
                <line number="111" hits="14" branch="True" condition-coverage="100% (2/2)">
                  <conditions>
                    <condition number="63" type="jump" coverage="100%" />
                  </conditions>
                </line>
                <line number="112" hits="14" branch="False" />
                <line number="113" hits="14" branch="False" />
                <line number="114" hits="60" branch="False" />
                <line number="115" hits="46" branch="False" />
                <line number="117" hits="23" branch="False" />
                <line number="118" hits="23" branch="False" />
                <line number="119" hits="23" branch="False" />
                <line number="120" hits="23" branch="False" />
                <line number="122" hits="23" branch="True" condition-coverage="50% (1/2)">
                  <conditions>
                    <condition number="668" type="jump" coverage="50%" />
                  </conditions>
                </line>
                <line number="123" hits="23" branch="False" />
                <line number="124" hits="23" branch="False" />
                <line number="126" hits="23" branch="False" />
                <line number="127" hits="76" branch="False" />
                <line number="129" hits="23" branch="False" />
                <line number="131" hits="23" branch="False" />
                <line number="133" hits="23" branch="False" />
                <line number="134" hits="23" branch="False" />
                <line number="135" hits="23" branch="False" />
                <line number="136" hits="0" branch="False" />
                <line number="137" hits="0" branch="False" />
                <line number="138" hits="0" branch="False" />
                <line number="139" hits="23" branch="False" />
                <line number="140" hits="0" branch="False" />
                <line number="141" hits="0" branch="False" />
                <line number="142" hits="0" branch="False" />
                <line number="143" hits="0" branch="False" />
                <line number="144" hits="0" branch="False" />
                <line number="145" hits="23" branch="False" />
                <line number="146" hits="0" branch="False" />
                <line number="147" hits="0" branch="False" />
                <line number="148" hits="0" branch="False" />
                <line number="149" hits="0" branch="False" />
                <line number="150" hits="23" branch="False" />
                <line number="151" hits="46" branch="False" />
                <line number="153" hits="23" branch="False" />
                <line number="154" hits="23" branch="False" />
                <line number="155" hits="23" branch="False" />
                <line number="156" hits="23" branch="False" />
                <line number="158" hits="23" branch="False" />
                <line number="160" hits="23" branch="True" condition-coverage="100% (2/2)">
                  <conditions>
                    <condition number="1127" type="jump" coverage="100%" />
                  </conditions>
                </line>
                <line number="161" hits="23" branch="False" />
                <line number="162" hits="23" branch="False" />
                <line number="163" hits="23" branch="False" />
                <line number="164" hits="23" branch="False" />
                <line number="165" hits="23" branch="False" />
                <line number="166" hits="23" branch="False" />
                <line number="167" hits="23" branch="False" />
                <line number="169" hits="23" branch="False" />
                <line number="170" hits="23" branch="False" />
                <line number="171" hits="23" branch="False" />
                <line number="173" hits="23" branch="False" />
                <line number="174" hits="23" branch="False" />
                <line number="176" hits="23" branch="False" />
                <line number="177" hits="23" branch="False" />
                <line number="179" hits="23" branch="False" />
              </lines>
            </method>
          </methods>
          <lines>
            <line number="17" hits="23" branch="False" />
            <line number="19" hits="23" branch="False" />
            <line number="21" hits="23" branch="True" condition-coverage="50% (1/2)">
              <conditions>
                <condition number="96" type="jump" coverage="50%" />
              </conditions>
            </line>
            <line number="22" hits="23" branch="False" />
            <line number="23" hits="23" branch="False" />
            <line number="24" hits="23" branch="False" />
            <line number="26" hits="23" branch="False" />
            <line number="28" hits="23" branch="True" condition-coverage="50% (1/2)">
              <conditions>
                <condition number="171" type="jump" coverage="50%" />
              </conditions>
            </line>
            <line number="29" hits="0" branch="False" />
            <line number="30" hits="0" branch="False" />
            <line number="31" hits="0" branch="False" />
            <line number="34" hits="23" branch="True" condition-coverage="50% (1/2)">
              <conditions>
                <condition number="218" type="jump" coverage="50%" />
              </conditions>
            </line>
            <line number="35" hits="23" branch="False" />
            <line number="36" hits="23" branch="False" />
            <line number="37" hits="23" branch="False" />
            <line number="39" hits="23" branch="True" condition-coverage="50% (3/6)">
              <conditions>
                <condition number="258" type="jump" coverage="50%" />
                <condition number="281" type="jump" coverage="50%" />
                <condition number="309" type="jump" coverage="50%" />
              </conditions>
            </line>
            <line number="40" hits="23" branch="False" />
            <line number="41" hits="23" branch="False" />
            <line number="42" hits="0" branch="False" />
            <line number="43" hits="0" branch="False" />
            <line number="44" hits="0" branch="False" />
            <line number="45" hits="0" branch="False" />
            <line number="48" hits="23" branch="False" />
            <line number="50" hits="23" branch="False" />
            <line number="51" hits="23" branch="False" />
            <line number="52" hits="23" branch="False" />
            <line number="53" hits="23" branch="False" />
            <line number="54" hits="23" branch="False" />
            <line number="55" hits="23" branch="False" />
            <line number="56" hits="23" branch="False" />
            <line number="57" hits="22" branch="False" />
            <line number="58" hits="22" branch="False" />
            <line number="59" hits="22" branch="False" />
            <line number="60" hits="22" branch="False" />
            <line number="61" hits="22" branch="False" />
            <line number="62" hits="22" branch="False" />
            <line number="63" hits="22" branch="False" />
            <line number="64" hits="22" branch="False" />
            <line number="65" hits="22" branch="False" />
            <line number="66" hits="22" branch="False" />
            <line number="67" hits="22" branch="False" />
            <line number="68" hits="22" branch="False" />
            <line number="69" hits="22" branch="False" />
            <line number="70" hits="22" branch="False" />
            <line number="71" hits="22" branch="False" />
            <line number="72" hits="22" branch="False" />
            <line number="73" hits="23" branch="False" />
            <line number="74" hits="0" branch="False" />
            <line number="75" hits="23" branch="False" />
            <line number="76" hits="23" branch="False" />
            <line number="77" hits="23" branch="False" />
            <line number="78" hits="0" branch="False" />
            <line number="79" hits="23" branch="False" />
            <line number="80" hits="0" branch="False" />
            <line number="81" hits="0" branch="False" />
            <line number="82" hits="0" branch="False" />
            <line number="83" hits="0" branch="False" />
            <line number="84" hits="0" branch="False" />
            <line number="85" hits="0" branch="False" />
            <line number="86" hits="0" branch="False" />
            <line number="87" hits="0" branch="False" />
            <line number="88" hits="0" branch="False" />
            <line number="89" hits="0" branch="False" />
            <line number="90" hits="0" branch="False" />
            <line number="91" hits="0" branch="False" />
            <line number="92" hits="23" branch="False" />
            <line number="93" hits="22" branch="False" />
            <line number="94" hits="23" branch="False" />
            <line number="95" hits="23" branch="False" />
            <line number="96" hits="23" branch="False" />
            <line number="97" hits="23" branch="False" />
            <line number="98" hits="22" branch="False" />
            <line number="99" hits="60" branch="False" />
            <line number="100" hits="45" branch="False" />
            <line number="102" hits="23" branch="False" />
            <line number="103" hits="23" branch="False" />
            <line number="104" hits="23" branch="False" />
            <line number="105" hits="46" branch="False" />
            <line number="106" hits="14" branch="False" />
            <line number="107" hits="14" branch="True" condition-coverage="83.33% (5/6)">
              <conditions>
                <condition number="18" type="jump" coverage="100%" />
                <condition number="30" type="jump" coverage="100%" />
                <condition number="50" type="jump" coverage="50%" />
              </conditions>
            </line>
            <line number="108" hits="14" branch="False" />
            <line number="109" hits="14" branch="False" />
            <line number="110" hits="46" branch="False" />
            <line number="111" hits="14" branch="True" condition-coverage="100% (2/2)">
              <conditions>
                <condition number="63" type="jump" coverage="100%" />
              </conditions>
            </line>
            <line number="112" hits="14" branch="False" />
            <line number="113" hits="14" branch="False" />
            <line number="114" hits="60" branch="False" />
            <line number="115" hits="46" branch="False" />
            <line number="117" hits="23" branch="False" />
            <line number="118" hits="23" branch="False" />
            <line number="119" hits="23" branch="False" />
            <line number="120" hits="23" branch="False" />
            <line number="122" hits="23" branch="True" condition-coverage="50% (1/2)">
              <conditions>
                <condition number="668" type="jump" coverage="50%" />
              </conditions>
            </line>
            <line number="123" hits="23" branch="False" />
            <line number="124" hits="23" branch="False" />
            <line number="126" hits="23" branch="False" />
            <line number="127" hits="76" branch="False" />
            <line number="129" hits="23" branch="False" />
            <line number="131" hits="23" branch="False" />
            <line number="133" hits="23" branch="False" />
            <line number="134" hits="23" branch="False" />
            <line number="135" hits="23" branch="False" />
            <line number="136" hits="0" branch="False" />
            <line number="137" hits="0" branch="False" />
            <line number="138" hits="0" branch="False" />
            <line number="139" hits="23" branch="False" />
            <line number="140" hits="0" branch="False" />
            <line number="141" hits="0" branch="False" />
            <line number="142" hits="0" branch="False" />
            <line number="143" hits="0" branch="False" />
            <line number="144" hits="0" branch="False" />
            <line number="145" hits="23" branch="False" />
            <line number="146" hits="0" branch="False" />
            <line number="147" hits="0" branch="False" />
            <line number="148" hits="0" branch="False" />
            <line number="149" hits="0" branch="False" />
            <line number="150" hits="23" branch="False" />
            <line number="151" hits="46" branch="False" />
            <line number="153" hits="23" branch="False" />
            <line number="154" hits="23" branch="False" />
            <line number="155" hits="23" branch="False" />
            <line number="156" hits="23" branch="False" />
            <line number="158" hits="23" branch="False" />
            <line number="160" hits="23" branch="True" condition-coverage="100% (2/2)">
              <conditions>
                <condition number="1127" type="jump" coverage="100%" />
              </conditions>
            </line>
            <line number="161" hits="23" branch="False" />
            <line number="162" hits="23" branch="False" />
            <line number="163" hits="23" branch="False" />
            <line number="164" hits="23" branch="False" />
            <line number="165" hits="23" branch="False" />
            <line number="166" hits="23" branch="False" />
            <line number="167" hits="23" branch="False" />
            <line number="169" hits="23" branch="False" />
            <line number="170" hits="23" branch="False" />
            <line number="171" hits="23" branch="False" />
            <line number="173" hits="23" branch="False" />
            <line number="174" hits="23" branch="False" />
            <line number="176" hits="23" branch="False" />
            <line number="177" hits="23" branch="False" />
            <line number="179" hits="23" branch="False" />
          </lines>
        </class>
        <class name="Program/&lt;&gt;c/&lt;&lt;&lt;Main&gt;$&gt;b__0_15&gt;d" filename="Program.cs" line-rate="1" branch-rate="0" complexity="2">
          <methods />
          <lines />
        </class>
        <class name="Program/&lt;&gt;c/&lt;&lt;&lt;Main&gt;$&gt;b__0_16&gt;d" filename="Program.cs" line-rate="1" branch-rate="1" complexity="8">
          <methods />
          <lines />
        </class>
        <class name="Program/&lt;&gt;c/&lt;&lt;&lt;Main&gt;$&gt;b__0_17&gt;d" filename="Program.cs" line-rate="1" branch-rate="1" complexity="2">
          <methods />
          <lines />
        </class>
        <class name="Program/&lt;&gt;c/&lt;&lt;&lt;Main&gt;$&gt;b__0_19&gt;d" filename="Program.cs" line-rate="1" branch-rate="1" complexity="4">
          <methods />
          <lines />
        </class>
        <class name="Program/&lt;&gt;c/&lt;&lt;&lt;Main&gt;$&gt;b__0_20&gt;d" filename="Program.cs" line-rate="1" branch-rate="1" complexity="4">
          <methods />
          <lines />
        </class>
        <class name="Program/&lt;&gt;c/&lt;&lt;&lt;Main&gt;$&gt;b__0_21&gt;d" filename="Program.cs" line-rate="1" branch-rate="1" complexity="10">
          <methods />
          <lines />
        </class>
        <class name="Program/&lt;&gt;c/&lt;&lt;&lt;Main&gt;$&gt;b__0_22&gt;d" filename="Program.cs" line-rate="1" branch-rate="1" complexity="4">
          <methods />
          <lines />
        </class>
        <class name="QuotesApi.Time.SystemClock" filename="Time\SystemClock.cs" line-rate="1" branch-rate="1" complexity="1">
          <methods>
            <method name="get_UtcNow" signature="()" line-rate="1" branch-rate="1" complexity="1">
              <lines>
                <line number="5" hits="1" branch="False" />
              </lines>
            </method>
          </methods>
          <lines>
            <line number="5" hits="1" branch="False" />
          </lines>
        </class>
        <class name="QuotesApi.Services.RefreshTokenEvaluator" filename="Services\RefreshTokenEvaluator.cs" line-rate="1" branch-rate="1" complexity="5">
          <methods>
            <method name="Evaluate" signature="(QuotesApi.Models.RefreshToken)" line-rate="1" branch-rate="1" complexity="4">
              <lines>
                <line number="21" hits="11" branch="False" />
                <line number="22" hits="11" branch="True" condition-coverage="100% (2/2)">
                  <conditions>
                    <condition number="23" type="jump" coverage="100%" />
                  </conditions>
                </line>
                <line number="23" hits="4" branch="False" />
                <line number="24" hits="4" branch="False" />
                <line number="27" hits="7" branch="True" condition-coverage="100% (2/2)">
                  <conditions>
                    <condition number="54" type="jump" coverage="100%" />
                  </conditions>
                </line>
                <line number="28" hits="3" branch="False" />
                <line number="29" hits="3" branch="False" />
                <line number="32" hits="4" branch="False" />
                <line number="33" hits="11" branch="False" />
              </lines>
            </method>
            <method name=".ctor" signature="(QuotesApi.Time.IClock)" line-rate="1" branch-rate="1" complexity="1">
              <lines>
                <line number="18" hits="11" branch="False" />
              </lines>
            </method>
          </methods>
          <lines>
            <line number="21" hits="11" branch="False" />
            <line number="22" hits="11" branch="True" condition-coverage="100% (2/2)">
              <conditions>
                <condition number="23" type="jump" coverage="100%" />
              </conditions>
            </line>
            <line number="23" hits="4" branch="False" />
            <line number="24" hits="4" branch="False" />
            <line number="27" hits="7" branch="True" condition-coverage="100% (2/2)">
              <conditions>
                <condition number="54" type="jump" coverage="100%" />
              </conditions>
            </line>
            <line number="28" hits="3" branch="False" />
            <line number="29" hits="3" branch="False" />
            <line number="32" hits="4" branch="False" />
            <line number="33" hits="11" branch="False" />
            <line number="18" hits="11" branch="False" />
          </lines>
        </class>
        <class name="QuotesApi.Repositories.QuoteRepository" filename="Repositories\QuoteRepository.cs" line-rate="1" branch-rate="1" complexity="2">
          <methods>
            <method name="GetByIdAsync" signature="(System.Int32,System.Threading.CancellationToken)" line-rate="1" branch-rate="1" complexity="1">
              <lines>
                <line number="32" hits="5" branch="False" />
                <line number="33" hits="5" branch="False" />
                <line number="34" hits="5" branch="False" />
                <line number="35" hits="5" branch="False" />
              </lines>
            </method>
            <method name=".ctor" signature="(QuotesApi.Data.QuotesDbContext)" line-rate="1" branch-rate="1" complexity="1">
              <lines>
                <line number="7" hits="15" branch="False" />
              </lines>
            </method>
          </methods>
          <lines>
            <line number="32" hits="5" branch="False" />
            <line number="33" hits="5" branch="False" />
            <line number="34" hits="5" branch="False" />
            <line number="35" hits="5" branch="False" />
            <line number="7" hits="15" branch="False" />
          </lines>
        </class>
        <class name="QuotesApi.Repositories.QuoteRepository/&lt;AddAsync&gt;d__4" filename="Repositories\QuoteRepository.cs" line-rate="1" branch-rate="1" complexity="1">
          <methods>
            <method name="MoveNext" signature="()" line-rate="1" branch-rate="1" complexity="1">
              <lines>
                <line number="40" hits="6" branch="False" />
                <line number="41" hits="6" branch="False" />
                <line number="42" hits="6" branch="False" />
                <line number="43" hits="6" branch="False" />
                <line number="44" hits="6" branch="False" />
              </lines>
            </method>
          </methods>
          <lines>
            <line number="40" hits="6" branch="False" />
            <line number="41" hits="6" branch="False" />
            <line number="42" hits="6" branch="False" />
            <line number="43" hits="6" branch="False" />
            <line number="44" hits="6" branch="False" />
          </lines>
        </class>
        <class name="QuotesApi.Repositories.QuoteRepository/&lt;DeleteAsync&gt;d__5" filename="Repositories\QuoteRepository.cs" line-rate="1" branch-rate="1" complexity="2">
          <methods>
            <method name="MoveNext" signature="()" line-rate="1" branch-rate="1" complexity="2">
              <lines>
                <line number="49" hits="2" branch="False" />
                <line number="50" hits="2" branch="False" />
                <line number="51" hits="2" branch="False" />
                <line number="52" hits="2" branch="False" />
                <line number="54" hits="2" branch="True" condition-coverage="100% (2/2)">
                  <conditions>
                    <condition number="377" type="jump" coverage="100%" />
                  </conditions>
                </line>
                <line number="55" hits="1" branch="False" />
                <line number="57" hits="1" branch="False" />
                <line number="58" hits="1" branch="False" />
                <line number="60" hits="1" branch="False" />
                <line number="61" hits="2" branch="False" />
              </lines>
            </method>
          </methods>
          <lines>
            <line number="49" hits="2" branch="False" />
            <line number="50" hits="2" branch="False" />
            <line number="51" hits="2" branch="False" />
            <line number="52" hits="2" branch="False" />
            <line number="54" hits="2" branch="True" condition-coverage="100% (2/2)">
              <conditions>
                <condition number="377" type="jump" coverage="100%" />
              </conditions>
            </line>
            <line number="55" hits="1" branch="False" />
            <line number="57" hits="1" branch="False" />
            <line number="58" hits="1" branch="False" />
            <line number="60" hits="1" branch="False" />
            <line number="61" hits="2" branch="False" />
          </lines>
        </class>
        <class name="QuotesApi.Repositories.QuoteRepository/&lt;GetPagedAsync&gt;d__2" filename="Repositories\QuoteRepository.cs" line-rate="1" branch-rate="1" complexity="1">
          <methods>
            <method name="MoveNext" signature="()" line-rate="1" branch-rate="1" complexity="1">
              <lines>
                <line number="13" hits="1" branch="False" />
                <line number="14" hits="1" branch="False" />
                <line number="15" hits="1" branch="False" />
                <line number="16" hits="1" branch="False" />
                <line number="17" hits="1" branch="False" />
                <line number="19" hits="1" branch="False" />
                <line number="21" hits="1" branch="False" />
                <line number="22" hits="1" branch="False" />
                <line number="23" hits="1" branch="False" />
                <line number="24" hits="1" branch="False" />
                <line number="26" hits="1" branch="False" />
                <line number="27" hits="1" branch="False" />
              </lines>
            </method>
          </methods>
          <lines>
            <line number="13" hits="1" branch="False" />
            <line number="14" hits="1" branch="False" />
            <line number="15" hits="1" branch="False" />
            <line number="16" hits="1" branch="False" />
            <line number="17" hits="1" branch="False" />
            <line number="19" hits="1" branch="False" />
            <line number="21" hits="1" branch="False" />
            <line number="22" hits="1" branch="False" />
            <line number="23" hits="1" branch="False" />
            <line number="24" hits="1" branch="False" />
            <line number="26" hits="1" branch="False" />
            <line number="27" hits="1" branch="False" />
          </lines>
        </class>
        <class name="QuotesApi.Models.EntraSettings" filename="Models\EntraSettings.cs" line-rate="1" branch-rate="1" complexity="3">
          <methods>
            <method name="get_TenantId" signature="()" line-rate="1" branch-rate="1" complexity="1">
              <lines>
                <line number="5" hits="92" branch="False" />
              </lines>
            </method>
            <method name="get_ClientId" signature="()" line-rate="1" branch-rate="1" complexity="1">
              <lines>
                <line number="7" hits="69" branch="False" />
              </lines>
            </method>
            <method name="get_Audience" signature="()" line-rate="1" branch-rate="1" complexity="1">
              <lines>
                <line number="9" hits="69" branch="False" />
              </lines>
            </method>
          </methods>
          <lines>
            <line number="5" hits="92" branch="False" />
            <line number="7" hits="69" branch="False" />
            <line number="9" hits="69" branch="False" />
          </lines>
        </class>
        <class name="QuotesApi.Models.JwtSettings" filename="Models\JwtSettings.cs" line-rate="1" branch-rate="1" complexity="4">
          <methods>
            <method name="get_Key" signature="()" line-rate="1" branch-rate="1" complexity="1">
              <lines>
                <line number="5" hits="88" branch="False" />
              </lines>
            </method>
            <method name="get_Issuer" signature="()" line-rate="1" branch-rate="1" complexity="1">
              <lines>
                <line number="7" hits="94" branch="False" />
              </lines>
            </method>
            <method name="get_Audience" signature="()" line-rate="1" branch-rate="1" complexity="1">
              <lines>
                <line number="9" hits="94" branch="False" />
              </lines>
            </method>
            <method name="get_AccessTokenMinutes" signature="()" line-rate="1" branch-rate="1" complexity="1">
              <lines>
                <line number="11" hits="60" branch="False" />
              </lines>
            </method>
          </methods>
          <lines>
            <line number="5" hits="88" branch="False" />
            <line number="7" hits="94" branch="False" />
            <line number="9" hits="94" branch="False" />
            <line number="11" hits="60" branch="False" />
          </lines>
        </class>
        <class name="QuotesApi.Models.Quote" filename="Models\Quote.cs" line-rate="1" branch-rate="1" complexity="24">
          <methods>
            <method name="get_Id" signature="()" line-rate="1" branch-rate="1" complexity="1">
              <lines>
                <line number="16" hits="23" branch="False" />
              </lines>
            </method>
            <method name="get_Author" signature="()" line-rate="1" branch-rate="1" complexity="1">
              <lines>
                <line number="18" hits="43" branch="False" />
              </lines>
            </method>
            <method name="get_Text" signature="()" line-rate="1" branch-rate="1" complexity="1">
              <lines>
                <line number="20" hits="43" branch="False" />
              </lines>
            </method>
            <method name="get_IsDeleted" signature="()" line-rate="1" branch-rate="1" complexity="1">
              <lines>
                <line number="22" hits="14" branch="False" />
              </lines>
            </method>
[...]
                <line number="99" hits="23" branch="False" />
                <line number="100" hits="23" branch="False" />
                <line number="101" hits="23" branch="False" />
                <line number="102" hits="23" branch="False" />
                <line number="103" hits="23" branch="False" />
                <line number="104" hits="23" branch="False" />
                <line number="105" hits="46" branch="False" />
                <line number="107" hits="23" branch="False" />
                <line number="108" hits="23" branch="False" />
                <line number="109" hits="23" branch="False" />
                <line number="110" hits="46" branch="False" />
                <line number="112" hits="23" branch="False" />
              </lines>
            </method>
          </methods>
          <lines>
            <line number="16" hits="23" branch="False" />
            <line number="18" hits="23" branch="False" />
            <line number="20" hits="23" branch="False" />
            <line number="21" hits="23" branch="False" />
            <line number="22" hits="23" branch="False" />
            <line number="23" hits="23" branch="False" />
            <line number="24" hits="23" branch="False" />
            <line number="25" hits="23" branch="False" />
            <line number="26" hits="23" branch="False" />
            <line number="27" hits="23" branch="False" />
            <line number="28" hits="23" branch="False" />
            <line number="29" hits="23" branch="False" />
            <line number="30" hits="23" branch="False" />
            <line number="31" hits="23" branch="False" />
            <line number="32" hits="23" branch="False" />
            <line number="33" hits="23" branch="False" />
            <line number="34" hits="23" branch="False" />
            <line number="35" hits="23" branch="False" />
            <line number="36" hits="23" branch="False" />
            <line number="37" hits="23" branch="False" />
            <line number="38" hits="23" branch="False" />
            <line number="39" hits="23" branch="False" />
            <line number="40" hits="23" branch="False" />
            <line number="41" hits="23" branch="False" />
            <line number="42" hits="23" branch="False" />
            <line number="43" hits="46" branch="False" />
            <line number="45" hits="23" branch="False" />
            <line number="46" hits="23" branch="False" />
            <line number="47" hits="23" branch="False" />
            <line number="48" hits="23" branch="False" />
            <line number="49" hits="23" branch="False" />
            <line number="50" hits="23" branch="False" />
            <line number="51" hits="23" branch="False" />
            <line number="52" hits="23" branch="False" />
            <line number="53" hits="23" branch="False" />
            <line number="54" hits="23" branch="False" />
            <line number="55" hits="23" branch="False" />
            <line number="56" hits="23" branch="False" />
            <line number="57" hits="23" branch="False" />
            <line number="58" hits="23" branch="False" />
            <line number="59" hits="23" branch="False" />
            <line number="60" hits="23" branch="False" />
            <line number="61" hits="23" branch="False" />
            <line number="62" hits="23" branch="False" />
            <line number="63" hits="23" branch="False" />
            <line number="64" hits="23" branch="False" />
            <line number="65" hits="23" branch="False" />
            <line number="66" hits="23" branch="False" />
            <line number="67" hits="23" branch="False" />
            <line number="68" hits="23" branch="False" />
            <line number="69" hits="23" branch="False" />
            <line number="70" hits="23" branch="False" />
            <line number="71" hits="23" branch="False" />
            <line number="72" hits="23" branch="False" />
            <line number="73" hits="23" branch="False" />
            <line number="74" hits="23" branch="False" />
            <line number="75" hits="46" branch="False" />
            <line number="77" hits="23" branch="False" />
            <line number="78" hits="23" branch="False" />
            <line number="79" hits="23" branch="False" />
            <line number="80" hits="23" branch="False" />
            <line number="81" hits="23" branch="False" />
            <line number="82" hits="23" branch="False" />
            <line number="83" hits="23" branch="False" />
            <line number="84" hits="23" branch="False" />
            <line number="85" hits="23" branch="False" />
            <line number="86" hits="23" branch="False" />
            <line number="87" hits="23" branch="False" />
            <line number="88" hits="23" branch="False" />
            <line number="89" hits="23" branch="False" />
            <line number="90" hits="23" branch="False" />
            <line number="91" hits="23" branch="False" />
            <line number="92" hits="23" branch="False" />
            <line number="93" hits="23" branch="False" />
            <line number="94" hits="46" branch="False" />
            <line number="96" hits="23" branch="False" />
            <line number="97" hits="23" branch="False" />
            <line number="98" hits="23" branch="False" />
            <line number="99" hits="23" branch="False" />
            <line number="100" hits="23" branch="False" />
            <line number="101" hits="23" branch="False" />
            <line number="102" hits="23" branch="False" />
            <line number="103" hits="23" branch="False" />
            <line number="104" hits="23" branch="False" />
            <line number="105" hits="46" branch="False" />
            <line number="107" hits="23" branch="False" />
            <line number="108" hits="23" branch="False" />
            <line number="109" hits="23" branch="False" />
            <line number="110" hits="46" branch="False" />
            <line number="112" hits="23" branch="False" />
          </lines>
        </class>
        <class name="QuotesApi.Data.QuotesDbContext" filename="Data\QuotesDbContext.cs" line-rate="1" branch-rate="1" complexity="4">
          <methods>
            <method name="get_Quotes" signature="()" line-rate="1" branch-rate="1" complexity="1">
              <lines>
                <line number="9" hits="14" branch="False" />
              </lines>
            </method>
            <method name="get_Users" signature="()" line-rate="1" branch-rate="1" complexity="1">
              <lines>
                <line number="11" hits="53" branch="False" />
              </lines>
            </method>
            <method name="get_RefreshTokens" signature="()" line-rate="1" branch-rate="1" complexity="1">
              <lines>
                <line number="12" hits="17" branch="False" />
              </lines>
            </method>
            <method name=".ctor" signature="(Microsoft.EntityFrameworkCore.DbContextOptions`1&lt;QuotesApi.Data.QuotesDbContext&gt;)" line-rate="1" branch-rate="1" complexity="1">
              <lines>
                <line number="7" hits="54" branch="False" />
              </lines>
            </method>
          </methods>
          <lines>
            <line number="9" hits="14" branch="False" />
            <line number="11" hits="53" branch="False" />
            <line number="12" hits="17" branch="False" />
            <line number="7" hits="54" branch="False" />
          </lines>
        </class>
        <class name="QuotesApi.Contracts.LoginRequest" filename="Contracts\LoginRequest.cs" line-rate="1" branch-rate="1" complexity="3">
          <methods>
            <method name="get_Email" signature="()" line-rate="1" branch-rate="1" complexity="1">
              <lines>
                <line number="7" hits="14" branch="False" />
              </lines>
            </method>
            <method name="get_Password" signature="()" line-rate="1" branch-rate="1" complexity="1">
              <lines>
                <line number="10" hits="27" branch="False" />
              </lines>
            </method>
            <method name=".ctor" signature="(System.String,System.String)" line-rate="1" branch-rate="1" complexity="1">
              <lines>
                <line number="5" hits="14" branch="False" />
                <line number="6" hits="14" branch="False" />
                <line number="8" hits="14" branch="False" />
                <line number="9" hits="14" branch="False" />
              </lines>
            </method>
          </methods>
          <lines>
            <line number="7" hits="14" branch="False" />
            <line number="10" hits="27" branch="False" />
            <line number="5" hits="14" branch="False" />
            <line number="6" hits="14" branch="False" />
            <line number="8" hits="14" branch="False" />
            <line number="9" hits="14" branch="False" />
          </lines>
        </class>
        <class name="QuotesApi.Contracts.CreateQuoteRequest" filename="Contracts\QuoteRequests.cs" line-rate="1" branch-rate="1" complexity="3">
          <methods>
            <method name="get_Author" signature="()" line-rate="1" branch-rate="1" complexity="1">
              <lines>
                <line number="8" hits="15" branch="False" />
              </lines>
            </method>
            <method name="get_Text" signature="()" line-rate="1" branch-rate="1" complexity="1">
              <lines>
                <line number="12" hits="30" branch="False" />
              </lines>
            </method>
            <method name=".ctor" signature="(System.String,System.String)" line-rate="1" branch-rate="1" complexity="1">
              <lines>
                <line number="5" hits="15" branch="False" />
                <line number="6" hits="15" branch="False" />
                <line number="7" hits="15" branch="False" />
                <line number="9" hits="15" branch="False" />
                <line number="10" hits="15" branch="False" />
                <line number="11" hits="15" branch="False" />
              </lines>
            </method>
          </methods>
          <lines>
            <line number="8" hits="15" branch="False" />
            <line number="12" hits="30" branch="False" />
            <line number="5" hits="15" branch="False" />
            <line number="6" hits="15" branch="False" />
            <line number="7" hits="15" branch="False" />
            <line number="9" hits="15" branch="False" />
            <line number="10" hits="15" branch="False" />
            <line number="11" hits="15" branch="False" />
          </lines>
        </class>
        <class name="QuotesApi.Contracts.RefreshTokenRequest" filename="Contracts\RefreshTokenRequest.cs" line-rate="1" branch-rate="1" complexity="2">
          <methods>
            <method name="get_RefreshToken" signature="()" line-rate="1" branch-rate="1" complexity="1">
              <lines>
                <line number="7" hits="32" branch="False" />
              </lines>
            </method>
            <method name=".ctor" signature="(System.String)" line-rate="1" branch-rate="1" complexity="1">
              <lines>
                <line number="5" hits="16" branch="False" />
                <line number="6" hits="16" branch="False" />
              </lines>
            </method>
          </methods>
          <lines>
            <line number="7" hits="32" branch="False" />
            <line number="5" hits="16" branch="False" />
            <line number="6" hits="16" branch="False" />
          </lines>
        </class>
        <class name="QuotesApi.Authorization.AuthenticationSchemeSelector" filename="Authorization\AuthenticationSchemeSelector.cs" line-rate="0.8332999999999999" branch-rate="1" complexity="6">
          <methods>
            <method name="Select" signature="(System.String)" line-rate="0.8332999999999999" branch-rate="1" complexity="6">
              <lines>
                <line number="8" hits="42" branch="False" />
                <line number="9" hits="42" branch="True" condition-coverage="100% (2/2)">
                  <conditions>
                    <condition number="18" type="jump" coverage="100%" />
                  </conditions>
                </line>
                <line number="10" hits="23" branch="False" />
                <line number="11" hits="23" branch="False" />
                <line number="14" hits="19" branch="False" />
                <line number="15" hits="19" branch="False" />
                <line number="18" hits="19" branch="False" />
                <line number="19" hits="19" branch="True" condition-coverage="100% (4/4)">
                  <conditions>
                    <condition number="65" type="jump" coverage="100%" />
                    <condition number="97" type="jump" coverage="100%" />
                  </conditions>
                </line>
                <line number="20" hits="19" branch="False" />
                <line number="21" hits="19" branch="False" />
                <line number="22" hits="1" branch="False" />
                <line number="23" hits="1" branch="False" />
                <line number="25" hits="18" branch="False" />
                <line number="26" hits="0" branch="False" />
                <line number="27" hits="0" branch="False" />
                <line number="30" hits="0" branch="False" />
                <line number="32" hits="18" branch="False" />
                <line number="33" hits="42" branch="False" />
              </lines>
            </method>
          </methods>
          <lines>
            <line number="8" hits="42" branch="False" />
            <line number="9" hits="42" branch="True" condition-coverage="100% (2/2)">
              <conditions>
                <condition number="18" type="jump" coverage="100%" />
              </conditions>
            </line>
            <line number="10" hits="23" branch="False" />
            <line number="11" hits="23" branch="False" />
            <line number="14" hits="19" branch="False" />
            <line number="15" hits="19" branch="False" />
            <line number="18" hits="19" branch="False" />
            <line number="19" hits="19" branch="True" condition-coverage="100% (4/4)">
              <conditions>
                <condition number="65" type="jump" coverage="100%" />
                <condition number="97" type="jump" coverage="100%" />
              </conditions>
            </line>
            <line number="20" hits="19" branch="False" />
            <line number="21" hits="19" branch="False" />
            <line number="22" hits="1" branch="False" />
            <line number="23" hits="1" branch="False" />
            <line number="25" hits="18" branch="False" />
            <line number="26" hits="0" branch="False" />
            <line number="27" hits="0" branch="False" />
            <line number="30" hits="0" branch="False" />
            <line number="32" hits="18" branch="False" />
            <line number="33" hits="42" branch="False" />
          </lines>
        </class>
        <class name="QuotesApi.Authorization.CanModifyOwnQuoteHandler" filename="Authorization\CanModifyOwnQuoteHandler.cs" line-rate="1" branch-rate="1" complexity="5">
          <methods>
            <method name="HandleRequirementAsync" signature="(Microsoft.AspNetCore.Authorization.AuthorizationHandlerContext,QuotesApi.Authorization.CanModifyOwnQuoteRequirement,QuotesApi.Models.Quote)" line-rate="1" branch-rate="1" complexity="4">
              <lines>
                <line number="17" hits="6" branch="False" />
                <line number="18" hits="6" branch="False" />
                <line number="20" hits="6" branch="True" condition-coverage="100% (4/4)">
                  <conditions>
                    <condition number="19" type="jump" coverage="100%" />
                    <condition number="39" type="jump" coverage="100%" />
                  </conditions>
                </line>
                <line number="21" hits="6" branch="False" />
                <line number="22" hits="2" branch="False" />
                <line number="23" hits="2" branch="False" />
                <line number="24" hits="2" branch="False" />
                <line number="26" hits="4" branch="False" />
                <line number="27" hits="4" branch="False" />
                <line number="28" hits="4" branch="False" />
                <line number="29" hits="4" branch="False" />
                <line number="30" hits="4" branch="False" />
                <line number="31" hits="4" branch="False" />
                <line number="32" hits="4" branch="False" />
                <line number="34" hits="6" branch="False" />
                <line number="35" hits="6" branch="False" />
              </lines>
            </method>
            <method name=".ctor" signature="(Microsoft.Extensions.Logging.ILogger`1&lt;QuotesApi.Authorization.CanModifyOwnQuoteHandler&gt;)" line-rate="1" branch-rate="1" complexity="1">
              <lines>
                <line number="10" hits="14" branch="False" />
              </lines>
            </method>
          </methods>
          <lines>
            <line number="17" hits="6" branch="False" />
            <line number="18" hits="6" branch="False" />
            <line number="20" hits="6" branch="True" condition-coverage="100% (4/4)">
              <conditions>
                <condition number="19" type="jump" coverage="100%" />
                <condition number="39" type="jump" coverage="100%" />
              </conditions>
            </line>
            <line number="21" hits="6" branch="False" />
            <line number="22" hits="2" branch="False" />
            <line number="23" hits="2" branch="False" />
            <line number="24" hits="2" branch="False" />
            <line number="26" hits="4" branch="False" />
            <line number="27" hits="4" branch="False" />
            <line number="28" hits="4" branch="False" />
            <line number="29" hits="4" branch="False" />
            <line number="30" hits="4" branch="False" />
            <line number="31" hits="4" branch="False" />
            <line number="32" hits="4" branch="False" />
            <line number="34" hits="6" branch="False" />
            <line number="35" hits="6" branch="False" />
            <line number="10" hits="14" branch="False" />
          </lines>
        </class>
        <class name="QuotesApi.Authorization.ClaimsPrincipalExtensions" filename="Authorization\ClaimsPrincipalExtensions.cs" line-rate="1" branch-rate="1" complexity="6">
          <methods>
            <method name="GetSubjectId" signature="(System.Security.Claims.ClaimsPrincipal)" line-rate="1" branch-rate="1" complexity="6">
              <lines>
                <line number="12" hits="18" branch="True" condition-coverage="100% (6/6)">
                  <conditions>
                    <condition number="12" type="jump" coverage="100%" />
                    <condition number="24" type="jump" coverage="100%" />
                    <condition number="39" type="jump" coverage="100%" />
                  </conditions>
                </line>
                <line number="13" hits="18" branch="False" />
              </lines>
            </method>
          </methods>
          <lines>
            <line number="12" hits="18" branch="True" condition-coverage="100% (6/6)">
              <conditions>
                <condition number="12" type="jump" coverage="100%" />
                <condition number="24" type="jump" coverage="100%" />
                <condition number="39" type="jump" coverage="100%" />
              </conditions>
            </line>
            <line number="13" hits="18" branch="False" />
          </lines>
        </class>
      </classes>
    </package>
  </packages>
</coverage>