<?xml version="1.0" encoding="utf-8"?>
<TestRun id="bdc82de1-32a4-413c-b1a5-47e5093861d7" name="Khushi@ASUS 2026-08-13 11:41:38" runUser="ASUS\Khushi" xmlns="http://microsoft.com/schemas/VisualStudio/TeamTest/2010">
  <Times creation="2026-08-13T11:41:38.3209317+05:30" queuing="2026-08-13T11:41:38.3209322+05:30" start="2026-08-13T11:41:34.1709505+05:30" finish="2026-08-13T11:41:49.3290551+05:30" />
  <TestSettings name="default" id="3bae9fa0-8246-4332-a94b-607e3595aac2">
    <Deployment runDeploymentRoot="Khushi_ASUS_2026-08-13_11_41_38" />
  </TestSettings>
  <Results>
    <UnitTestResult executionId="44ea97bd-2788-4eee-b8ba-92651d786c5d" testId="091c2ce3-f36f-48de-7bf4-72bae0c4714b" testName="QuotesApi.Tests.QuoteTests.Create_WithMissingText_ThrowsQuoteDomainException(text: null)" computerName="ASUS" duration="00:00:00.0008999" startTime="2026-08-13T11:41:38.2857895+05:30" endTime="2026-08-13T11:41:38.2859034+05:30" testType="13cdc9d9-ddb5-4fa4-a97d-d965ccfc6d4b" outcome="Passed" testListId="8c84fa94-04c1-424b-9868-57a2d4851a1d" relativeResultsDirectory="44ea97bd-2788-4eee-b8ba-92651d786c5d" />
    <UnitTestResult executionId="16a3d84b-491c-4c86-80dc-8126f38f6733" testId="6bdd197c-3de7-158b-dd6a-e48ab5573cbf" testName="QuotesApi.Tests.QuotesApiIntegrationTests.Login_WithUnknownEmail_ReturnsUnauthorized" computerName="ASUS" duration="00:00:00.2822377" startTime="2026-08-13T11:41:38.1850716+05:30" endTime="2026-08-13T11:41:40.6691910+05:30" testType="13cdc9d9-ddb5-4fa4-a97d-d965ccfc6d4b" outcome="Passed" testListId="8c84fa94-04c1-424b-9868-57a2d4851a1d" relativeResultsDirectory="16a3d84b-491c-4c86-80dc-8126f38f6733" />
    <UnitTestResult executionId="2e310bc1-0a81-40c9-b023-df53f78a062f" testId="573ad788-b706-4f96-1a57-5f6603432d09" testName="QuotesApi.Tests.QuoteRepositoryTests.DeleteAsync_QuoteDoesNotExist_ReturnsFalse" computerName="ASUS" duration="00:00:01.5478368" startTime="2026-08-13T11:41:38.1849790+05:30" endTime="2026-08-13T11:41:39.7016993+05:30" testType="13cdc9d9-ddb5-4fa4-a97d-d965ccfc6d4b" outcome="Passed" testListId="8c84fa94-04c1-424b-9868-57a2d4851a1d" relativeResultsDirectory="2e310bc1-0a81-40c9-b023-df53f78a062f" />
    <UnitTestResult executionId="e3225a14-7be3-441e-afeb-09f69e5879f5" testId="9d325b05-db65-0bff-ce1b-2f5c49e214ad" testName="QuotesApi.Tests.QuotesApiIntegrationTests.GetQuotes_WithInvalidPageSize_ReturnsValidationProblem" computerName="ASUS" duration="00:00:00.0260959" startTime="2026-08-13T11:41:45.8935652+05:30" endTime="2026-08-13T11:41:46.2162045+05:30" testType="13cdc9d9-ddb5-4fa4-a97d-d965ccfc6d4b" outcome="Passed" testListId="8c84fa94-04c1-424b-9868-57a2d4851a1d" relativeResultsDirectory="e3225a14-7be3-441e-afeb-09f69e5879f5" />
    <UnitTestResult executionId="29e3391b-085c-482f-8553-41d73e0b24f6" testId="2f64ecc7-7177-a431-0b01-f6c949fc8695" testName="QuotesApi.Tests.ClaimsPrincipalExtensionsTests.GetSubjectId_WithUnauthenticatedEmptyPrincipal_ReturnsNull" computerName="ASUS" duration="00:00:00.0006463" startTime="2026-08-13T11:41:38.2696261+05:30" endTime="2026-08-13T11:41:38.2700954+05:30" testType="13cdc9d9-ddb5-4fa4-a97d-d965ccfc6d4b" outcome="Passed" testListId="8c84fa94-04c1-424b-9868-57a2d4851a1d" relativeResultsDirectory="29e3391b-085c-482f-8553-41d73e0b24f6" />
    <UnitTestResult executionId="45b705ae-eb58-4af2-a1f7-ba6418456e02" testId="535e8950-027e-cfe2-ab5e-cac49d6c8dd5" testName="QuotesApi.Tests.QuoteTests.Create_WithMissingText_ThrowsQuoteDomainException(text: &quot;&quot;)" computerName="ASUS" duration="00:00:00.0004147" startTime="2026-08-13T11:41:38.2882226+05:30" endTime="2026-08-13T11:41:38.2883463+05:30" testType="13cdc9d9-ddb5-4fa4-a97d-d965ccfc6d4b" outcome="Passed" testListId="8c84fa94-04c1-424b-9868-57a2d4851a1d" relativeResultsDirectory="45b705ae-eb58-4af2-a1f7-ba6418456e02" />
    <UnitTestResult executionId="7b3c1a6b-1d07-42b6-bbe2-e1aa9e465db6" testId="13aeee7f-3a61-f934-d695-a8a8d1814ba4" testName="QuotesApi.Tests.QuoteTests.Create_WithTextExactly1000Characters_Succeeds" computerName="ASUS" duration="00:00:00.0002150" startTime="2026-08-13T11:41:38.2810933+05:30" endTime="2026-08-13T11:41:38.2812362+05:30" testType="13cdc9d9-ddb5-4fa4-a97d-d965ccfc6d4b" outcome="Passed" testListId="8c84fa94-04c1-424b-9868-57a2d4851a1d" relativeResultsDirectory="7b3c1a6b-1d07-42b6-bbe2-e1aa9e465db6" />
    <UnitTestResult executionId="ac889bfd-9119-45e5-a413-dd076404c2a9" testId="6f333a99-5bb0-d0bd-e243-59ef71dfecf0" testName="QuotesApi.Tests.RefreshTokenEvaluatorTests.Evaluate_TokenNotRevokedAndNotExpired_ReturnsValid" computerName="ASUS" duration="00:00:00.0005163" startTime="2026-08-13T11:41:38.3540920+05:30" endTime="2026-08-13T11:41:38.3541469+05:30" testType="13cdc9d9-ddb5-4fa4-a97d-d965ccfc6d4b" outcome="Passed" testListId="8c84fa94-04c1-424b-9868-57a2d4851a1d" relativeResultsDirectory="ac889bfd-9119-45e5-a413-dd076404c2a9" />
    <UnitTestResult executionId="20583f91-95fb-4ed8-a1b3-7ab9619690ee" testId="6974d02e-1526-a558-5b89-8d0423dc6966" testName="QuotesApi.Tests.QuoteTests.Create_WithMissingOwnerId_ThrowsArgumentException(ownerId: null)" computerName="ASUS" duration="00:00:00.0017658" startTime="2026-08-13T11:41:38.2757600+05:30" endTime="2026-08-13T11:41:38.2759045+05:30" testType="13cdc9d9-ddb5-4fa4-a97d-d965ccfc6d4b" outcome="Passed" testListId="8c84fa94-04c1-424b-9868-57a2d4851a1d" relativeResultsDirectory="20583f91-95fb-4ed8-a1b3-7ab9619690ee" />
    <UnitTestResult executionId="b4d44b23-dacf-4f98-96ba-aacd40e7df37" testId="43083cc2-48a1-48dd-94a2-499f0f2cdf55" testName="QuotesApi.Tests.ClaimsPrincipalExtensionsTests.GetSubjectId_WithSubClaim_ReturnsItsValue" computerName="ASUS" duration="00:00:00.0383148" startTime="2026-08-13T11:41:38.1851412+05:30" endTime="2026-08-13T11:41:38.2676092+05:30" testType="13cdc9d9-ddb5-4fa4-a97d-d965ccfc6d4b" outcome="Passed" testListId="8c84fa94-04c1-424b-9868-57a2d4851a1d" relativeResultsDirectory="b4d44b23-dacf-4f98-96ba-aacd40e7df37" />
    <UnitTestResult executionId="6369fda1-8afe-4398-b113-63a0024ebc37" testId="9e2fd8a6-57bf-f198-ef36-da0cf3d19796" testName="QuotesApi.Tests.QuoteAuthorizationTests.Delete_WithWriteScopeButNotOwner_ReturnsForbidden" computerName="ASUS" duration="00:00:00.1132654" startTime="2026-08-13T11:41:41.2249830+05:30" endTime="2026-08-13T11:41:41.8334759+05:30" testType="13cdc9d9-ddb5-4fa4-a97d-d965ccfc6d4b" outcome="Passed" testListId="8c84fa94-04c1-424b-9868-57a2d4851a1d" relativeResultsDirectory="6369fda1-8afe-4398-b113-63a0024ebc37" />
    <UnitTestResult executionId="47ab84fd-9c39-49c5-8001-810fb08342de" testId="8a6ed064-f7d2-63bd-4c34-7be74602357f" testName="QuotesApi.Tests.QuoteAuthorizationTests.Delete_WithWriteScopeAndOwnership_Succeeds" computerName="ASUS" duration="00:00:00.0820396" startTime="2026-08-13T11:41:40.6752865+05:30" endTime="2026-08-13T11:41:41.2227007+05:30" testType="13cdc9d9-ddb5-4fa4-a97d-d965ccfc6d4b" outcome="Passed" testListId="8c84fa94-04c1-424b-9868-57a2d4851a1d" relativeResultsDirectory="47ab84fd-9c39-49c5-8001-810fb08342de" />
    <UnitTestResult executionId="c36aa365-26d5-4db5-86b3-1119cc687b31" testId="45e05401-f4b5-3d93-17ec-29cb12bcf403" testName="QuotesApi.Tests.RefreshTokenEvaluatorTests.Evaluate_ExpiredUnrevokedToken_ReturnsExpired" computerName="ASUS" duration="00:00:00.1940440" startTime="2026-08-13T11:41:38.1863800+05:30" endTime="2026-08-13T11:41:38.3520102+05:30" testType="13cdc9d9-ddb5-4fa4-a97d-d965ccfc6d4b" outcome="Passed" testListId="8c84fa94-04c1-424b-9868-57a2d4851a1d" relativeResultsDirectory="c36aa365-26d5-4db5-86b3-1119cc687b31" />
    <UnitTestResult executionId="123a0bf7-aafa-4621-808b-b6f76a283a96" testId="022b63c7-0383-8f9a-1c27-e9fe0aa6966a" testName="QuotesApi.Tests.QuoteTests.Create_WithMissingOwnerId_ThrowsArgumentException(ownerId: &quot;&quot;)" computerName="ASUS" duration="00:00:00.0004057" startTime="2026-08-13T11:41:38.2779510+05:30" endTime="2026-08-13T11:41:38.2780986+05:30" testType="13cdc9d9-ddb5-4fa4-a97d-d965ccfc6d4b" outcome="Passed" testListId="8c84fa94-04c1-424b-9868-57a2d4851a1d" relativeResultsDirectory="123a0bf7-aafa-4621-808b-b6f76a283a96" />
    <UnitTestResult executionId="ebef495b-e8c3-472a-9749-3c3fbae3e76c" testId="cfcba72e-c146-a23b-8dd2-ee73f2ea2799" testName="QuotesApi.Tests.QuoteTests.Create_WithMissingOwnerId_ThrowsArgumentException(ownerId: &quot;   &quot;)" computerName="ASUS" duration="00:00:00.0014351" startTime="2026-08-13T11:41:38.2769152+05:30" endTime="2026-08-13T11:41:38.2770618+05:30" testType="13cdc9d9-ddb5-4fa4-a97d-d965ccfc6d4b" outcome="Passed" testListId="8c84fa94-04c1-424b-9868-57a2d4851a1d" relativeResultsDirectory="ebef495b-e8c3-472a-9749-3c3fbae3e76c" />
    <UnitTestResult executionId="76495ae5-9e69-4550-8075-3ccf800c2406" testId="32b4366c-f18a-d998-7a4f-b7ff6a2fdfb8" testName="QuotesApi.Tests.QuotesApiIntegrationTests.GetQuotes_OnFreshDatabase_ReturnsEmptyPagedResult" computerName="ASUS" duration="00:00:00.1071242" startTime="2026-08-13T11:41:40.6716647+05:30" endTime="2026-08-13T11:41:41.2401880+05:30" testType="13cdc9d9-ddb5-4fa4-a97d-d965ccfc6d4b" outcome="Passed" testListId="8c84fa94-04c1-424b-9868-57a2d4851a1d" relativeResultsDirectory="76495ae5-9e69-4550-8075-3ccf800c2406" />
    <UnitTestResult executionId="4d1d712f-50f8-4d97-8e62-fb6ad1c98b38" testId="fd861f8d-3331-51a7-c02c-8b53e5b3a5b6" testName="QuotesApi.Tests.QuoteTests.SoftDelete_CalledTwice_RemainsDeletedWithoutError" computerName="ASUS" duration="00:00:00.0003062" startTime="2026-08-13T11:41:38.2847113+05:30" endTime="2026-08-13T11:41:38.2848269+05:30" testType="13cdc9d9-ddb5-4fa4-a97d-d965ccfc6d4b" outcome="Passed" testListId="8c84fa94-04c1-424b-9868-57a2d4851a1d" relativeResultsDirectory="4d1d712f-50f8-4d97-8e62-fb6ad1c98b38" />
    <UnitTestResult executionId="b8bb087a-e1db-4332-90e8-69c1c66c8afa" testId="46c91475-0390-d604-7112-d2e1ce788363" testName="QuotesApi.Tests.QuotesApiIntegrationTests.Refresh_AfterClockAdvancesPastExpiry_ReturnsUnauthorized" computerName="ASUS" duration="00:00:00.2425725" startTime="2026-08-13T11:41:46.5805913+05:30" endTime="2026-08-13T11:41:47.1180195+05:30" testType="13cdc9d9-ddb5-4fa4-a97d-d965ccfc6d4b" outcome="Passed" testListId="8c84fa94-04c1-424b-9868-57a2d4851a1d" relativeResultsDirectory="b8bb087a-e1db-4332-90e8-69c1c66c8afa" />
    <UnitTestResult executionId="14ff5f80-9cb2-4095-b66c-128980a756e3" testId="ad202dae-aa0c-764c-f500-00a24226d902" testName="QuotesApi.Tests.QuotesApiIntegrationTests.Migrations_AppliedToTestDatabase_IncludeAllExpectedMigrations" computerName="ASUS" duration="00:00:00.0114181" startTime="2026-08-13T11:41:43.2499105+05:30" endTime="2026-08-13T11:41:43.7348659+05:30" testType="13cdc9d9-ddb5-4fa4-a97d-d965ccfc6d4b" outcome="Passed" testListId="8c84fa94-04c1-424b-9868-57a2d4851a1d" relativeResultsDirectory="14ff5f80-9cb2-4095-b66c-128980a756e3" />
    <UnitTestResult executionId="5eed3c6f-5ce6-43e1-94df-55c4aa0bd031" testId="06794224-7ffb-069c-8a3e-7af85f6d441e" testName="QuotesApi.Tests.QuotesApiIntegrationTests.Login_WithWrongPassword_ReturnsUnauthorized" computerName="ASUS" duration="00:00:00.2618850" startTime="2026-08-13T11:41:48.0929652+05:30" endTime="2026-08-13T11:41:48.6518297+05:30" testType="13cdc9d9-ddb5-4fa4-a97d-d965ccfc6d4b" outcome="Passed" testListId="8c84fa94-04c1-424b-9868-57a2d4851a1d" relativeResultsDirectory="5eed3c6f-5ce6-43e1-94df-55c4aa0bd031" />
    <UnitTestResult executionId="dd955a02-8a7f-445f-aee3-554adfd8cf1e" testId="7841707c-5701-11e6-d705-021d42a16b8d" testName="QuotesApi.Tests.UnitTest1.Test1" computerName="ASUS" duration="00:00:00.0040635" startTime="2026-08-13T11:41:38.1850956+05:30" endTime="2026-08-13T11:41:38.1878138+05:30" testType="13cdc9d9-ddb5-4fa4-a97d-d965ccfc6d4b" outcome="Passed" testListId="8c84fa94-04c1-424b-9868-57a2d4851a1d" relativeResultsDirectory="dd955a02-8a7f-445f-aee3-554adfd8cf1e" />
    <UnitTestResult executionId="9c98b6ac-0521-4d6b-87ba-5db389fc7f44" testId="64913c3a-8586-cd2d-913a-c9fece6c2ecf" testName="QuotesApi.Tests.QuoteAuthorizationTests.Refresh_ReusingOldRefreshToken_ReturnsUnauthorized" computerName="ASUS" duration="00:00:00.4804250" startTime="2026-08-13T11:41:42.7357045+05:30" endTime="2026-08-13T11:41:43.6746530+05:30" testType="13cdc9d9-ddb5-4fa4-a97d-d965ccfc6d4b" outcome="Passed" testListId="8c84fa94-04c1-424b-9868-57a2d4851a1d" relativeResultsDirectory="9c98b6ac-0521-4d6b-87ba-5db389fc7f44" />
    <UnitTestResult executionId="e80dadf9-f1e6-4ba4-8d2d-14249bf34f19" testId="b42dfe47-25a1-be84-a6e4-2b3a66ac39d0" testName="QuotesApi.Tests.QuotesApiIntegrationTests.CreateQuote_WithValidRequestAndWriteScope_ReturnsCreatedWithQuoteBody" computerName="ASUS" duration="00:00:00.0309004" startTime="2026-08-13T11:41:45.5111411+05:30" endTime="2026-08-13T11:41:45.8916559+05:30" testType="13cdc9d9-ddb5-4fa4-a97d-d965ccfc6d4b" outcome="Passed" testListId="8c84fa94-04c1-424b-9868-57a2d4851a1d" relativeResultsDirectory="e80dadf9-f1e6-4ba4-8d2d-14249bf34f19" />
    <UnitTestResult executionId="6b085cc5-b82c-4197-9580-54abf773546a" testId="45447853-c527-802d-66c9-cd6be9f038f5" testName="QuotesApi.Tests.RefreshTokenEvaluatorTests.Evaluate_RevokedToken_ReturnsReused" computerName="ASUS" duration="00:00:00.0005552" startTime="2026-08-13T11:41:38.3567666+05:30" endTime="2026-08-13T11:41:38.3568981+05:30" testType="13cdc9d9-ddb5-4fa4-a97d-d965ccfc6d4b" outcome="Passed" testListId="8c84fa94-04c1-424b-9868-57a2d4851a1d" relativeResultsDirectory="6b085cc5-b82c-4197-9580-54abf773546a" />
    <UnitTestResult executionId="e9c580af-7154-4f0b-9913-51593da71bf6" testId="f5967387-f160-9979-d91a-fee6f70a4233" testName="QuotesApi.Tests.ClaimsPrincipalExtensionsTests.GetSubjectId_WithBothSubAndNameIdentifierClaims_PrefersSub" computerName="ASUS" duration="00:00:00.0010302" startTime="2026-08-13T11:41:38.2687143+05:30" endTime="2026-08-13T11:41:38.2687602+05:30" testType="13cdc9d9-ddb5-4fa4-a97d-d965ccfc6d4b" outcome="Passed" testListId="8c84fa94-04c1-424b-9868-57a2d4851a1d" relativeResultsDirectory="e9c580af-7154-4f0b-9913-51593da71bf6" />
    <UnitTestResult executionId="a88b2d45-d4a0-4c4f-9098-83d6ba1ac435" testId="5bcee0b1-5f14-d75e-a7e9-1fecb64aab10" testName="QuotesApi.Tests.QuotesApiIntegrationTests.Logout_ThenRefresh_ReturnsUnauthorized" computerName="ASUS" duration="00:00:00.6191497" startTime="2026-08-13T11:41:41.2412392+05:30" endTime="2026-08-13T11:41:42.3162707+05:30" testType="13cdc9d9-ddb5-4fa4-a97d-d965ccfc6d4b" outcome="Passed" testListId="8c84fa94-04c1-424b-9868-57a2d4851a1d" relativeResultsDirectory="a88b2d45-d4a0-4c4f-9098-83d6ba1ac435" />
    <UnitTestResult executionId="eae48b10-2b44-4af6-afd0-3a9252df4b3b" testId="a17017a9-c777-4448-fb09-4ccae44a0382" testName="QuotesApi.Tests.QuoteAuthorizationTests.Delete_WithExpiredToken_ReturnsUnauthorized" computerName="ASUS" duration="00:00:00.3039214" startTime="2026-08-13T11:41:38.1823108+05:30" endTime="2026-08-13T11:41:40.6739391+05:30" testType="13cdc9d9-ddb5-4fa4-a97d-d965ccfc6d4b" outcome="Passed" testListId="8c84fa94-04c1-424b-9868-57a2d4851a1d" relativeResultsDirectory="eae48b10-2b44-4af6-afd0-3a9252df4b3b" />
    <UnitTestResult executionId="9bbbc510-f2c8-4a84-83ce-74f28e793a8c" testId="a5a10f32-2aaf-ad63-d8ee-005bdeab1662" testName="QuotesApi.Tests.QuoteTests.Create_WithMissingAuthor_ThrowsQuoteDomainException(author: &quot;&quot;)" computerName="ASUS" duration="00:00:00.0004725" startTime="2026-08-13T11:41:38.2717140+05:30" endTime="2026-08-13T11:41:38.2717493+05:30" testType="13cdc9d9-ddb5-4fa4-a97d-d965ccfc6d4b" outcome="Passed" testListId="8c84fa94-04c1-424b-9868-57a2d4851a1d" relativeResultsDirectory="9bbbc510-f2c8-4a84-83ce-74f28e793a8c" />
    <UnitTestResult executionId="57184cbb-d70e-4d78-8ff3-0fd3cb383c45" testId="a8c6d357-9bd4-90e7-3052-154af12d5214" testName="QuotesApi.Tests.AuthenticationSchemeSelectorTests.SelectAuthenticationScheme_MalformedBearerToken_FallsBackToInternalJwtWithoutThrowing" computerName="ASUS" duration="00:00:00.0379644" startTime="2026-08-13T11:41:38.1851180+05:30" endTime="2026-08-13T11:41:38.2214021+05:30" testType="13cdc9d9-ddb5-4fa4-a97d-d965ccfc6d4b" outcome="Passed" testListId="8c84fa94-04c1-424b-9868-57a2d4851a1d" relativeResultsDirectory="57184cbb-d70e-4d78-8ff3-0fd3cb383c45" />
    <UnitTestResult executionId="216d2b5b-80d6-4f46-b4f4-40abd7250a69" testId="d1b70385-04c2-cb15-eb68-ed7808637e91" testName="QuotesApi.Tests.QuoteTests.Create_WithAuthorLongerThan200Characters_ThrowsQuoteDomainException" computerName="ASUS" duration="00:00:00.0009607" startTime="2026-08-13T11:41:38.2917296+05:30" endTime="2026-08-13T11:41:38.2918660+05:30" testType="13cdc9d9-ddb5-4fa4-a97d-d965ccfc6d4b" outcome="Passed" testListId="8c84fa94-04c1-424b-9868-57a2d4851a1d" relativeResultsDirectory="216d2b5b-80d6-4f46-b4f4-40abd7250a69" />
    <UnitTestResult executionId="d7f73bed-e325-4591-9424-afc5ca0bbe0d" testId="bdac3447-5b88-6f67-9bb3-b025db5d54d8" testName="QuotesApi.Tests.AuthenticationSchemeSelectorTests.SelectAuthenticationScheme_BearerWithNonMicrosoftIssuer_ReturnsInternalJwt" computerName="ASUS" duration="00:00:00.0680221" startTime="2026-08-13T11:41:38.2674133+05:30" endTime="2026-08-13T11:41:38.2925503+05:30" testType="13cdc9d9-ddb5-4fa4-a97d-d965ccfc6d4b" outcome="Passed" testListId="8c84fa94-04c1-424b-9868-57a2d4851a1d" relativeResultsDirectory="d7f73bed-e325-4591-9424-afc5ca0bbe0d" />
    <UnitTestResult executionId="d08df3f7-183e-4e0d-a81d-620622198588" testId="d3ef6dfa-081d-4de2-a6cd-a3c893ded389" testName="QuotesApi.Tests.CanModifyOwnQuoteHandlerTests.HandleAsync_UserSubjectDiffersFromQuoteOwner_DoesNotSucceed" computerName="ASUS" duration="00:00:00.1819361" startTime="2026-08-13T11:41:38.1850421+05:30" endTime="2026-08-13T11:41:38.3400285+05:30" testType="13cdc9d9-ddb5-4fa4-a97d-d965ccfc6d4b" outcome="Passed" testListId="8c84fa94-04c1-424b-9868-57a2d4851a1d" relativeResultsDirectory="d08df3f7-183e-4e0d-a81d-620622198588" />
    <UnitTestResult executionId="3769ddb9-77a2-45e3-b0f7-f57fea7a9d77" testId="4b876293-d94b-3bc3-f346-cfaa8b1b09ca" testName="QuotesApi.Tests.QuoteTests.Create_WithMissingText_ThrowsQuoteDomainException(text: &quot;   &quot;)" computerName="ASUS" duration="00:00:00.0001321" startTime="2026-08-13T11:41:38.2892648+05:30" endTime="2026-08-13T11:41:38.2893860+05:30" testType="13cdc9d9-ddb5-4fa4-a97d-d965ccfc6d4b" outcome="Passed" testListId="8c84fa94-04c1-424b-9868-57a2d4851a1d" relativeResultsDirectory="3769ddb9-77a2-45e3-b0f7-f57fea7a9d77" />
    <UnitTestResult executionId="50ec7dac-822a-423f-aef1-fe2187c18a61" testId="85d5cf81-88b8-8a39-24f3-571b195e4e30" testName="QuotesApi.Tests.RefreshTokenEvaluatorTests.Evaluate_TokenOneSecondFromExpiry_ReturnsValid" computerName="ASUS" duration="00:00:00.0012843" startTime="2026-08-13T11:41:38.3527753+05:30" endTime="2026-08-13T11:41:38.3534747+05:30" testType="13cdc9d9-ddb5-4fa4-a97d-d965ccfc6d4b" outcome="Passed" testListId="8c84fa94-04c1-424b-9868-57a2d4851a1d" relativeResultsDirectory="50ec7dac-822a-423f-aef1-fe2187c18a61" />
    <UnitTestResult executionId="654de7af-ca08-44d7-9d5b-a34ff5c31949" testId="0afaa97b-e592-1dad-733c-aba23d3cabdd" testName="QuotesApi.Tests.CanModifyOwnQuoteHandlerTests.HandleAsync_QuoteHasNoOwner_DoesNotSucceed" computerName="ASUS" duration="00:00:00.0038969" startTime="2026-08-13T11:41:38.3407541+05:30" endTime="2026-08-13T11:41:38.3440816+05:30" testType="13cdc9d9-ddb5-4fa4-a97d-d965ccfc6d4b" outcome="Passed" testListId="8c84fa94-04c1-424b-9868-57a2d4851a1d" relativeResultsDirectory="654de7af-ca08-44d7-9d5b-a34ff5c31949" />
    <UnitTestResult executionId="5b7fc4f8-dfa4-4449-a114-9851f3c59758" testId="dad9e442-1e4c-71ee-43ff-d0a63d3180dd" testName="QuotesApi.Tests.QuoteTests.Create_WithMissingAuthor_ThrowsQuoteDomainException(author: &quot;   &quot;)" computerName="ASUS" duration="00:00:00.0113075" startTime="2026-08-13T11:41:38.2713089+05:30" endTime="2026-08-13T11:41:38.2713535+05:30" testType="13cdc9d9-ddb5-4fa4-a97d-d965ccfc6d4b" outcome="Passed" testListId="8c84fa94-04c1-424b-9868-57a2d4851a1d" relativeResultsDirectory="5b7fc4f8-dfa4-4449-a114-9851f3c59758" />
    <UnitTestResult executionId="6cea705a-267c-4669-a384-eab2f048d1b6" testId="597f924b-0dc5-7629-2ee8-73bc9df86572" testName="QuotesApi.Tests.ClaimsPrincipalExtensionsTests.GetSubjectId_WithNeitherClaim_ReturnsNull" computerName="ASUS" duration="00:00:00.0001796" startTime="2026-08-13T11:41:38.2704637+05:30" endTime="2026-08-13T11:41:38.2704995+05:30" testType="13cdc9d9-ddb5-4fa4-a97d-d965ccfc6d4b" outcome="Passed" testListId="8c84fa94-04c1-424b-9868-57a2d4851a1d" relativeResultsDirectory="6cea705a-267c-4669-a384-eab2f048d1b6" />
    <UnitTestResult executionId="5946327d-4b1e-4435-8396-e8efa32c40e3" testId="27d8dc5a-fca6-1d11-6ef7-324f07d5520e" testName="QuotesApi.Tests.CanModifyOwnQuoteHandlerTests.HandleAsync_UserHasNoSubjectClaim_DoesNotSucceed" computerName="ASUS" duration="00:00:00.0012546" startTime="2026-08-13T11:41:38.3462199+05:30" endTime="2026-08-13T11:41:38.3464831+05:30" testType="13cdc9d9-ddb5-4fa4-a97d-d965ccfc6d4b" outcome="Passed" testListId="8c84fa94-04c1-424b-9868-57a2d4851a1d" relativeResultsDirectory="5946327d-4b1e-4435-8396-e8efa32c40e3" />
    <UnitTestResult executionId="5721c528-25dd-4474-b10c-4199d2e452c6" testId="41f3d23c-90af-f515-1fc2-617f92d9efb3" testName="QuotesApi.Tests.QuoteAuthorizationTests.Delete_WithoutWriteScope_ReturnsForbidden" computerName="ASUS" duration="00:00:00.0422390" startTime="2026-08-13T11:41:41.8380474+05:30" endTime="2026-08-13T11:41:42.2867747+05:30" testType="13cdc9d9-ddb5-4fa4-a97d-d965ccfc6d4b" outcome="Passed" testListId="8c84fa94-04c1-424b-9868-57a2d4851a1d" relativeResultsDirectory="5721c528-25dd-4474-b10c-4199d2e452c6" />
    <UnitTestResult executionId="22a095c6-a9e9-4ef3-ba03-ca9ea0c0eef4" testId="6e54d9bd-9f5e-a5b0-8846-3a1b05b20b91" testName="QuotesApi.Tests.QuoteTests.SoftDelete_OnActiveQuote_SetsIsDeletedToTrue" computerName="ASUS" duration="00:00:00.0005704" startTime="2026-08-13T11:41:38.2825229+05:30" endTime="2026-08-13T11:41:38.2826397+05:30" testType="13cdc9d9-ddb5-4fa4-a97d-d965ccfc6d4b" outcome="Passed" testListId="8c84fa94-04c1-424b-9868-57a2d4851a1d" relativeResultsDirectory="22a095c6-a9e9-4ef3-ba03-ca9ea0c0eef4" />
    <UnitTestResult executionId="a4a74e05-dfa8-4a1a-a382-9fc83ef941e5" testId="26090ae6-acd9-f6a1-d768-fbb125454b32" testName="QuotesApi.Tests.AuthenticationSchemeSelectorTests.SelectAuthenticationScheme_NoAuthorizationHeader_ReturnsInternalJwt" computerName="ASUS" duration="00:00:00.0001491" startTime="2026-08-13T11:41:38.2949789+05:30" endTime="2026-08-13T11:41:38.2950738+05:30" testType="13cdc9d9-ddb5-4fa4-a97d-d965ccfc6d4b" outcome="Passed" testListId="8c84fa94-04c1-424b-9868-57a2d4851a1d" relativeResultsDirectory="a4a74e05-dfa8-4a1a-a382-9fc83ef941e5" />
    <UnitTestResult executionId="15aba6e9-6fe1-4bba-9cf8-8810bb4c6862" testId="2c822ef1-1395-7cda-291d-344d8d31db59" testName="QuotesApi.Tests.QuotesApiIntegrationTests.GetQuoteById_WhenNotFound_ReturnsNotFound" computerName="ASUS" duration="00:00:00.0201335" startTime="2026-08-13T11:41:47.1187283+05:30" endTime="2026-08-13T11:41:47.4338065+05:30" testType="13cdc9d9-ddb5-4fa4-a97d-d965ccfc6d4b" outcome="Passed" testListId="8c84fa94-04c1-424b-9868-57a2d4851a1d" relativeResultsDirectory="15aba6e9-6fe1-4bba-9cf8-8810bb4c6862" />
    <UnitTestResult executionId="8603cf6b-2f53-4974-8f5c-cbc499a7a3ef" testId="b9da435c-da37-8369-1198-6850f0055e80" testName="QuotesApi.Tests.QuotesApiIntegrationTests.Refresh_WithUnknownToken_ReturnsUnauthorized" computerName="ASUS" duration="00:00:00.0202641" startTime="2026-08-13T11:41:46.2176358+05:30" endTime="2026-08-13T11:41:46.5796151+05:30" testType="13cdc9d9-ddb5-4fa4-a97d-d965ccfc6d4b" outcome="Passed" testListId="8c84fa94-04c1-424b-9868-57a2d4851a1d" relativeResultsDirectory="8603cf6b-2f53-4974-8f5c-cbc499a7a3ef" />
    <UnitTestResult executionId="a3b6b654-f8a0-43dc-b55d-3f62e5a23ddc" testId="5163df88-21b9-cd43-e474-d06fcb43e8b5" testName="QuotesApi.Tests.QuotesApiIntegrationTests.GetQuoteById_WhenFound_ReturnsMatchingQuote" computerName="ASUS" duration="00:00:00.0349751" startTime="2026-08-13T11:41:43.7359071+05:30" endTime="2026-08-13T11:41:44.1630348+05:30" testType="13cdc9d9-ddb5-4fa4-a97d-d965ccfc6d4b" outcome="Passed" testListId="8c84fa94-04c1-424b-9868-57a2d4851a1d" relativeResultsDirectory="a3b6b654-f8a0-43dc-b55d-3f62e5a23ddc" />
    <UnitTestResult executionId="6f349723-94bc-416f-940c-715701be3200" testId="e9e130b8-bf23-b07b-5c85-7d85091a0fb0" testName="QuotesApi.Tests.QuotesApiIntegrationTests.DeleteQuote_WhenQuoteDoesNotExist_ReturnsNotFound" computerName="ASUS" duration="00:00:00.0232927" startTime="2026-08-13T11:41:47.7923434+05:30" endTime="2026-08-13T11:41:48.0922100+05:30" testType="13cdc9d9-ddb5-4fa4-a97d-d965ccfc6d4b" outcome="Passed" testListId="8c84fa94-04c1-424b-9868-57a2d4851a1d" relativeResultsDirectory="6f349723-94bc-416f-940c-715701be3200" />
    <UnitTestResult executionId="9e6e5e9d-4cfd-4469-a27c-cdf22d58894e" testId="882baea3-3b58-f28b-d966-5be112fb2d06" testName="QuotesApi.Tests.RefreshTokenEvaluatorTests.Evaluate_RevokedAndExpiredToken_ReusePrecedesExpiry" computerName="ASUS" duration="00:00:00.0005930" startTime="2026-08-13T11:41:38.3546887+05:30" endTime="2026-08-13T11:41:38.3547378+05:30" testType="13cdc9d9-ddb5-4fa4-a97d-d965ccfc6d4b" outcome="Passed" testListId="8c84fa94-04c1-424b-9868-57a2d4851a1d" relativeResultsDirectory="9e6e5e9d-4cfd-4469-a27c-cdf22d58894e" />
    <UnitTestResult executionId="b4f192d3-478a-46c3-9ae7-d3d29262c34a" testId="aef319bc-a678-2d65-dee8-ea9d6da6d629" testName="QuotesApi.Tests.QuotesApiIntegrationTests.CreateQuote_WithoutToken_ReturnsUnauthorized" computerName="ASUS" duration="00:00:00.0193481" startTime="2026-08-13T11:41:42.3182923+05:30" endTime="2026-08-13T11:41:42.7597883+05:30" testType="13cdc9d9-ddb5-4fa4-a97d-d965ccfc6d4b" outcome="Passed" testListId="8c84fa94-04c1-424b-9868-57a2d4851a1d" relativeResultsDirectory="b4f192d3-478a-46c3-9ae7-d3d29262c34a" />
    <UnitTestResult executionId="93d5d22b-431b-49fa-8c90-25ba1d260827" testId="4fa5d56d-ff77-21f8-9173-fc6cbde2ca59" testName="QuotesApi.Tests.QuotesApiIntegrationTests.CreateQuote_WithEmptyAuthor_ReturnsBadRequestProblemDetails" computerName="ASUS" duration="00:00:00.0438902" startTime="2026-08-13T11:41:42.7609607+05:30" endTime="2026-08-13T11:41:43.2483924+05:30" testType="13cdc9d9-ddb5-4fa4-a97d-d965ccfc6d4b" outcome="Passed" testListId="8c84fa94-04c1-424b-9868-57a2d4851a1d" relativeResultsDirectory="93d5d22b-431b-49fa-8c90-25ba1d260827" />
    <UnitTestResult executionId="677ff290-b67c-4845-999b-f3e7230d9352" testId="f16818ef-e437-1cb2-782b-7f296a1ed209" testName="QuotesApi.Tests.QuoteTests.Create_ValidationOrder_AuthorIsCheckedBeforeText" computerName="ASUS" duration="00:00:00.0010124" startTime="2026-08-13T11:41:38.2836154+05:30" endTime="2026-08-13T11:41:38.2837315+05:30" testType="13cdc9d9-ddb5-4fa4-a97d-d965ccfc6d4b" outcome="Passed" testListId="8c84fa94-04c1-424b-9868-57a2d4851a1d" relativeResultsDirectory="677ff290-b67c-4845-999b-f3e7230d9352" />
    <UnitTestResult executionId="795e3a64-dc30-4f5d-8b68-bc69e6b8639e" testId="a2fdb0aa-1263-43ad-bd2a-a7c7f74708f1" testName="QuotesApi.Tests.QuoteTests.Create_WithTextLongerThan1000Characters_ThrowsQuoteDomainException" computerName="ASUS" duration="00:00:00.0016378" startTime="2026-08-13T11:41:38.2904800+05:30" endTime="2026-08-13T11:41:38.2906135+05:30" testType="13cdc9d9-ddb5-4fa4-a97d-d965ccfc6d4b" outcome="Passed" testListId="8c84fa94-04c1-424b-9868-57a2d4851a1d" relativeResultsDirectory="795e3a64-dc30-4f5d-8b68-bc69e6b8639e" />
    <UnitTestResult executionId="09c5a7f0-9080-414a-b782-adb485d1ddff" testId="2d975185-9839-3ce8-e038-68fd10843b4d" testName="QuotesApi.Tests.QuoteTests.Create_WithValidAuthorAndText_ReturnsQuoteWithTrimmedValues" computerName="ASUS" duration="00:00:00.0401895" startTime="2026-08-13T11:41:38.1852054+05:30" endTime="2026-08-13T11:41:38.2696645+05:30" testType="13cdc9d9-ddb5-4fa4-a97d-d965ccfc6d4b" outcome="Passed" testListId="8c84fa94-04c1-424b-9868-57a2d4851a1d" relativeResultsDirectory="09c5a7f0-9080-414a-b782-adb485d1ddff" />
    <UnitTestResult executionId="9204e54c-2e27-4de7-82ba-af15ea5db9bd" testId="19db17e3-ee68-cd28-b02d-1132c0a1f5cc" testName="QuotesApi.Tests.QuoteTests.Create_WithMissingAuthor_ThrowsQuoteDomainException(author: null)" computerName="ASUS" duration="00:00:00.0258741" startTime="2026-08-13T11:41:38.2700570+05:30" endTime="2026-08-13T11:41:38.2707854+05:30" testType="13cdc9d9-ddb5-4fa4-a97d-d965ccfc6d4b" outcome="Passed" testListId="8c84fa94-04c1-424b-9868-57a2d4851a1d" relativeResultsDirectory="9204e54c-2e27-4de7-82ba-af15ea5db9bd" />
    <UnitTestResult executionId="8c3162d1-3f7b-4533-9dec-a3b0eba9ae20" testId="7d1a884c-b004-4feb-d123-a0076b71458f" testName="QuotesApi.Tests.ClaimsPrincipalExtensionsTests.GetSubjectId_WithOnlyNameIdentifierClaim_FallsBackToItsValue" computerName="ASUS" duration="00:00:00.0005606" startTime="2026-08-13T11:41:38.2692160+05:30" endTime="2026-08-13T11:41:38.2692560+05:30" testType="13cdc9d9-ddb5-4fa4-a97d-d965ccfc6d4b" outcome="Passed" testListId="8c84fa94-04c1-424b-9868-57a2d4851a1d" relativeResultsDirectory="8c3162d1-3f7b-4533-9dec-a3b0eba9ae20" />
    <UnitTestResult executionId="2bc713bd-5a73-4a35-80b8-c490162f265a" testId="f03a6a31-8764-90e1-1987-08dfd8b60bdd" testName="QuotesApi.Tests.CanModifyOwnQuoteHandlerTests.HandleAsync_UserSubjectMatchesQuoteOwner_Succeeds" computerName="ASUS" duration="00:00:00.0021687" startTime="2026-08-13T11:41:38.3480230+05:30" endTime="2026-08-13T11:41:38.3481811+05:30" testType="13cdc9d9-ddb5-4fa4-a97d-d965ccfc6d4b" outcome="Passed" testListId="8c84fa94-04c1-424b-9868-57a2d4851a1d" relativeResultsDirectory="2bc713bd-5a73-4a35-80b8-c490162f265a" />
    <UnitTestResult executionId="0ec5ec2f-84ac-481c-a999-e049bc98f9ec" testId="11523e49-75e1-c197-94b6-89d60a526d78" testName="QuotesApi.Tests.QuotesApiIntegrationTests.Login_WithValidCredentials_ReturnsOkWithTokens" computerName="ASUS" duration="00:00:00.3348105" startTime="2026-08-13T11:41:44.8484695+05:30" endTime="2026-08-13T11:41:45.5100123+05:30" testType="13cdc9d9-ddb5-4fa4-a97d-d965ccfc6d4b" outcome="Passed" testListId="8c84fa94-04c1-424b-9868-57a2d4851a1d" relativeResultsDirectory="0ec5ec2f-84ac-481c-a999-e049bc98f9ec" />
    <UnitTestResult executionId="232b7669-bae0-4e1d-8656-0d1aa5440d6e" testId="881fc74d-dfe9-41c2-204c-0fcdb24e5f40" testName="QuotesApi.Tests.AuthenticationSchemeSelectorTests.SelectAuthenticationScheme_BearerWithMicrosoftEntraIssuer_ReturnsEntra" computerName="ASUS" duration="00:00:00.0005541" startTime="2026-08-13T11:41:38.2936658+05:30" endTime="2026-08-13T11:41:38.2938024+05:30" testType="13cdc9d9-ddb5-4fa4-a97d-d965ccfc6d4b" outcome="Passed" testListId="8c84fa94-04c1-424b-9868-57a2d4851a1d" relativeResultsDirectory="232b7669-bae0-4e1d-8656-0d1aa5440d6e" />
    <UnitTestResult executionId="07320c55-b2db-4859-996b-cda5ec20ccd9" testId="6717070f-8381-044f-fe44-bb1b962f6a68" testName="QuotesApi.Tests.QuoteTests.Create_WithAuthorExactly200Characters_Succeeds" computerName="ASUS" duration="00:00:00.0006601" startTime="2026-08-13T11:41:38.2792158+05:30" endTime="2026-08-13T11:41:38.2794049+05:30" testType="13cdc9d9-ddb5-4fa4-a97d-d965ccfc6d4b" outcome="Passed" testListId="8c84fa94-04c1-424b-9868-57a2d4851a1d" relativeResultsDirectory="07320c55-b2db-4859-996b-cda5ec20ccd9" />
    <UnitTestResult executionId="b4741b0d-b6db-4560-b553-303e6f735626" testId="2782bfb1-9749-4739-f352-5a412dad3561" testName="QuotesApi.Tests.QuoteAuthorizationTests.Delete_WithoutToken_ReturnsUnauthorized" computerName="ASUS" duration="00:00:00.0205242" startTime="2026-08-13T11:41:42.2894818+05:30" endTime="2026-08-13T11:41:42.7346667+05:30" testType="13cdc9d9-ddb5-4fa4-a97d-d965ccfc6d4b" outcome="Passed" testListId="8c84fa94-04c1-424b-9868-57a2d4851a1d" relativeResultsDirectory="b4741b0d-b6db-4560-b553-303e6f735626" />
    <UnitTestResult executionId="90d6e80e-bbe6-46c9-a702-ee5b3d0c80ff" testId="2e0878ba-a430-59bf-21b6-3459096603e1" testName="QuotesApi.Tests.QuotesApiIntegrationTests.Refresh_WithValidToken_RotatesAndReturnsNewTokens" computerName="ASUS" duration="00:00:00.2950613" startTime="2026-08-13T11:41:44.1726693+05:30" endTime="2026-08-13T11:41:44.8470444+05:30" testType="13cdc9d9-ddb5-4fa4-a97d-d965ccfc6d4b" outcome="Passed" testListId="8c84fa94-04c1-424b-9868-57a2d4851a1d" relativeResultsDirectory="90d6e80e-bbe6-46c9-a702-ee5b3d0c80ff" />
    <UnitTestResult executionId="21d973d1-d82b-48d1-8566-6032cd575d57" testId="9a4921cd-bda7-d508-60b9-1897c909013d" testName="QuotesApi.Tests.RefreshTokenEvaluatorTests.Evaluate_ExpiresAtExactlyEqualsNow_ReturnsExpired" computerName="ASUS" duration="00:00:00.0005856" startTime="2026-08-13T11:41:38.3554401+05:30" endTime="2026-08-13T11:41:38.3555975+05:30" testType="13cdc9d9-ddb5-4fa4-a97d-d965ccfc6d4b" outcome="Passed" testListId="8c84fa94-04c1-424b-9868-57a2d4851a1d" relativeResultsDirectory="21d973d1-d82b-48d1-8566-6032cd575d57" />
    <UnitTestResult executionId="48160b68-90ea-4397-b8bc-efafa369faa1" testId="2cb3e05a-8a35-8e4b-91b7-4e7275525c91" testName="QuotesApi.Tests.QuotesApiIntegrationTests.Logout_WithUnknownToken_ReturnsNoContent" computerName="ASUS" duration="00:00:00.0248551" startTime="2026-08-13T11:41:47.4345182+05:30" endTime="2026-08-13T11:41:47.7916754+05:30" testType="13cdc9d9-ddb5-4fa4-a97d-d965ccfc6d4b" outcome="Passed" testListId="8c84fa94-04c1-424b-9868-57a2d4851a1d" relativeResultsDirectory="48160b68-90ea-4397-b8bc-efafa369faa1" />
  </Results>
  <TestDefinitions>
    <UnitTest name="QuotesApi.Tests.QuotesApiIntegrationTests.CreateQuote_WithoutToken_ReturnsUnauthorized" storage="c:\thinkschool\thinkschool_khushi_jain\quotesapi.tests\bin\debug\net10.0\quotesapi.tests.dll" id="aef319bc-a678-2d65-dee8-ea9d6da6d629">
      <Execution id="b4f192d3-478a-46c3-9ae7-d3d29262c34a" />
      <TestMethod codeBase="C:\ThinkSchool\ThinkSchool_Khushi_Jain\QuotesApi.Tests\bin\Debug\net10.0\QuotesApi.Tests.dll" adapterTypeName="executor://xunit/VsTestRunner3/netcore/" className="QuotesApi.Tests.QuotesApiIntegrationTests" name="CreateQuote_WithoutToken_ReturnsUnauthorized" />
    </UnitTest>
    <UnitTest name="QuotesApi.Tests.QuotesApiIntegrationTests.Refresh_AfterClockAdvancesPastExpiry_ReturnsUnauthorized" storage="c:\thinkschool\thinkschool_khushi_jain\quotesapi.tests\bin\debug\net10.0\quotesapi.tests.dll" id="46c91475-0390-d604-7112-d2e1ce788363">
      <Execution id="b8bb087a-e1db-4332-90e8-69c1c66c8afa" />
      <TestMethod codeBase="C:\ThinkSchool\ThinkSchool_Khushi_Jain\QuotesApi.Tests\bin\Debug\net10.0\QuotesApi.Tests.dll" adapterTypeName="executor://xunit/VsTestRunner3/netcore/" className="QuotesApi.Tests.QuotesApiIntegrationTests" name="Refresh_AfterClockAdvancesPastExpiry_ReturnsUnauthorized" />
    </UnitTest>
    <UnitTest name="QuotesApi.Tests.CanModifyOwnQuoteHandlerTests.HandleAsync_UserSubjectDiffersFromQuoteOwner_DoesNotSucceed" storage="c:\thinkschool\thinkschool_khushi_jain\quotesapi.tests\bin\debug\net10.0\quotesapi.tests.dll" id="d3ef6dfa-081d-4de2-a6cd-a3c893ded389">
      <Execution id="d08df3f7-183e-4e0d-a81d-620622198588" />
      <TestMethod codeBase="C:\ThinkSchool\ThinkSchool_Khushi_Jain\QuotesApi.Tests\bin\Debug\net10.0\QuotesApi.Tests.dll" adapterTypeName="executor://xunit/VsTestRunner3/netcore/" className="QuotesApi.Tests.CanModifyOwnQuoteHandlerTests" name="HandleAsync_UserSubjectDiffersFromQuoteOwner_DoesNotSucceed" />
    </UnitTest>
    <UnitTest name="QuotesApi.Tests.QuoteTests.Create_WithMissingAuthor_ThrowsQuoteDomainException(author: &quot;   &quot;)" storage="c:\thinkschool\thinkschool_khushi_jain\quotesapi.tests\bin\debug\net10.0\quotesapi.tests.dll" id="dad9e442-1e4c-71ee-43ff-d0a63d3180dd">
      <Execution id="5b7fc4f8-dfa4-4449-a114-9851f3c59758" />
      <TestMethod codeBase="C:\ThinkSchool\ThinkSchool_Khushi_Jain\QuotesApi.Tests\bin\Debug\net10.0\QuotesApi.Tests.dll" adapterTypeName="executor://xunit/VsTestRunner3/netcore/" className="QuotesApi.Tests.QuoteTests" name="Create_WithMissingAuthor_ThrowsQuoteDomainException" />
    </UnitTest>
    <UnitTest name="QuotesApi.Tests.QuoteTests.Create_WithAuthorExactly200Characters_Succeeds" storage="c:\thinkschool\thinkschool_khushi_jain\quotesapi.tests\bin\debug\net10.0\quotesapi.tests.dll" id="6717070f-8381-044f-fe44-bb1b962f6a68">
      <Execution id="07320c55-b2db-4859-996b-cda5ec20ccd9" />
      <TestMethod codeBase="C:\ThinkSchool\ThinkSchool_Khushi_Jain\QuotesApi.Tests\bin\Debug\net10.0\QuotesApi.Tests.dll" adapterTypeName="executor://xunit/VsTestRunner3/netcore/" className="QuotesApi.Tests.QuoteTests" name="Create_WithAuthorExactly200Characters_Succeeds" />
    </UnitTest>
    <UnitTest name="QuotesApi.Tests.QuoteTests.Create_WithMissingAuthor_ThrowsQuoteDomainException(author: null)" storage="c:\thinkschool\thinkschool_khushi_jain\quotesapi.tests\bin\debug\net10.0\quotesapi.tests.dll" id="19db17e3-ee68-cd28-b02d-1132c0a1f5cc">
      <Execution id="9204e54c-2e27-4de7-82ba-af15ea5db9bd" />
      <TestMethod codeBase="C:\ThinkSchool\ThinkSchool_Khushi_Jain\QuotesApi.Tests\bin\Debug\net10.0\QuotesApi.Tests.dll" adapterTypeName="executor://xunit/VsTestRunner3/netcore/" className="QuotesApi.Tests.QuoteTests" name="Create_WithMissingAuthor_ThrowsQuoteDomainException" />
    </UnitTest>
    <UnitTest name="QuotesApi.Tests.QuotesApiIntegrationTests.Logout_ThenRefresh_ReturnsUnauthorized" storage="c:\thinkschool\thinkschool_khushi_jain\quotesapi.tests\bin\debug\net10.0\quotesapi.tests.dll" id="5bcee0b1-5f14-d75e-a7e9-1fecb64aab10">
      <Execution id="a88b2d45-d4a0-4c4f-9098-83d6ba1ac435" />
      <TestMethod codeBase="C:\ThinkSchool\ThinkSchool_Khushi_Jain\QuotesApi.Tests\bin\Debug\net10.0\QuotesApi.Tests.dll" adapterTypeName="executor://xunit/VsTestRunner3/netcore/" className="QuotesApi.Tests.QuotesApiIntegrationTests" name="Logout_ThenRefresh_ReturnsUnauthorized" />
    </UnitTest>
    <UnitTest name="QuotesApi.Tests.QuoteTests.Create_WithTextLongerThan1000Characters_ThrowsQuoteDomainException" storage="c:\thinkschool\thinkschool_khushi_jain\quotesapi.tests\bin\debug\net10.0\quotesapi.tests.dll" id="a2fdb0aa-1263-43ad-bd2a-a7c7f74708f1">
      <Execution id="795e3a64-dc30-4f5d-8b68-bc69e6b8639e" />
      <TestMethod codeBase="C:\ThinkSchool\ThinkSchool_Khushi_Jain\QuotesApi.Tests\bin\Debug\net10.0\QuotesApi.Tests.dll" adapterTypeName="executor://xunit/VsTestRunner3/netcore/" className="QuotesApi.Tests.QuoteTests" name="Create_WithTextLongerThan1000Characters_ThrowsQuoteDomainException" />
    </UnitTest>
    <UnitTest name="QuotesApi.Tests.QuotesApiIntegrationTests.GetQuotes_WithInvalidPageSize_ReturnsValidationProblem" storage="c:\thinkschool\thinkschool_khushi_jain\quotesapi.tests\bin\debug\net10.0\quotesapi.tests.dll" id="9d325b05-db65-0bff-ce1b-2f5c49e214ad">
      <Execution id="e3225a14-7be3-441e-afeb-09f69e5879f5" />
      <TestMethod codeBase="C:\ThinkSchool\ThinkSchool_Khushi_Jain\QuotesApi.Tests\bin\Debug\net10.0\QuotesApi.Tests.dll" adapterTypeName="executor://xunit/VsTestRunner3/netcore/" className="QuotesApi.Tests.QuotesApiIntegrationTests" name="GetQuotes_WithInvalidPageSize_ReturnsValidationProblem" />
    </UnitTest>
    <UnitTest name="QuotesApi.Tests.CanModifyOwnQuoteHandlerTests.HandleAsync_UserHasNoSubjectClaim_DoesNotSucceed" storage="c:\thinkschool\thinkschool_khushi_jain\quotesapi.tests\bin\debug\net10.0\quotesapi.tests.dll" id="27d8dc5a-fca6-1d11-6ef7-324f07d5520e">
      <Execution id="5946327d-4b1e-4435-8396-e8efa32c40e3" />
      <TestMethod codeBase="C:\ThinkSchool\ThinkSchool_Khushi_Jain\QuotesApi.Tests\bin\Debug\net10.0\QuotesApi.Tests.dll" adapterTypeName="executor://xunit/VsTestRunner3/netcore/" className="QuotesApi.Tests.CanModifyOwnQuoteHandlerTests" name="HandleAsync_UserHasNoSubjectClaim_DoesNotSucceed" />
    </UnitTest>
    <UnitTest name="QuotesApi.Tests.UnitTest1.Test1" storage="c:\thinkschool\thinkschool_khushi_jain\quotesapi.tests\bin\debug\net10.0\quotesapi.tests.dll" id="7841707c-5701-11e6-d705-021d42a16b8d">
      <Execution id="dd955a02-8a7f-445f-aee3-554adfd8cf1e" />
      <TestMethod codeBase="C:\ThinkSchool\ThinkSchool_Khushi_Jain\QuotesApi.Tests\bin\Debug\net10.0\QuotesApi.Tests.dll" adapterTypeName="executor://xunit/VsTestRunner3/netcore/" className="QuotesApi.Tests.UnitTest1" name="Test1" />
    </UnitTest>
    <UnitTest name="QuotesApi.Tests.QuoteTests.Create_WithMissingOwnerId_ThrowsArgumentException(ownerId: &quot;&quot;)" storage="c:\thinkschool\thinkschool_khushi_jain\quotesapi.tests\bin\debug\net10.0\quotesapi.tests.dll" id="022b63c7-0383-8f9a-1c27-e9fe0aa6966a">
      <Execution id="123a0bf7-aafa-4621-808b-b6f76a283a96" />
      <TestMethod codeBase="C:\ThinkSchool\ThinkSchool_Khushi_Jain\QuotesApi.Tests\bin\Debug\net10.0\QuotesApi.Tests.dll" adapterTypeName="executor://xunit/VsTestRunner3/netcore/" className="QuotesApi.Tests.QuoteTests" name="Create_WithMissingOwnerId_ThrowsArgumentException" />
    </UnitTest>
    <UnitTest name="QuotesApi.Tests.QuotesApiIntegrationTests.Migrations_AppliedToTestDatabase_IncludeAllExpectedMigrations" storage="c:\thinkschool\thinkschool_khushi_jain\quotesapi.tests\bin\debug\net10.0\quotesapi.tests.dll" id="ad202dae-aa0c-764c-f500-00a24226d902">
      <Execution id="14ff5f80-9cb2-4095-b66c-128980a756e3" />
      <TestMethod codeBase="C:\ThinkSchool\ThinkSchool_Khushi_Jain\QuotesApi.Tests\bin\Debug\net10.0\QuotesApi.Tests.dll" adapterTypeName="executor://xunit/VsTestRunner3/netcore/" className="QuotesApi.Tests.QuotesApiIntegrationTests" name="Migrations_AppliedToTestDatabase_IncludeAllExpectedMigrations" />
    </UnitTest>
    <UnitTest name="QuotesApi.Tests.RefreshTokenEvaluatorTests.Evaluate_ExpiredUnrevokedToken_ReturnsExpired" storage="c:\thinkschool\thinkschool_khushi_jain\quotesapi.tests\bin\debug\net10.0\quotesapi.tests.dll" id="45e05401-f4b5-3d93-17ec-29cb12bcf403">
      <Execution id="c36aa365-26d5-4db5-86b3-1119cc687b31" />
      <TestMethod codeBase="C:\ThinkSchool\ThinkSchool_Khushi_Jain\QuotesApi.Tests\bin\Debug\net10.0\QuotesApi.Tests.dll" adapterTypeName="executor://xunit/VsTestRunner3/netcore/" className="QuotesApi.Tests.RefreshTokenEvaluatorTests" name="Evaluate_ExpiredUnrevokedToken_ReturnsExpired" />
    </UnitTest>
    <UnitTest name="QuotesApi.Tests.RefreshTokenEvaluatorTests.Evaluate_ExpiresAtExactlyEqualsNow_ReturnsExpired" storage="c:\thinkschool\thinkschool_khushi_jain\quotesapi.tests\bin\debug\net10.0\quotesapi.tests.dll" id="9a4921cd-bda7-d508-60b9-1897c909013d">
      <Execution id="21d973d1-d82b-48d1-8566-6032cd575d57" />
      <TestMethod codeBase="C:\ThinkSchool\ThinkSchool_Khushi_Jain\QuotesApi.Tests\bin\Debug\net10.0\QuotesApi.Tests.dll" adapterTypeName="executor://xunit/VsTestRunner3/netcore/" className="QuotesApi.Tests.RefreshTokenEvaluatorTests" name="Evaluate_ExpiresAtExactlyEqualsNow_ReturnsExpired" />
    </UnitTest>
    <UnitTest name="QuotesApi.Tests.QuoteTests.Create_ValidationOrder_AuthorIsCheckedBeforeText" storage="c:\thinkschool\thinkschool_khushi_jain\quotesapi.tests\bin\debug\net10.0\quotesapi.tests.dll" id="f16818ef-e437-1cb2-782b-7f296a1ed209">
      <Execution id="677ff290-b67c-4845-999b-f3e7230d9352" />
      <TestMethod codeBase="C:\ThinkSchool\ThinkSchool_Khushi_Jain\QuotesApi.Tests\bin\Debug\net10.0\QuotesApi.Tests.dll" adapterTypeName="executor://xunit/VsTestRunner3/netcore/" className="QuotesApi.Tests.QuoteTests" name="Create_ValidationOrder_AuthorIsCheckedBeforeText" />
    </UnitTest>
    <UnitTest name="QuotesApi.Tests.QuoteTests.SoftDelete_OnActiveQuote_SetsIsDeletedToTrue" storage="c:\thinkschool\thinkschool_khushi_jain\quotesapi.tests\bin\debug\net10.0\quotesapi.tests.dll" id="6e54d9bd-9f5e-a5b0-8846-3a1b05b20b91">
      <Execution id="22a095c6-a9e9-4ef3-ba03-ca9ea0c0eef4" />
      <TestMethod codeBase="C:\ThinkSchool\ThinkSchool_Khushi_Jain\QuotesApi.Tests\bin\Debug\net10.0\QuotesApi.Tests.dll" adapterTypeName="executor://xunit/VsTestRunner3/netcore/" className="QuotesApi.Tests.QuoteTests" name="SoftDelete_OnActiveQuote_SetsIsDeletedToTrue" />
    </UnitTest>
    <UnitTest name="QuotesApi.Tests.QuoteAuthorizationTests.Delete_WithWriteScopeButNotOwner_ReturnsForbidden" storage="c:\thinkschool\thinkschool_khushi_jain\quotesapi.tests\bin\debug\net10.0\quotesapi.tests.dll" id="9e2fd8a6-57bf-f198-ef36-da0cf3d19796">
      <Execution id="6369fda1-8afe-4398-b113-63a0024ebc37" />
      <TestMethod codeBase="C:\ThinkSchool\ThinkSchool_Khushi_Jain\QuotesApi.Tests\bin\Debug\net10.0\QuotesApi.Tests.dll" adapterTypeName="executor://xunit/VsTestRunner3/netcore/" className="QuotesApi.Tests.QuoteAuthorizationTests" name="Delete_WithWriteScopeButNotOwner_ReturnsForbidden" />
    </UnitTest>
    <UnitTest name="QuotesApi.Tests.QuoteTests.Create_WithTextExactly1000Characters_Succeeds" storage="c:\thinkschool\thinkschool_khushi_jain\quotesapi.tests\bin\debug\net10.0\quotesapi.tests.dll" id="13aeee7f-3a61-f934-d695-a8a8d1814ba4">
      <Execution id="7b3c1a6b-1d07-42b6-bbe2-e1aa9e465db6" />
      <TestMethod codeBase="C:\ThinkSchool\ThinkSchool_Khushi_Jain\QuotesApi.Tests\bin\Debug\net10.0\QuotesApi.Tests.dll" adapterTypeName="executor://xunit/VsTestRunner3/netcore/" className="QuotesApi.Tests.QuoteTests" name="Create_WithTextExactly1000Characters_Succeeds" />
    </UnitTest>
    <UnitTest name="QuotesApi.Tests.QuotesApiIntegrationTests.Login_WithWrongPassword_ReturnsUnauthorized" storage="c:\thinkschool\thinkschool_khushi_jain\quotesapi.tests\bin\debug\net10.0\quotesapi.tests.dll" id="06794224-7ffb-069c-8a3e-7af85f6d441e">
      <Execution id="5eed3c6f-5ce6-43e1-94df-55c4aa0bd031" />
      <TestMethod codeBase="C:\ThinkSchool\ThinkSchool_Khushi_Jain\QuotesApi.Tests\bin\Debug\net10.0\QuotesApi.Tests.dll" adapterTypeName="executor://xunit/VsTestRunner3/netcore/" className="QuotesApi.Tests.QuotesApiIntegrationTests" name="Login_WithWrongPassword_ReturnsUnauthorized" />
    </UnitTest>
    <UnitTest name="QuotesApi.Tests.QuoteTests.Create_WithMissingText_ThrowsQuoteDomainException(text: &quot;   &quot;)" storage="c:\thinkschool\thinkschool_khushi_jain\quotesapi.tests\bin\debug\net10.0\quotesapi.tests.dll" id="4b876293-d94b-3bc3-f346-cfaa8b1b09ca">
      <Execution id="3769ddb9-77a2-45e3-b0f7-f57fea7a9d77" />
      <TestMethod codeBase="C:\ThinkSchool\ThinkSchool_Khushi_Jain\QuotesApi.Tests\bin\Debug\net10.0\QuotesApi.Tests.dll" adapterTypeName="executor://xunit/VsTestRunner3/netcore/" className="QuotesApi.Tests.QuoteTests" name="Create_WithMissingText_ThrowsQuoteDomainException" />
    </UnitTest>
    <UnitTest name="QuotesApi.Tests.CanModifyOwnQuoteHandlerTests.HandleAsync_QuoteHasNoOwner_DoesNotSucceed" storage="c:\thinkschool\thinkschool_khushi_jain\quotesapi.tests\bin\debug\net10.0\quotesapi.tests.dll" id="0afaa97b-e592-1dad-733c-aba23d3cabdd">
      <Execution id="654de7af-ca08-44d7-9d5b-a34ff5c31949" />
      <TestMethod codeBase="C:\ThinkSchool\ThinkSchool_Khushi_Jain\QuotesApi.Tests\bin\Debug\net10.0\QuotesApi.Tests.dll" adapterTypeName="executor://xunit/VsTestRunner3/netcore/" className="QuotesApi.Tests.CanModifyOwnQuoteHandlerTests" name="HandleAsync_QuoteHasNoOwner_DoesNotSucceed" />
    </UnitTest>
    <UnitTest name="QuotesApi.Tests.QuoteTests.SoftDelete_CalledTwice_RemainsDeletedWithoutError" storage="c:\thinkschool\thinkschool_khushi_jain\quotesapi.tests\bin\debug\net10.0\quotesapi.tests.dll" id="fd861f8d-3331-51a7-c02c-8b53e5b3a5b6">
      <Execution id="4d1d712f-50f8-4d97-8e62-fb6ad1c98b38" />
      <TestMethod codeBase="C:\ThinkSchool\ThinkSchool_Khushi_Jain\QuotesApi.Tests\bin\Debug\net10.0\QuotesApi.Tests.dll" adapterTypeName="executor://xunit/VsTestRunner3/netcore/" className="QuotesApi.Tests.QuoteTests" name="SoftDelete_CalledTwice_RemainsDeletedWithoutError" />
    </UnitTest>
    <UnitTest name="QuotesApi.Tests.ClaimsPrincipalExtensionsTests.GetSubjectId_WithUnauthenticatedEmptyPrincipal_ReturnsNull" storage="c:\thinkschool\thinkschool_khushi_jain\quotesapi.tests\bin\debug\net10.0\quotesapi.tests.dll" id="2f64ecc7-7177-a431-0b01-f6c949fc8695">
      <Execution id="29e3391b-085c-482f-8553-41d73e0b24f6" />
      <TestMethod codeBase="C:\ThinkSchool\ThinkSchool_Khushi_Jain\QuotesApi.Tests\bin\Debug\net10.0\QuotesApi.Tests.dll" adapterTypeName="executor://xunit/VsTestRunner3/netcore/" className="QuotesApi.Tests.ClaimsPrincipalExtensionsTests" name="GetSubjectId_WithUnauthenticatedEmptyPrincipal_ReturnsNull" />
    </UnitTest>
    <UnitTest name="QuotesApi.Tests.QuoteTests.Create_WithMissingOwnerId_ThrowsArgumentException(ownerId: &quot;   &quot;)" storage="c:\thinkschool\thinkschool_khushi_jain\quotesapi.tests\bin\debug\net10.0\quotesapi.tests.dll" id="cfcba72e-c146-a23b-8dd2-ee73f2ea2799">
      <Execution id="ebef495b-e8c3-472a-9749-3c3fbae3e76c" />
      <TestMethod codeBase="C:\ThinkSchool\ThinkSchool_Khushi_Jain\QuotesApi.Tests\bin\Debug\net10.0\QuotesApi.Tests.dll" adapterTypeName="executor://xunit/VsTestRunner3/netcore/" className="QuotesApi.Tests.QuoteTests" name="Create_WithMissingOwnerId_ThrowsArgumentException" />
    </UnitTest>
    <UnitTest name="QuotesApi.Tests.QuoteTests.Create_WithMissingOwnerId_ThrowsArgumentException(ownerId: null)" storage="c:\thinkschool\thinkschool_khushi_jain\quotesapi.tests\bin\debug\net10.0\quotesapi.tests.dll" id="6974d02e-1526-a558-5b89-8d0423dc6966">
      <Execution id="20583f91-95fb-4ed8-a1b3-7ab9619690ee" />
      <TestMethod codeBase="C:\ThinkSchool\ThinkSchool_Khushi_Jain\QuotesApi.Tests\bin\Debug\net10.0\QuotesApi.Tests.dll" adapterTypeName="executor://xunit/VsTestRunner3/netcore/" className="QuotesApi.Tests.QuoteTests" name="Create_WithMissingOwnerId_ThrowsArgumentException" />
    </UnitTest>
    <UnitTest name="QuotesApi.Tests.RefreshTokenEvaluatorTests.Evaluate_TokenOneSecondFromExpiry_ReturnsValid" storage="c:\thinkschool\thinkschool_khushi_jain\quotesapi.tests\bin\debug\net10.0\quotesapi.tests.dll" id="85d5cf81-88b8-8a39-24f3-571b195e4e30">
      <Execution id="50ec7dac-822a-423f-aef1-fe2187c18a61" />
      <TestMethod codeBase="C:\ThinkSchool\ThinkSchool_Khushi_Jain\QuotesApi.Tests\bin\Debug\net10.0\QuotesApi.Tests.dll" adapterTypeName="executor://xunit/VsTestRunner3/netcore/" className="QuotesApi.Tests.RefreshTokenEvaluatorTests" name="Evaluate_TokenOneSecondFromExpiry_ReturnsValid" />
    </UnitTest>
    <UnitTest name="QuotesApi.Tests.QuoteAuthorizationTests.Delete_WithoutWriteScope_ReturnsForbidden" storage="c:\thinkschool\thinkschool_khushi_jain\quotesapi.tests\bin\debug\net10.0\quotesapi.tests.dll" id="41f3d23c-90af-f515-1fc2-617f92d9efb3">
      <Execution id="5721c528-25dd-4474-b10c-4199d2e452c6" />
      <TestMethod codeBase="C:\ThinkSchool\ThinkSchool_Khushi_Jain\QuotesApi.Tests\bin\Debug\net10.0\QuotesApi.Tests.dll" adapterTypeName="executor://xunit/VsTestRunner3/netcore/" className="QuotesApi.Tests.QuoteAuthorizationTests" name="Delete_WithoutWriteScope_ReturnsForbidden" />
    </UnitTest>
    <UnitTest name="QuotesApi.Tests.QuoteAuthorizationTests.Delete_WithWriteScopeAndOwnership_Succeeds" storage="c:\thinkschool\thinkschool_khushi_jain\quotesapi.tests\bin\debug\net10.0\quotesapi.tests.dll" id="8a6ed064-f7d2-63bd-4c34-7be74602357f">
      <Execution id="47ab84fd-9c39-49c5-8001-810fb08342de" />
      <TestMethod codeBase="C:\ThinkSchool\ThinkSchool_Khushi_Jain\QuotesApi.Tests\bin\Debug\net10.0\QuotesApi.Tests.dll" adapterTypeName="executor://xunit/VsTestRunner3/netcore/" className="QuotesApi.Tests.QuoteAuthorizationTests" name="Delete_WithWriteScopeAndOwnership_Succeeds" />
    </UnitTest>
    <UnitTest name="QuotesApi.Tests.QuotesApiIntegrationTests.CreateQuote_WithEmptyAuthor_ReturnsBadRequestProblemDetails" storage="c:\thinkschool\thinkschool_khushi_jain\quotesapi.tests\bin\debug\net10.0\quotesapi.tests.dll" id="4fa5d56d-ff77-21f8-9173-fc6cbde2ca59">
      <Execution id="93d5d22b-431b-49fa-8c90-25ba1d260827" />
      <TestMethod codeBase="C:\ThinkSchool\ThinkSchool_Khushi_Jain\QuotesApi.Tests\bin\Debug\net10.0\QuotesApi.Tests.dll" adapterTypeName="executor://xunit/VsTestRunner3/netcore/" className="QuotesApi.Tests.QuotesApiIntegrationTests" name="CreateQuote_WithEmptyAuthor_ReturnsBadRequestProblemDetails" />
    </UnitTest>
    <UnitTest name="QuotesApi.Tests.QuotesApiIntegrationTests.GetQuotes_OnFreshDatabase_ReturnsEmptyPagedResult" storage="c:\thinkschool\thinkschool_khushi_jain\quotesapi.tests\bin\debug\net10.0\quotesapi.tests.dll" id="32b4366c-f18a-d998-7a4f-b7ff6a2fdfb8">
      <Execution id="76495ae5-9e69-4550-8075-3ccf800c2406" />
      <TestMethod codeBase="C:\ThinkSchool\ThinkSchool_Khushi_Jain\QuotesApi.Tests\bin\Debug\net10.0\QuotesApi.Tests.dll" adapterTypeName="executor://xunit/VsTestRunner3/netcore/" className="QuotesApi.Tests.QuotesApiIntegrationTests" name="GetQuotes_OnFreshDatabase_ReturnsEmptyPagedResult" />
    </UnitTest>
    <UnitTest name="QuotesApi.Tests.QuotesApiIntegrationTests.Refresh_WithValidToken_RotatesAndReturnsNewTokens" storage="c:\thinkschool\thinkschool_khushi_jain\quotesapi.tests\bin\debug\net10.0\quotesapi.tests.dll" id="2e0878ba-a430-59bf-21b6-3459096603e1">
      <Execution id="90d6e80e-bbe6-46c9-a702-ee5b3d0c80ff" />
      <TestMethod codeBase="C:\ThinkSchool\ThinkSchool_Khushi_Jain\QuotesApi.Tests\bin\Debug\net10.0\QuotesApi.Tests.dll" adapterTypeName="executor://xunit/VsTestRunner3/netcore/" className="QuotesApi.Tests.QuotesApiIntegrationTests" name="Refresh_WithValidToken_RotatesAndReturnsNewTokens" />
    </UnitTest>
    <UnitTest name="QuotesApi.Tests.ClaimsPrincipalExtensionsTests.GetSubjectId_WithOnlyNameIdentifierClaim_FallsBackToItsValue" storage="c:\thinkschool\thinkschool_khushi_jain\quotesapi.tests\bin\debug\net10.0\quotesapi.tests.dll" id="7d1a884c-b004-4feb-d123-a0076b71458f">
      <Execution id="8c3162d1-3f7b-4533-9dec-a3b0eba9ae20" />
      <TestMethod codeBase="C:\ThinkSchool\ThinkSchool_Khushi_Jain\QuotesApi.Tests\bin\Debug\net10.0\QuotesApi.Tests.dll" adapterTypeName="executor://xunit/VsTestRunner3/netcore/" className="QuotesApi.Tests.ClaimsPrincipalExtensionsTests" name="GetSubjectId_WithOnlyNameIdentifierClaim_FallsBackToItsValue" />
    </UnitTest>
    <UnitTest name="QuotesApi.Tests.AuthenticationSchemeSelectorTests.SelectAuthenticationScheme_MalformedBearerToken_FallsBackToInternalJwtWithoutThrowing" storage="c:\thinkschool\thinkschool_khushi_jain\quotesapi.tests\bin\debug\net10.0\quotesapi.tests.dll" id="a8c6d357-9bd4-90e7-3052-154af12d5214">
      <Execution id="57184cbb-d70e-4d78-8ff3-0fd3cb383c45" />
      <TestMethod codeBase="C:\ThinkSchool\ThinkSchool_Khushi_Jain\QuotesApi.Tests\bin\Debug\net10.0\QuotesApi.Tests.dll" adapterTypeName="executor://xunit/VsTestRunner3/netcore/" className="QuotesApi.Tests.AuthenticationSchemeSelectorTests" name="SelectAuthenticationScheme_MalformedBearerToken_FallsBackToInternalJwtWithoutThrowing" />
    </UnitTest>
    <UnitTest name="QuotesApi.Tests.RefreshTokenEvaluatorTests.Evaluate_TokenNotRevokedAndNotExpired_ReturnsValid" storage="c:\thinkschool\thinkschool_khushi_jain\quotesapi.tests\bin\debug\net10.0\quotesapi.tests.dll" id="6f333a99-5bb0-d0bd-e243-59ef71dfecf0">
      <Execution id="ac889bfd-9119-45e5-a413-dd076404c2a9" />
      <TestMethod codeBase="C:\ThinkSchool\ThinkSchool_Khushi_Jain\QuotesApi.Tests\bin\Debug\net10.0\QuotesApi.Tests.dll" adapterTypeName="executor://xunit/VsTestRunner3/netcore/" className="QuotesApi.Tests.RefreshTokenEvaluatorTests" name="Evaluate_TokenNotRevokedAndNotExpired_ReturnsValid" />
    </UnitTest>
    <UnitTest name="QuotesApi.Tests.CanModifyOwnQuoteHandlerTests.HandleAsync_UserSubjectMatchesQuoteOwner_Succeeds" storage="c:\thinkschool\thinkschool_khushi_jain\quotesapi.tests\bin\debug\net10.0\quotesapi.tests.dll" id="f03a6a31-8764-90e1-1987-08dfd8b60bdd">
      <Execution id="2bc713bd-5a73-4a35-80b8-c490162f265a" />
      <TestMethod codeBase="C:\ThinkSchool\ThinkSchool_Khushi_Jain\QuotesApi.Tests\bin\Debug\net10.0\QuotesApi.Tests.dll" adapterTypeName="executor://xunit/VsTestRunner3/netcore/" className="QuotesApi.Tests.CanModifyOwnQuoteHandlerTests" name="HandleAsync_UserSubjectMatchesQuoteOwner_Succeeds" />
    </UnitTest>
    <UnitTest name="QuotesApi.Tests.QuoteRepositoryTests.DeleteAsync_QuoteDoesNotExist_ReturnsFalse" storage="c:\thinkschool\thinkschool_khushi_jain\quotesapi.tests\bin\debug\net10.0\quotesapi.tests.dll" id="573ad788-b706-4f96-1a57-5f6603432d09">
      <Execution id="2e310bc1-0a81-40c9-b023-df53f78a062f" />
      <TestMethod codeBase="C:\ThinkSchool\ThinkSchool_Khushi_Jain\QuotesApi.Tests\bin\Debug\net10.0\QuotesApi.Tests.dll" adapterTypeName="executor://xunit/VsTestRunner3/netcore/" className="QuotesApi.Tests.QuoteRepositoryTests" name="DeleteAsync_QuoteDoesNotExist_ReturnsFalse" />
    </UnitTest>
    <UnitTest name="QuotesApi.Tests.QuoteTests.Create_WithMissingAuthor_ThrowsQuoteDomainException(author: &quot;&quot;)" storage="c:\thinkschool\thinkschool_khushi_jain\quotesapi.tests\bin\debug\net10.0\quotesapi.tests.dll" id="a5a10f32-2aaf-ad63-d8ee-005bdeab1662">
      <Execution id="9bbbc510-f2c8-4a84-83ce-74f28e793a8c" />
      <TestMethod codeBase="C:\ThinkSchool\ThinkSchool_Khushi_Jain\QuotesApi.Tests\bin\Debug\net10.0\QuotesApi.Tests.dll" adapterTypeName="executor://xunit/VsTestRunner3/netcore/" className="QuotesApi.Tests.QuoteTests" name="Create_WithMissingAuthor_ThrowsQuoteDomainException" />
    </UnitTest>
    <UnitTest name="QuotesApi.Tests.RefreshTokenEvaluatorTests.Evaluate_RevokedAndExpiredToken_ReusePrecedesExpiry" storage="c:\thinkschool\thinkschool_khushi_jain\quotesapi.tests\bin\debug\net10.0\quotesapi.tests.dll" id="882baea3-3b58-f28b-d966-5be112fb2d06">
      <Execution id="9e6e5e9d-4cfd-4469-a27c-cdf22d58894e" />
      <TestMethod codeBase="C:\ThinkSchool\ThinkSchool_Khushi_Jain\QuotesApi.Tests\bin\Debug\net10.0\QuotesApi.Tests.dll" adapterTypeName="executor://xunit/VsTestRunner3/netcore/" className="QuotesApi.Tests.RefreshTokenEvaluatorTests" name="Evaluate_RevokedAndExpiredToken_ReusePrecedesExpiry" />
    </UnitTest>
    <UnitTest name="QuotesApi.Tests.QuoteAuthorizationTests.Refresh_ReusingOldRefreshToken_ReturnsUnauthorized" storage="c:\thinkschool\thinkschool_khushi_jain\quotesapi.tests\bin\debug\net10.0\quotesapi.tests.dll" id="64913c3a-8586-cd2d-913a-c9fece6c2ecf">
      <Execution id="9c98b6ac-0521-4d6b-87ba-5db389fc7f44" />
      <TestMethod codeBase="C:\ThinkSchool\ThinkSchool_Khushi_Jain\QuotesApi.Tests\bin\Debug\net10.0\QuotesApi.Tests.dll" adapterTypeName="executor://xunit/VsTestRunner3/netcore/" className="QuotesApi.Tests.QuoteAuthorizationTests" name="Refresh_ReusingOldRefreshToken_ReturnsUnauthorized" />
    </UnitTest>
    <UnitTest name="QuotesApi.Tests.QuoteTests.Create_WithValidAuthorAndText_ReturnsQuoteWithTrimmedValues" storage="c:\thinkschool\thinkschool_khushi_jain\quotesapi.tests\bin\debug\net10.0\quotesapi.tests.dll" id="2d975185-9839-3ce8-e038-68fd10843b4d">
      <Execution id="09c5a7f0-9080-414a-b782-adb485d1ddff" />
      <TestMethod codeBase="C:\ThinkSchool\ThinkSchool_Khushi_Jain\QuotesApi.Tests\bin\Debug\net10.0\QuotesApi.Tests.dll" adapterTypeName="executor://xunit/VsTestRunner3/netcore/" className="QuotesApi.Tests.QuoteTests" name="Create_WithValidAuthorAndText_ReturnsQuoteWithTrimmedValues" />
    </UnitTest>
    <UnitTest name="QuotesApi.Tests.QuotesApiIntegrationTests.Refresh_WithUnknownToken_ReturnsUnauthorized" storage="c:\thinkschool\thinkschool_khushi_jain\quotesapi.tests\bin\debug\net10.0\quotesapi.tests.dll" id="b9da435c-da37-8369-1198-6850f0055e80">
      <Execution id="8603cf6b-2f53-4974-8f5c-cbc499a7a3ef" />
      <TestMethod codeBase="C:\ThinkSchool\ThinkSchool_Khushi_Jain\QuotesApi.Tests\bin\Debug\net10.0\QuotesApi.Tests.dll" adapterTypeName="executor://xunit/VsTestRunner3/netcore/" className="QuotesApi.Tests.QuotesApiIntegrationTests" name="Refresh_WithUnknownToken_ReturnsUnauthorized" />
    </UnitTest>
    <UnitTest name="QuotesApi.Tests.QuotesApiIntegrationTests.GetQuoteById_WhenFound_ReturnsMatchingQuote" storage="c:\thinkschool\thinkschool_khushi_jain\quotesapi.tests\bin\debug\net10.0\quotesapi.tests.dll" id="5163df88-21b9-cd43-e474-d06fcb43e8b5">
      <Execution id="a3b6b654-f8a0-43dc-b55d-3f62e5a23ddc" />
      <TestMethod codeBase="C:\ThinkSchool\ThinkSchool_Khushi_Jain\QuotesApi.Tests\bin\Debug\net10.0\QuotesApi.Tests.dll" adapterTypeName="executor://xunit/VsTestRunner3/netcore/" className="QuotesApi.Tests.QuotesApiIntegrationTests" name="GetQuoteById_WhenFound_ReturnsMatchingQuote" />
    </UnitTest>
    <UnitTest name="QuotesApi.Tests.QuoteAuthorizationTests.Delete_WithoutToken_ReturnsUnauthorized" storage="c:\thinkschool\thinkschool_khushi_jain\quotesapi.tests\bin\debug\net10.0\quotesapi.tests.dll" id="2782bfb1-9749-4739-f352-5a412dad3561">
      <Execution id="b4741b0d-b6db-4560-b553-303e6f735626" />
      <TestMethod codeBase="C:\ThinkSchool\ThinkSchool_Khushi_Jain\QuotesApi.Tests\bin\Debug\net10.0\QuotesApi.Tests.dll" adapterTypeName="executor://xunit/VsTestRunner3/netcore/" className="QuotesApi.Tests.QuoteAuthorizationTests" name="Delete_WithoutToken_ReturnsUnauthorized" />
    </UnitTest>
    <UnitTest name="QuotesApi.Tests.QuoteTests.Create_WithAuthorLongerThan200Characters_ThrowsQuoteDomainException" storage="c:\thinkschool\thinkschool_khushi_jain\quotesapi.tests\bin\debug\net10.0\quotesapi.tests.dll" id="d1b70385-04c2-cb15-eb68-ed7808637e91">
      <Execution id="216d2b5b-80d6-4f46-b4f4-40abd7250a69" />
      <TestMethod codeBase="C:\ThinkSchool\ThinkSchool_Khushi_Jain\QuotesApi.Tests\bin\Debug\net10.0\QuotesApi.Tests.dll" adapterTypeName="executor://xunit/VsTestRunner3/netcore/" className="QuotesApi.Tests.QuoteTests" name="Create_WithAuthorLongerThan200Characters_ThrowsQuoteDomainException" />
    </UnitTest>
    <UnitTest name="QuotesApi.Tests.AuthenticationSchemeSelectorTests.SelectAuthenticationScheme_BearerWithMicrosoftEntraIssuer_ReturnsEntra" storage="c:\thinkschool\thinkschool_khushi_jain\quotesapi.tests\bin\debug\net10.0\quotesapi.tests.dll" id="881fc74d-dfe9-41c2-204c-0fcdb24e5f40">
      <Execution id="232b7669-bae0-4e1d-8656-0d1aa5440d6e" />
      <TestMethod codeBase="C:\ThinkSchool\ThinkSchool_Khushi_Jain\QuotesApi.Tests\bin\Debug\net10.0\QuotesApi.Tests.dll" adapterTypeName="executor://xunit/VsTestRunner3/netcore/" className="QuotesApi.Tests.AuthenticationSchemeSelectorTests" name="SelectAuthenticationScheme_BearerWithMicrosoftEntraIssuer_ReturnsEntra" />
    </UnitTest>
    <UnitTest name="QuotesApi.Tests.QuoteTests.Create_WithMissingText_ThrowsQuoteDomainException(text: null)" storage="c:\thinkschool\thinkschool_khushi_jain\quotesapi.tests\bin\debug\net10.0\quotesapi.tests.dll" id="091c2ce3-f36f-48de-7bf4-72bae0c4714b">
      <Execution id="44ea97bd-2788-4eee-b8ba-92651d786c5d" />
      <TestMethod codeBase="C:\ThinkSchool\ThinkSchool_Khushi_Jain\QuotesApi.Tests\bin\Debug\net10.0\QuotesApi.Tests.dll" adapterTypeName="executor://xunit/VsTestRunner3/netcore/" className="QuotesApi.Tests.QuoteTests" name="Create_WithMissingText_ThrowsQuoteDomainException" />
    </UnitTest>
    <UnitTest name="QuotesApi.Tests.RefreshTokenEvaluatorTests.Evaluate_RevokedToken_ReturnsReused" storage="c:\thinkschool\thinkschool_khushi_jain\quotesapi.tests\bin\debug\net10.0\quotesapi.tests.dll" id="45447853-c527-802d-66c9-cd6be9f038f5">
      <Execution id="6b085cc5-b82c-4197-9580-54abf773546a" />
      <TestMethod codeBase="C:\ThinkSchool\ThinkSchool_Khushi_Jain\QuotesApi.Tests\bin\Debug\net10.0\QuotesApi.Tests.dll" adapterTypeName="executor://xunit/VsTestRunner3/netcore/" className="QuotesApi.Tests.RefreshTokenEvaluatorTests" name="Evaluate_RevokedToken_ReturnsReused" />
    </UnitTest>
    <UnitTest name="QuotesApi.Tests.QuotesApiIntegrationTests.Login_WithUnknownEmail_ReturnsUnauthorized" storage="c:\thinkschool\thinkschool_khushi_jain\quotesapi.tests\bin\debug\net10.0\quotesapi.tests.dll" id="6bdd197c-3de7-158b-dd6a-e48ab5573cbf">
      <Execution id="16a3d84b-491c-4c86-80dc-8126f38f6733" />
      <TestMethod codeBase="C:\ThinkSchool\ThinkSchool_Khushi_Jain\QuotesApi.Tests\bin\Debug\net10.0\QuotesApi.Tests.dll" adapterTypeName="executor://xunit/VsTestRunner3/netcore/" className="QuotesApi.Tests.QuotesApiIntegrationTests" name="Login_WithUnknownEmail_ReturnsUnauthorized" />
    </UnitTest>
    <UnitTest name="QuotesApi.Tests.QuotesApiIntegrationTests.DeleteQuote_WhenQuoteDoesNotExist_ReturnsNotFound" storage="c:\thinkschool\thinkschool_khushi_jain\quotesapi.tests\bin\debug\net10.0\quotesapi.tests.dll" id="e9e130b8-bf23-b07b-5c85-7d85091a0fb0">
      <Execution id="6f349723-94bc-416f-940c-715701be3200" />
      <TestMethod codeBase="C:\ThinkSchool\ThinkSchool_Khushi_Jain\QuotesApi.Tests\bin\Debug\net10.0\QuotesApi.Tests.dll" adapterTypeName="executor://xunit/VsTestRunner3/netcore/" className="QuotesApi.Tests.QuotesApiIntegrationTests" name="DeleteQuote_WhenQuoteDoesNotExist_ReturnsNotFound" />
    </UnitTest>
    <UnitTest name="QuotesApi.Tests.QuoteTests.Create_WithMissingText_ThrowsQuoteDomainException(text: &quot;&quot;)" storage="c:\thinkschool\thinkschool_khushi_jain\quotesapi.tests\bin\debug\net10.0\quotesapi.tests.dll" id="535e8950-027e-cfe2-ab5e-cac49d6c8dd5">
      <Execution id="45b705ae-eb58-4af2-a1f7-ba6418456e02" />
      <TestMethod codeBase="C:\ThinkSchool\ThinkSchool_Khushi_Jain\QuotesApi.Tests\bin\Debug\net10.0\QuotesApi.Tests.dll" adapterTypeName="executor://xunit/VsTestRunner3/netcore/" className="QuotesApi.Tests.QuoteTests" name="Create_WithMissingText_ThrowsQuoteDomainException" />
    </UnitTest>
    <UnitTest name="QuotesApi.Tests.ClaimsPrincipalExtensionsTests.GetSubjectId_WithSubClaim_ReturnsItsValue" storage="c:\thinkschool\thinkschool_khushi_jain\quotesapi.tests\bin\debug\net10.0\quotesapi.tests.dll" id="43083cc2-48a1-48dd-94a2-499f0f2cdf55">
      <Execution id="b4d44b23-dacf-4f98-96ba-aacd40e7df37" />
      <TestMethod codeBase="C:\ThinkSchool\ThinkSchool_Khushi_Jain\QuotesApi.Tests\bin\Debug\net10.0\QuotesApi.Tests.dll" adapterTypeName="executor://xunit/VsTestRunner3/netcore/" className="QuotesApi.Tests.ClaimsPrincipalExtensionsTests" name="GetSubjectId_WithSubClaim_ReturnsItsValue" />
    </UnitTest>
    <UnitTest name="QuotesApi.Tests.AuthenticationSchemeSelectorTests.SelectAuthenticationScheme_BearerWithNonMicrosoftIssuer_ReturnsInternalJwt" storage="c:\thinkschool\thinkschool_khushi_jain\quotesapi.tests\bin\debug\net10.0\quotesapi.tests.dll" id="bdac3447-5b88-6f67-9bb3-b025db5d54d8">
      <Execution id="d7f73bed-e325-4591-9424-afc5ca0bbe0d" />
      <TestMethod codeBase="C:\ThinkSchool\ThinkSchool_Khushi_Jain\QuotesApi.Tests\bin\Debug\net10.0\QuotesApi.Tests.dll" adapterTypeName="executor://xunit/VsTestRunner3/netcore/" className="QuotesApi.Tests.AuthenticationSchemeSelectorTests" name="SelectAuthenticationScheme_BearerWithNonMicrosoftIssuer_ReturnsInternalJwt" />
    </UnitTest>
    <UnitTest name="QuotesApi.Tests.QuotesApiIntegrationTests.CreateQuote_WithValidRequestAndWriteScope_ReturnsCreatedWithQuoteBody" storage="c:\thinkschool\thinkschool_khushi_jain\quotesapi.tests\bin\debug\net10.0\quotesapi.tests.dll" id="b42dfe47-25a1-be84-a6e4-2b3a66ac39d0">
      <Execution id="e80dadf9-f1e6-4ba4-8d2d-14249bf34f19" />
      <TestMethod codeBase="C:\ThinkSchool\ThinkSchool_Khushi_Jain\QuotesApi.Tests\bin\Debug\net10.0\QuotesApi.Tests.dll" adapterTypeName="executor://xunit/VsTestRunner3/netcore/" className="QuotesApi.Tests.QuotesApiIntegrationTests" name="CreateQuote_WithValidRequestAndWriteScope_ReturnsCreatedWithQuoteBody" />
    </UnitTest>
    <UnitTest name="QuotesApi.Tests.QuotesApiIntegrationTests.GetQuoteById_WhenNotFound_ReturnsNotFound" storage="c:\thinkschool\thinkschool_khushi_jain\quotesapi.tests\bin\debug\net10.0\quotesapi.tests.dll" id="2c822ef1-1395-7cda-291d-344d8d31db59">
      <Execution id="15aba6e9-6fe1-4bba-9cf8-8810bb4c6862" />
      <TestMethod codeBase="C:\ThinkSchool\ThinkSchool_Khushi_Jain\QuotesApi.Tests\bin\Debug\net10.0\QuotesApi.Tests.dll" adapterTypeName="executor://xunit/VsTestRunner3/netcore/" className="QuotesApi.Tests.QuotesApiIntegrationTests" name="GetQuoteById_WhenNotFound_ReturnsNotFound" />
    </UnitTest>
    <UnitTest name="QuotesApi.Tests.ClaimsPrincipalExtensionsTests.GetSubjectId_WithNeitherClaim_ReturnsNull" storage="c:\thinkschool\thinkschool_khushi_jain\quotesapi.tests\bin\debug\net10.0\quotesapi.tests.dll" id="597f924b-0dc5-7629-2ee8-73bc9df86572">
      <Execution id="6cea705a-267c-4669-a384-eab2f048d1b6" />
      <TestMethod codeBase="C:\ThinkSchool\ThinkSchool_Khushi_Jain\QuotesApi.Tests\bin\Debug\net10.0\QuotesApi.Tests.dll" adapterTypeName="executor://xunit/VsTestRunner3/netcore/" className="QuotesApi.Tests.ClaimsPrincipalExtensionsTests" name="GetSubjectId_WithNeitherClaim_ReturnsNull" />
    </UnitTest>
    <UnitTest name="QuotesApi.Tests.QuoteAuthorizationTests.Delete_WithExpiredToken_ReturnsUnauthorized" storage="c:\thinkschool\thinkschool_khushi_jain\quotesapi.tests\bin\debug\net10.0\quotesapi.tests.dll" id="a17017a9-c777-4448-fb09-4ccae44a0382">
      <Execution id="eae48b10-2b44-4af6-afd0-3a9252df4b3b" />
      <TestMethod codeBase="C:\ThinkSchool\ThinkSchool_Khushi_Jain\QuotesApi.Tests\bin\Debug\net10.0\QuotesApi.Tests.dll" adapterTypeName="executor://xunit/VsTestRunner3/netcore/" className="QuotesApi.Tests.QuoteAuthorizationTests" name="Delete_WithExpiredToken_ReturnsUnauthorized" />
    </UnitTest>
    <UnitTest name="QuotesApi.Tests.QuotesApiIntegrationTests.Login_WithValidCredentials_ReturnsOkWithTokens" storage="c:\thinkschool\thinkschool_khushi_jain\quotesapi.tests\bin\debug\net10.0\quotesapi.tests.dll" id="11523e49-75e1-c197-94b6-89d60a526d78">
      <Execution id="0ec5ec2f-84ac-481c-a999-e049bc98f9ec" />
      <TestMethod codeBase="C:\ThinkSchool\ThinkSchool_Khushi_Jain\QuotesApi.Tests\bin\Debug\net10.0\QuotesApi.Tests.dll" adapterTypeName="executor://xunit/VsTestRunner3/netcore/" className="QuotesApi.Tests.QuotesApiIntegrationTests" name="Login_WithValidCredentials_ReturnsOkWithTokens" />
    </UnitTest>
    <UnitTest name="QuotesApi.Tests.ClaimsPrincipalExtensionsTests.GetSubjectId_WithBothSubAndNameIdentifierClaims_PrefersSub" storage="c:\thinkschool\thinkschool_khushi_jain\quotesapi.tests\bin\debug\net10.0\quotesapi.tests.dll" id="f5967387-f160-9979-d91a-fee6f70a4233">
      <Execution id="e9c580af-7154-4f0b-9913-51593da71bf6" />
      <TestMethod codeBase="C:\ThinkSchool\ThinkSchool_Khushi_Jain\QuotesApi.Tests\bin\Debug\net10.0\QuotesApi.Tests.dll" adapterTypeName="executor://xunit/VsTestRunner3/netcore/" className="QuotesApi.Tests.ClaimsPrincipalExtensionsTests" name="GetSubjectId_WithBothSubAndNameIdentifierClaims_PrefersSub" />
    </UnitTest>
    <UnitTest name="QuotesApi.Tests.QuotesApiIntegrationTests.Logout_WithUnknownToken_ReturnsNoContent" storage="c:\thinkschool\thinkschool_khushi_jain\quotesapi.tests\bin\debug\net10.0\quotesapi.tests.dll" id="2cb3e05a-8a35-8e4b-91b7-4e7275525c91">
      <Execution id="48160b68-90ea-4397-b8bc-efafa369faa1" />
      <TestMethod codeBase="C:\ThinkSchool\ThinkSchool_Khushi_Jain\QuotesApi.Tests\bin\Debug\net10.0\QuotesApi.Tests.dll" adapterTypeName="executor://xunit/VsTestRunner3/netcore/" className="QuotesApi.Tests.QuotesApiIntegrationTests" name="Logout_WithUnknownToken_ReturnsNoContent" />
    </UnitTest>
    <UnitTest name="QuotesApi.Tests.AuthenticationSchemeSelectorTests.SelectAuthenticationScheme_NoAuthorizationHeader_ReturnsInternalJwt" storage="c:\thinkschool\thinkschool_khushi_jain\quotesapi.tests\bin\debug\net10.0\quotesapi.tests.dll" id="26090ae6-acd9-f6a1-d768-fbb125454b32">
      <Execution id="a4a74e05-dfa8-4a1a-a382-9fc83ef941e5" />
      <TestMethod codeBase="C:\ThinkSchool\ThinkSchool_Khushi_Jain\QuotesApi.Tests\bin\Debug\net10.0\QuotesApi.Tests.dll" adapterTypeName="executor://xunit/VsTestRunner3/netcore/" className="QuotesApi.Tests.AuthenticationSchemeSelectorTests" name="SelectAuthenticationScheme_NoAuthorizationHeader_ReturnsInternalJwt" />
    </UnitTest>
  </TestDefinitions>
  <TestEntries>
    <TestEntry testId="091c2ce3-f36f-48de-7bf4-72bae0c4714b" executionId="44ea97bd-2788-4eee-b8ba-92651d786c5d" testListId="8c84fa94-04c1-424b-9868-57a2d4851a1d" />
    <TestEntry testId="6bdd197c-3de7-158b-dd6a-e48ab5573cbf" executionId="16a3d84b-491c-4c86-80dc-8126f38f6733" testListId="8c84fa94-04c1-424b-9868-57a2d4851a1d" />
    <TestEntry testId="573ad788-b706-4f96-1a57-5f6603432d09" executionId="2e310bc1-0a81-40c9-b023-df53f78a062f" testListId="8c84fa94-04c1-424b-9868-57a2d4851a1d" />
    <TestEntry testId="9d325b05-db65-0bff-ce1b-2f5c49e214ad" executionId="e3225a14-7be3-441e-afeb-09f69e5879f5" testListId="8c84fa94-04c1-424b-9868-57a2d4851a1d" />
    <TestEntry testId="2f64ecc7-7177-a431-0b01-f6c949fc8695" executionId="29e3391b-085c-482f-8553-41d73e0b24f6" testListId="8c84fa94-04c1-424b-9868-57a2d4851a1d" />
    <TestEntry testId="535e8950-027e-cfe2-ab5e-cac49d6c8dd5" executionId="45b705ae-eb58-4af2-a1f7-ba6418456e02" testListId="8c84fa94-04c1-424b-9868-57a2d4851a1d" />
    <TestEntry testId="13aeee7f-3a61-f934-d695-a8a8d1814ba4" executionId="7b3c1a6b-1d07-42b6-bbe2-e1aa9e465db6" testListId="8c84fa94-04c1-424b-9868-57a2d4851a1d" />
    <TestEntry testId="6f333a99-5bb0-d0bd-e243-59ef71dfecf0" executionId="ac889bfd-9119-45e5-a413-dd076404c2a9" testListId="8c84fa94-04c1-424b-9868-57a2d4851a1d" />
    <TestEntry testId="6974d02e-1526-a558-5b89-8d0423dc6966" executionId="20583f91-95fb-4ed8-a1b3-7ab9619690ee" testListId="8c84fa94-04c1-424b-9868-57a2d4851a1d" />
    <TestEntry testId="43083cc2-48a1-48dd-94a2-499f0f2cdf55" executionId="b4d44b23-dacf-4f98-96ba-aacd40e7df37" testListId="8c84fa94-04c1-424b-9868-57a2d4851a1d" />
    <TestEntry testId="9e2fd8a6-57bf-f198-ef36-da0cf3d19796" executionId="6369fda1-8afe-4398-b113-63a0024ebc37" testListId="8c84fa94-04c1-424b-9868-57a2d4851a1d" />
    <TestEntry testId="8a6ed064-f7d2-63bd-4c34-7be74602357f" executionId="47ab84fd-9c39-49c5-8001-810fb08342de" testListId="8c84fa94-04c1-424b-9868-57a2d4851a1d" />
    <TestEntry testId="45e05401-f4b5-3d93-17ec-29cb12bcf403" executionId="c36aa365-26d5-4db5-86b3-1119cc687b31" testListId="8c84fa94-04c1-424b-9868-57a2d4851a1d" />
    <TestEntry testId="022b63c7-0383-8f9a-1c27-e9fe0aa6966a" executionId="123a0bf7-aafa-4621-808b-b6f76a283a96" testListId="8c84fa94-04c1-424b-9868-57a2d4851a1d" />
    <TestEntry testId="cfcba72e-c146-a23b-8dd2-ee73f2ea2799" executionId="ebef495b-e8c3-472a-9749-3c3fbae3e76c" testListId="8c84fa94-04c1-424b-9868-57a2d4851a1d" />
    <TestEntry testId="32b4366c-f18a-d998-7a4f-b7ff6a2fdfb8" executionId="76495ae5-9e69-4550-8075-3ccf800c2406" testListId="8c84fa94-04c1-424b-9868-57a2d4851a1d" />
    <TestEntry testId="fd861f8d-3331-51a7-c02c-8b53e5b3a5b6" executionId="4d1d712f-50f8-4d97-8e62-fb6ad1c98b38" testListId="8c84fa94-04c1-424b-9868-57a2d4851a1d" />
    <TestEntry testId="46c91475-0390-d604-7112-d2e1ce788363" executionId="b8bb087a-e1db-4332-90e8-69c1c66c8afa" testListId="8c84fa94-04c1-424b-9868-57a2d4851a1d" />
    <TestEntry testId="ad202dae-aa0c-764c-f500-00a24226d902" executionId="14ff5f80-9cb2-4095-b66c-128980a756e3" testListId="8c84fa94-04c1-424b-9868-57a2d4851a1d" />
    <TestEntry testId="06794224-7ffb-069c-8a3e-7af85f6d441e" executionId="5eed3c6f-5ce6-43e1-94df-55c4aa0bd031" testListId="8c84fa94-04c1-424b-9868-57a2d4851a1d" />
    <TestEntry testId="7841707c-5701-11e6-d705-021d42a16b8d" executionId="dd955a02-8a7f-445f-aee3-554adfd8cf1e" testListId="8c84fa94-04c1-424b-9868-57a2d4851a1d" />
    <TestEntry testId="64913c3a-8586-cd2d-913a-c9fece6c2ecf" executionId="9c98b6ac-0521-4d6b-87ba-5db389fc7f44" testListId="8c84fa94-04c1-424b-9868-57a2d4851a1d" />
    <TestEntry testId="b42dfe47-25a1-be84-a6e4-2b3a66ac39d0" executionId="e80dadf9-f1e6-4ba4-8d2d-14249bf34f19" testListId="8c84fa94-04c1-424b-9868-57a2d4851a1d" />
    <TestEntry testId="45447853-c527-802d-66c9-cd6be9f038f5" executionId="6b085cc5-b82c-4197-9580-54abf773546a" testListId="8c84fa94-04c1-424b-9868-57a2d4851a1d" />
    <TestEntry testId="f5967387-f160-9979-d91a-fee6f70a4233" executionId="e9c580af-7154-4f0b-9913-51593da71bf6" testListId="8c84fa94-04c1-424b-9868-57a2d4851a1d" />
    <TestEntry testId="5bcee0b1-5f14-d75e-a7e9-1fecb64aab10" executionId="a88b2d45-d4a0-4c4f-9098-83d6ba1ac435" testListId="8c84fa94-04c1-424b-9868-57a2d4851a1d" />
    <TestEntry testId="a17017a9-c777-4448-fb09-4ccae44a0382" executionId="eae48b10-2b44-4af6-afd0-3a9252df4b3b" testListId="8c84fa94-04c1-424b-9868-57a2d4851a1d" />
    <TestEntry testId="a5a10f32-2aaf-ad63-d8ee-005bdeab1662" executionId="9bbbc510-f2c8-4a84-83ce-74f28e793a8c" testListId="8c84fa94-04c1-424b-9868-57a2d4851a1d" />
    <TestEntry testId="a8c6d357-9bd4-90e7-3052-154af12d5214" executionId="57184cbb-d70e-4d78-8ff3-0fd3cb383c45" testListId="8c84fa94-04c1-424b-9868-57a2d4851a1d" />
    <TestEntry testId="d1b70385-04c2-cb15-eb68-ed7808637e91" executionId="216d2b5b-80d6-4f46-b4f4-40abd7250a69" testListId="8c84fa94-04c1-424b-9868-57a2d4851a1d" />
    <TestEntry testId="bdac3447-5b88-6f67-9bb3-b025db5d54d8" executionId="d7f73bed-e325-4591-9424-afc5ca0bbe0d" testListId="8c84fa94-04c1-424b-9868-57a2d4851a1d" />
    <TestEntry testId="d3ef6dfa-081d-4de2-a6cd-a3c893ded389" executionId="d08df3f7-183e-4e0d-a81d-620622198588" testListId="8c84fa94-04c1-424b-9868-57a2d4851a1d" />
    <TestEntry testId="4b876293-d94b-3bc3-f346-cfaa8b1b09ca" executionId="3769ddb9-77a2-45e3-b0f7-f57fea7a9d77" testListId="8c84fa94-04c1-424b-9868-57a2d4851a1d" />
    <TestEntry testId="85d5cf81-88b8-8a39-24f3-571b195e4e30" executionId="50ec7dac-822a-423f-aef1-fe2187c18a61" testListId="8c84fa94-04c1-424b-9868-57a2d4851a1d" />
    <TestEntry testId="0afaa97b-e592-1dad-733c-aba23d3cabdd" executionId="654de7af-ca08-44d7-9d5b-a34ff5c31949" testListId="8c84fa94-04c1-424b-9868-57a2d4851a1d" />
    <TestEntry testId="dad9e442-1e4c-71ee-43ff-d0a63d3180dd" executionId="5b7fc4f8-dfa4-4449-a114-9851f3c59758" testListId="8c84fa94-04c1-424b-9868-57a2d4851a1d" />
    <TestEntry testId="597f924b-0dc5-7629-2ee8-73bc9df86572" executionId="6cea705a-267c-4669-a384-eab2f048d1b6" testListId="8c84fa94-04c1-424b-9868-57a2d4851a1d" />
    <TestEntry testId="27d8dc5a-fca6-1d11-6ef7-324f07d5520e" executionId="5946327d-4b1e-4435-8396-e8efa32c40e3" testListId="8c84fa94-04c1-424b-9868-57a2d4851a1d" />
    <TestEntry testId="41f3d23c-90af-f515-1fc2-617f92d9efb3" executionId="5721c528-25dd-4474-b10c-4199d2e452c6" testListId="8c84fa94-04c1-424b-9868-57a2d4851a1d" />
    <TestEntry testId="6e54d9bd-9f5e-a5b0-8846-3a1b05b20b91" executionId="22a095c6-a9e9-4ef3-ba03-ca9ea0c0eef4" testListId="8c84fa94-04c1-424b-9868-57a2d4851a1d" />
    <TestEntry testId="26090ae6-acd9-f6a1-d768-fbb125454b32" executionId="a4a74e05-dfa8-4a1a-a382-9fc83ef941e5" testListId="8c84fa94-04c1-424b-9868-57a2d4851a1d" />
    <TestEntry testId="2c822ef1-1395-7cda-291d-344d8d31db59" executionId="15aba6e9-6fe1-4bba-9cf8-8810bb4c6862" testListId="8c84fa94-04c1-424b-9868-57a2d4851a1d" />
    <TestEntry testId="b9da435c-da37-8369-1198-6850f0055e80" executionId="8603cf6b-2f53-4974-8f5c-cbc499a7a3ef" testListId="8c84fa94-04c1-424b-9868-57a2d4851a1d" />
    <TestEntry testId="5163df88-21b9-cd43-e474-d06fcb43e8b5" executionId="a3b6b654-f8a0-43dc-b55d-3f62e5a23ddc" testListId="8c84fa94-04c1-424b-9868-57a2d4851a1d" />
    <TestEntry testId="e9e130b8-bf23-b07b-5c85-7d85091a0fb0" executionId="6f349723-94bc-416f-940c-715701be3200" testListId="8c84fa94-04c1-424b-9868-57a2d4851a1d" />
    <TestEntry testId="882baea3-3b58-f28b-d966-5be112fb2d06" executionId="9e6e5e9d-4cfd-4469-a27c-cdf22d58894e" testListId="8c84fa94-04c1-424b-9868-57a2d4851a1d" />
    <TestEntry testId="aef319bc-a678-2d65-dee8-ea9d6da6d629" executionId="b4f192d3-478a-46c3-9ae7-d3d29262c34a" testListId="8c84fa94-04c1-424b-9868-57a2d4851a1d" />
    <TestEntry testId="4fa5d56d-ff77-21f8-9173-fc6cbde2ca59" executionId="93d5d22b-431b-49fa-8c90-25ba1d260827" testListId="8c84fa94-04c1-424b-9868-57a2d4851a1d" />
[...]
      ALTER TABLE "Quotes" ADD "IsDeleted" INTEGER NOT NULL DEFAULT 0;&#xD;
info: Microsoft.EntityFrameworkCore.Database.Command[20101]&#xD;
      Executed DbCommand (0ms) [Parameters=[], CommandType='Text', CommandTimeout='30']&#xD;
      CREATE TABLE "Users" (&#xD;
          "Id" INTEGER NOT NULL CONSTRAINT "PK_Users" PRIMARY KEY AUTOINCREMENT,&#xD;
          "Email" TEXT NOT NULL,&#xD;
          "PasswordHash" TEXT NOT NULL&#xD;
      );&#xD;
info: Microsoft.EntityFrameworkCore.Database.Command[20101]&#xD;
      Executed DbCommand (0ms) [Parameters=[], CommandType='Text', CommandTimeout='30']&#xD;
      INSERT INTO "__EFMigrationsHistory" ("MigrationId", "ProductVersion")&#xD;
      VALUES ('20260811073134_AddUsersTable', '10.0.10');&#xD;
info: Microsoft.EntityFrameworkCore.Migrations[20402]&#xD;
      Applying migration '20260811092056_AddRefreshTokens'.&#xD;
info: Microsoft.EntityFrameworkCore.Database.Command[20101]&#xD;
      Executed DbCommand (0ms) [Parameters=[], CommandType='Text', CommandTimeout='30']&#xD;
      CREATE TABLE "RefreshTokens" (&#xD;
          "Id" INTEGER NOT NULL CONSTRAINT "PK_RefreshTokens" PRIMARY KEY AUTOINCREMENT,&#xD;
          "TokenHash" TEXT NOT NULL,&#xD;
          "UserId" INTEGER NOT NULL,&#xD;
          "ExpiresAt" TEXT NOT NULL,&#xD;
          "RevokedAt" TEXT NULL,&#xD;
          "ReplacedByTokenHash" TEXT NULL,&#xD;
          "FamilyId" TEXT NOT NULL,&#xD;
          CONSTRAINT "FK_RefreshTokens_Users_UserId" FOREIGN KEY ("UserId") REFERENCES "Users" ("Id") ON DELETE CASCADE&#xD;
      );&#xD;
info: Microsoft.EntityFrameworkCore.Database.Command[20101]&#xD;
      Executed DbCommand (0ms) [Parameters=[], CommandType='Text', CommandTimeout='30']&#xD;
      CREATE INDEX "IX_RefreshTokens_UserId" ON "RefreshTokens" ("UserId");&#xD;
info: Microsoft.EntityFrameworkCore.Database.Command[20101]&#xD;
      Executed DbCommand (0ms) [Parameters=[], CommandType='Text', CommandTimeout='30']&#xD;
      INSERT INTO "__EFMigrationsHistory" ("MigrationId", "ProductVersion")&#xD;
      VALUES ('20260811092056_AddRefreshTokens', '10.0.10');&#xD;
info: Microsoft.EntityFrameworkCore.Migrations[20402]&#xD;
      Applying migration '20260812063836_AddQuoteOwner'.&#xD;
info: Microsoft.EntityFrameworkCore.Database.Command[20101]&#xD;
      Executed DbCommand (0ms) [Parameters=[], CommandType='Text', CommandTimeout='30']&#xD;
      ALTER TABLE "Quotes" ADD "OwnerId" TEXT NULL;&#xD;
info: Microsoft.EntityFrameworkCore.Database.Command[20101]&#xD;
      Executed DbCommand (0ms) [Parameters=[], CommandType='Text', CommandTimeout='30']&#xD;
      INSERT INTO "__EFMigrationsHistory" ("MigrationId", "ProductVersion")&#xD;
      VALUES ('20260812063836_AddQuoteOwner', '10.0.10');&#xD;
info: Microsoft.EntityFrameworkCore.Database.Command[20101]&#xD;
      Executed DbCommand (1ms) [Parameters=[], CommandType='Text', CommandTimeout='30']&#xD;
      DELETE FROM "__EFMigrationsLock";&#xD;
info: Microsoft.EntityFrameworkCore.Database.Command[20101]&#xD;
      Executed DbCommand (0ms) [Parameters=[], CommandType='Text', CommandTimeout='30']&#xD;
      SELECT EXISTS (&#xD;
          SELECT 1&#xD;
          FROM "Users" AS "u")&#xD;
info: Microsoft.EntityFrameworkCore.Database.Command[20101]&#xD;
      Executed DbCommand (0ms) [Parameters=[@p0='?' (Size = 17), @p1='?' (Size = 60)], CommandType='Text', CommandTimeout='30']&#xD;
      INSERT INTO "Users" ("Email", "PasswordHash")&#xD;
      VALUES (@p0, @p1)&#xD;
      RETURNING "Id";&#xD;
info: Microsoft.Hosting.Lifetime[0]&#xD;
      Application started. Press Ctrl+C to shut down.&#xD;
info: Microsoft.Hosting.Lifetime[0]&#xD;
      Hosting environment: Development&#xD;
info: Microsoft.Hosting.Lifetime[0]&#xD;
      Content root path: C:\ThinkSchool\ThinkSchool_Khushi_Jain\QuotesApi&#xD;
info: Microsoft.EntityFrameworkCore.Database.Command[20101]&#xD;
      Executed DbCommand (0ms) [Parameters=[@tokenHash='?' (Size = 64)], CommandType='Text', CommandTimeout='30']&#xD;
      SELECT "r"."Id", "r"."ExpiresAt", "r"."FamilyId", "r"."ReplacedByTokenHash", "r"."RevokedAt", "r"."TokenHash", "r"."UserId"&#xD;
      FROM "RefreshTokens" AS "r"&#xD;
      WHERE "r"."TokenHash" = @tokenHash&#xD;
      LIMIT 1&#xD;
info: Microsoft.Hosting.Lifetime[0]&#xD;
      Application is shutting down...&#xD;
info: Microsoft.EntityFrameworkCore.Database.Command[20101]&#xD;
      Executed DbCommand (4ms) [Parameters=[], CommandType='Text', CommandTimeout='30']&#xD;
      PRAGMA journal_mode = 'wal';&#xD;
info: Microsoft.EntityFrameworkCore.Migrations[20411]&#xD;
      Acquiring an exclusive lock for migration application. See https://aka.ms/efcore-docs-migrations-lock for more information if this takes too long.&#xD;
info: Microsoft.EntityFrameworkCore.Database.Command[20101]&#xD;
      Executed DbCommand (1ms) [Parameters=[], CommandType='Text', CommandTimeout='30']&#xD;
      SELECT COUNT(*) FROM "sqlite_master" WHERE "name" = '__EFMigrationsLock' AND "type" = 'table';&#xD;
info: Microsoft.EntityFrameworkCore.Database.Command[20101]&#xD;
      Executed DbCommand (4ms) [Parameters=[], CommandType='Text', CommandTimeout='30']&#xD;
      CREATE TABLE IF NOT EXISTS "__EFMigrationsLock" (&#xD;
          "Id" INTEGER NOT NULL CONSTRAINT "PK___EFMigrationsLock" PRIMARY KEY,&#xD;
          "Timestamp" TEXT NOT NULL&#xD;
      );&#xD;
info: Microsoft.EntityFrameworkCore.Database.Command[20101]&#xD;
      Executed DbCommand (2ms) [Parameters=[], CommandType='Text', CommandTimeout='30']&#xD;
      INSERT OR IGNORE INTO "__EFMigrationsLock"("Id", "Timestamp") VALUES(1, '2026-08-13 06:11:47.8134966+00:00');&#xD;
      SELECT changes();&#xD;
info: Microsoft.EntityFrameworkCore.Database.Command[20101]&#xD;
      Executed DbCommand (0ms) [Parameters=[], CommandType='Text', CommandTimeout='30']&#xD;
      CREATE TABLE IF NOT EXISTS "__EFMigrationsHistory" (&#xD;
          "MigrationId" TEXT NOT NULL CONSTRAINT "PK___EFMigrationsHistory" PRIMARY KEY,&#xD;
          "ProductVersion" TEXT NOT NULL&#xD;
      );&#xD;
info: Microsoft.EntityFrameworkCore.Database.Command[20101]&#xD;
      Executed DbCommand (0ms) [Parameters=[], CommandType='Text', CommandTimeout='30']&#xD;
      SELECT COUNT(*) FROM "sqlite_master" WHERE "name" = '__EFMigrationsHistory' AND "type" = 'table';&#xD;
info: Microsoft.EntityFrameworkCore.Database.Command[20101]&#xD;
      Executed DbCommand (0ms) [Parameters=[], CommandType='Text', CommandTimeout='30']&#xD;
      SELECT "MigrationId", "ProductVersion"&#xD;
      FROM "__EFMigrationsHistory"&#xD;
      ORDER BY "MigrationId";&#xD;
info: Microsoft.EntityFrameworkCore.Migrations[20402]&#xD;
      Applying migration '20260810090959_InitialCreate'.&#xD;
info: Microsoft.EntityFrameworkCore.Database.Command[20101]&#xD;
      Executed DbCommand (0ms) [Parameters=[], CommandType='Text', CommandTimeout='30']&#xD;
      CREATE TABLE "Quotes" (&#xD;
          "Id" INTEGER NOT NULL CONSTRAINT "PK_Quotes" PRIMARY KEY AUTOINCREMENT,&#xD;
          "Author" TEXT NOT NULL,&#xD;
          "Text" TEXT NOT NULL&#xD;
      );&#xD;
info: Microsoft.EntityFrameworkCore.Database.Command[20101]&#xD;
      Executed DbCommand (0ms) [Parameters=[], CommandType='Text', CommandTimeout='30']&#xD;
      INSERT INTO "__EFMigrationsHistory" ("MigrationId", "ProductVersion")&#xD;
      VALUES ('20260810090959_InitialCreate', '10.0.10');&#xD;
info: Microsoft.EntityFrameworkCore.Migrations[20402]&#xD;
      Applying migration '20260811073134_AddUsersTable'.&#xD;
info: Microsoft.EntityFrameworkCore.Database.Command[20101]&#xD;
      Executed DbCommand (0ms) [Parameters=[], CommandType='Text', CommandTimeout='30']&#xD;
      ALTER TABLE "Quotes" ADD "IsDeleted" INTEGER NOT NULL DEFAULT 0;&#xD;
info: Microsoft.EntityFrameworkCore.Database.Command[20101]&#xD;
      Executed DbCommand (0ms) [Parameters=[], CommandType='Text', CommandTimeout='30']&#xD;
      CREATE TABLE "Users" (&#xD;
          "Id" INTEGER NOT NULL CONSTRAINT "PK_Users" PRIMARY KEY AUTOINCREMENT,&#xD;
          "Email" TEXT NOT NULL,&#xD;
          "PasswordHash" TEXT NOT NULL&#xD;
      );&#xD;
info: Microsoft.EntityFrameworkCore.Database.Command[20101]&#xD;
      Executed DbCommand (0ms) [Parameters=[], CommandType='Text', CommandTimeout='30']&#xD;
      INSERT INTO "__EFMigrationsHistory" ("MigrationId", "ProductVersion")&#xD;
      VALUES ('20260811073134_AddUsersTable', '10.0.10');&#xD;
info: Microsoft.EntityFrameworkCore.Migrations[20402]&#xD;
      Applying migration '20260811092056_AddRefreshTokens'.&#xD;
info: Microsoft.EntityFrameworkCore.Database.Command[20101]&#xD;
      Executed DbCommand (0ms) [Parameters=[], CommandType='Text', CommandTimeout='30']&#xD;
      CREATE TABLE "RefreshTokens" (&#xD;
          "Id" INTEGER NOT NULL CONSTRAINT "PK_RefreshTokens" PRIMARY KEY AUTOINCREMENT,&#xD;
          "TokenHash" TEXT NOT NULL,&#xD;
          "UserId" INTEGER NOT NULL,&#xD;
          "ExpiresAt" TEXT NOT NULL,&#xD;
          "RevokedAt" TEXT NULL,&#xD;
          "ReplacedByTokenHash" TEXT NULL,&#xD;
          "FamilyId" TEXT NOT NULL,&#xD;
          CONSTRAINT "FK_RefreshTokens_Users_UserId" FOREIGN KEY ("UserId") REFERENCES "Users" ("Id") ON DELETE CASCADE&#xD;
      );&#xD;
info: Microsoft.EntityFrameworkCore.Database.Command[20101]&#xD;
      Executed DbCommand (0ms) [Parameters=[], CommandType='Text', CommandTimeout='30']&#xD;
      CREATE INDEX "IX_RefreshTokens_UserId" ON "RefreshTokens" ("UserId");&#xD;
info: Microsoft.EntityFrameworkCore.Database.Command[20101]&#xD;
      Executed DbCommand (0ms) [Parameters=[], CommandType='Text', CommandTimeout='30']&#xD;
      INSERT INTO "__EFMigrationsHistory" ("MigrationId", "ProductVersion")&#xD;
      VALUES ('20260811092056_AddRefreshTokens', '10.0.10');&#xD;
info: Microsoft.EntityFrameworkCore.Migrations[20402]&#xD;
      Applying migration '20260812063836_AddQuoteOwner'.&#xD;
info: Microsoft.EntityFrameworkCore.Database.Command[20101]&#xD;
      Executed DbCommand (0ms) [Parameters=[], CommandType='Text', CommandTimeout='30']&#xD;
      ALTER TABLE "Quotes" ADD "OwnerId" TEXT NULL;&#xD;
info: Microsoft.EntityFrameworkCore.Database.Command[20101]&#xD;
      Executed DbCommand (0ms) [Parameters=[], CommandType='Text', CommandTimeout='30']&#xD;
      INSERT INTO "__EFMigrationsHistory" ("MigrationId", "ProductVersion")&#xD;
      VALUES ('20260812063836_AddQuoteOwner', '10.0.10');&#xD;
info: Microsoft.EntityFrameworkCore.Database.Command[20101]&#xD;
      Executed DbCommand (1ms) [Parameters=[], CommandType='Text', CommandTimeout='30']&#xD;
      DELETE FROM "__EFMigrationsLock";&#xD;
info: Microsoft.EntityFrameworkCore.Database.Command[20101]&#xD;
      Executed DbCommand (0ms) [Parameters=[], CommandType='Text', CommandTimeout='30']&#xD;
      SELECT EXISTS (&#xD;
          SELECT 1&#xD;
          FROM "Users" AS "u")&#xD;
info: Microsoft.EntityFrameworkCore.Database.Command[20101]&#xD;
      Executed DbCommand (0ms) [Parameters=[@p0='?' (Size = 17), @p1='?' (Size = 60)], CommandType='Text', CommandTimeout='30']&#xD;
      INSERT INTO "Users" ("Email", "PasswordHash")&#xD;
      VALUES (@p0, @p1)&#xD;
      RETURNING "Id";&#xD;
info: Microsoft.Hosting.Lifetime[0]&#xD;
      Application started. Press Ctrl+C to shut down.&#xD;
info: Microsoft.Hosting.Lifetime[0]&#xD;
      Hosting environment: Development&#xD;
info: Microsoft.Hosting.Lifetime[0]&#xD;
      Content root path: C:\ThinkSchool\ThinkSchool_Khushi_Jain\QuotesApi&#xD;
info: Microsoft.EntityFrameworkCore.Database.Command[20101]&#xD;
      Executed DbCommand (0ms) [Parameters=[@id='?' (DbType = Int32)], CommandType='Text', CommandTimeout='30']&#xD;
      SELECT "q"."Id", "q"."Author", "q"."IsDeleted", "q"."OwnerId", "q"."Text"&#xD;
      FROM "Quotes" AS "q"&#xD;
      WHERE NOT ("q"."IsDeleted") AND "q"."Id" = @id&#xD;
      LIMIT 1&#xD;
info: Microsoft.Hosting.Lifetime[0]&#xD;
      Application is shutting down...&#xD;
info: Microsoft.EntityFrameworkCore.Database.Command[20101]&#xD;
      Executed DbCommand (6ms) [Parameters=[], CommandType='Text', CommandTimeout='30']&#xD;
      PRAGMA journal_mode = 'wal';&#xD;
info: Microsoft.EntityFrameworkCore.Migrations[20411]&#xD;
      Acquiring an exclusive lock for migration application. See https://aka.ms/efcore-docs-migrations-lock for more information if this takes too long.&#xD;
info: Microsoft.EntityFrameworkCore.Database.Command[20101]&#xD;
      Executed DbCommand (2ms) [Parameters=[], CommandType='Text', CommandTimeout='30']&#xD;
      SELECT COUNT(*) FROM "sqlite_master" WHERE "name" = '__EFMigrationsLock' AND "type" = 'table';&#xD;
info: Microsoft.EntityFrameworkCore.Database.Command[20101]&#xD;
      Executed DbCommand (4ms) [Parameters=[], CommandType='Text', CommandTimeout='30']&#xD;
      CREATE TABLE IF NOT EXISTS "__EFMigrationsLock" (&#xD;
          "Id" INTEGER NOT NULL CONSTRAINT "PK___EFMigrationsLock" PRIMARY KEY,&#xD;
          "Timestamp" TEXT NOT NULL&#xD;
      );&#xD;
info: Microsoft.EntityFrameworkCore.Database.Command[20101]&#xD;
      Executed DbCommand (1ms) [Parameters=[], CommandType='Text', CommandTimeout='30']&#xD;
      INSERT OR IGNORE INTO "__EFMigrationsLock"("Id", "Timestamp") VALUES(1, '2026-08-13 06:11:48.118191+00:00');&#xD;
      SELECT changes();&#xD;
info: Microsoft.EntityFrameworkCore.Database.Command[20101]&#xD;
      Executed DbCommand (0ms) [Parameters=[], CommandType='Text', CommandTimeout='30']&#xD;
      CREATE TABLE IF NOT EXISTS "__EFMigrationsHistory" (&#xD;
          "MigrationId" TEXT NOT NULL CONSTRAINT "PK___EFMigrationsHistory" PRIMARY KEY,&#xD;
          "ProductVersion" TEXT NOT NULL&#xD;
      );&#xD;
info: Microsoft.EntityFrameworkCore.Database.Command[20101]&#xD;
      Executed DbCommand (0ms) [Parameters=[], CommandType='Text', CommandTimeout='30']&#xD;
      SELECT COUNT(*) FROM "sqlite_master" WHERE "name" = '__EFMigrationsHistory' AND "type" = 'table';&#xD;
info: Microsoft.EntityFrameworkCore.Database.Command[20101]&#xD;
      Executed DbCommand (0ms) [Parameters=[], CommandType='Text', CommandTimeout='30']&#xD;
      SELECT "MigrationId", "ProductVersion"&#xD;
      FROM "__EFMigrationsHistory"&#xD;
      ORDER BY "MigrationId";&#xD;
info: Microsoft.EntityFrameworkCore.Migrations[20402]&#xD;
      Applying migration '20260810090959_InitialCreate'.&#xD;
info: Microsoft.EntityFrameworkCore.Database.Command[20101]&#xD;
      Executed DbCommand (0ms) [Parameters=[], CommandType='Text', CommandTimeout='30']&#xD;
      CREATE TABLE "Quotes" (&#xD;
          "Id" INTEGER NOT NULL CONSTRAINT "PK_Quotes" PRIMARY KEY AUTOINCREMENT,&#xD;
          "Author" TEXT NOT NULL,&#xD;
          "Text" TEXT NOT NULL&#xD;
      );&#xD;
info: Microsoft.EntityFrameworkCore.Database.Command[20101]&#xD;
      Executed DbCommand (0ms) [Parameters=[], CommandType='Text', CommandTimeout='30']&#xD;
      INSERT INTO "__EFMigrationsHistory" ("MigrationId", "ProductVersion")&#xD;
      VALUES ('20260810090959_InitialCreate', '10.0.10');&#xD;
info: Microsoft.EntityFrameworkCore.Migrations[20402]&#xD;
      Applying migration '20260811073134_AddUsersTable'.&#xD;
info: Microsoft.EntityFrameworkCore.Database.Command[20101]&#xD;
      Executed DbCommand (0ms) [Parameters=[], CommandType='Text', CommandTimeout='30']&#xD;
      ALTER TABLE "Quotes" ADD "IsDeleted" INTEGER NOT NULL DEFAULT 0;&#xD;
info: Microsoft.EntityFrameworkCore.Database.Command[20101]&#xD;
      Executed DbCommand (0ms) [Parameters=[], CommandType='Text', CommandTimeout='30']&#xD;
      CREATE TABLE "Users" (&#xD;
          "Id" INTEGER NOT NULL CONSTRAINT "PK_Users" PRIMARY KEY AUTOINCREMENT,&#xD;
          "Email" TEXT NOT NULL,&#xD;
          "PasswordHash" TEXT NOT NULL&#xD;
      );&#xD;
info: Microsoft.EntityFrameworkCore.Database.Command[20101]&#xD;
      Executed DbCommand (0ms) [Parameters=[], CommandType='Text', CommandTimeout='30']&#xD;
      INSERT INTO "__EFMigrationsHistory" ("MigrationId", "ProductVersion")&#xD;
      VALUES ('20260811073134_AddUsersTable', '10.0.10');&#xD;
info: Microsoft.EntityFrameworkCore.Migrations[20402]&#xD;
      Applying migration '20260811092056_AddRefreshTokens'.&#xD;
info: Microsoft.EntityFrameworkCore.Database.Command[20101]&#xD;
      Executed DbCommand (0ms) [Parameters=[], CommandType='Text', CommandTimeout='30']&#xD;
      CREATE TABLE "RefreshTokens" (&#xD;
          "Id" INTEGER NOT NULL CONSTRAINT "PK_RefreshTokens" PRIMARY KEY AUTOINCREMENT,&#xD;
          "TokenHash" TEXT NOT NULL,&#xD;
          "UserId" INTEGER NOT NULL,&#xD;
          "ExpiresAt" TEXT NOT NULL,&#xD;
          "RevokedAt" TEXT NULL,&#xD;
          "ReplacedByTokenHash" TEXT NULL,&#xD;
          "FamilyId" TEXT NOT NULL,&#xD;
          CONSTRAINT "FK_RefreshTokens_Users_UserId" FOREIGN KEY ("UserId") REFERENCES "Users" ("Id") ON DELETE CASCADE&#xD;
      );&#xD;
info: Microsoft.EntityFrameworkCore.Database.Command[20101]&#xD;
      Executed DbCommand (0ms) [Parameters=[], CommandType='Text', CommandTimeout='30']&#xD;
      CREATE INDEX "IX_RefreshTokens_UserId" ON "RefreshTokens" ("UserId");&#xD;
info: Microsoft.EntityFrameworkCore.Database.Command[20101]&#xD;
      Executed DbCommand (0ms) [Parameters=[], CommandType='Text', CommandTimeout='30']&#xD;
      INSERT INTO "__EFMigrationsHistory" ("MigrationId", "ProductVersion")&#xD;
      VALUES ('20260811092056_AddRefreshTokens', '10.0.10');&#xD;
info: Microsoft.EntityFrameworkCore.Migrations[20402]&#xD;
      Applying migration '20260812063836_AddQuoteOwner'.&#xD;
info: Microsoft.EntityFrameworkCore.Database.Command[20101]&#xD;
      Executed DbCommand (0ms) [Parameters=[], CommandType='Text', CommandTimeout='30']&#xD;
      ALTER TABLE "Quotes" ADD "OwnerId" TEXT NULL;&#xD;
info: Microsoft.EntityFrameworkCore.Database.Command[20101]&#xD;
      Executed DbCommand (0ms) [Parameters=[], CommandType='Text', CommandTimeout='30']&#xD;
      INSERT INTO "__EFMigrationsHistory" ("MigrationId", "ProductVersion")&#xD;
      VALUES ('20260812063836_AddQuoteOwner', '10.0.10');&#xD;
info: Microsoft.EntityFrameworkCore.Database.Command[20101]&#xD;
      Executed DbCommand (1ms) [Parameters=[], CommandType='Text', CommandTimeout='30']&#xD;
      DELETE FROM "__EFMigrationsLock";&#xD;
info: Microsoft.EntityFrameworkCore.Database.Command[20101]&#xD;
      Executed DbCommand (0ms) [Parameters=[], CommandType='Text', CommandTimeout='30']&#xD;
      SELECT EXISTS (&#xD;
          SELECT 1&#xD;
          FROM "Users" AS "u")&#xD;
info: Microsoft.EntityFrameworkCore.Database.Command[20101]&#xD;
      Executed DbCommand (0ms) [Parameters=[@p0='?' (Size = 17), @p1='?' (Size = 60)], CommandType='Text', CommandTimeout='30']&#xD;
      INSERT INTO "Users" ("Email", "PasswordHash")&#xD;
      VALUES (@p0, @p1)&#xD;
      RETURNING "Id";&#xD;
info: Microsoft.Hosting.Lifetime[0]&#xD;
      Application started. Press Ctrl+C to shut down.&#xD;
info: Microsoft.Hosting.Lifetime[0]&#xD;
      Hosting environment: Development&#xD;
info: Microsoft.Hosting.Lifetime[0]&#xD;
      Content root path: C:\ThinkSchool\ThinkSchool_Khushi_Jain\QuotesApi&#xD;
info: Microsoft.EntityFrameworkCore.Database.Command[20101]&#xD;
      Executed DbCommand (0ms) [Parameters=[@request_Email='?' (Size = 17)], CommandType='Text', CommandTimeout='30']&#xD;
      SELECT "u"."Id", "u"."Email", "u"."PasswordHash"&#xD;
      FROM "Users" AS "u"&#xD;
      WHERE "u"."Email" = @request_Email&#xD;
      LIMIT 1&#xD;
info: Microsoft.Hosting.Lifetime[0]&#xD;
      Application is shutting down...&#xD;
[xUnit.net 00:00:10.84]   Finished:    QuotesApi.Tests&#xD;
</StdOut>
    </Output>
    <CollectorDataEntries>
      <Collector agentName="ASUS" uri="datacollector://microsoft/CoverletCodeCoverage/1.0" collectorDisplayName="XPlat code coverage">
        <UriAttachments>
          <UriAttachment>
            <A href="ASUS\coverage.cobertura.xml"></A>
          </UriAttachment>
        </UriAttachments>
      </Collector>
    </CollectorDataEntries>
  </ResultSummary>
</TestRun>